This is pdfTeX, Version 3.1415926-2.3-1.40.12 (MiKTeX 2.9 64-bit) (preloaded format=pdftex 2014.10.25)  4 MAY 2016 13:04
entering extended mode
**C:/Users/Elizabeth/Documents/GitHub/PHY480/Project4/Presentation/mybib.bib
(C:/Users/Elizabeth/Documents/GitHub/PHY480/Project4/Presentation/mybib.bib
! Undefined control sequence.
l.2 	howpublished = "\url
                         {http://hyperphysics.phy-astr.gsu.edu/hbase/magneti...

? 

Overfull \hbox (9.49606pt too wide) in paragraph at lines 1--7
[]\tenrm @MISCmagma, how-pub-lished = "http://hyperphysics.phy-astr.gsu.edu/hba
se/magnetic/magearth.html",|

\hbox(7.5+2.5)x469.75499, glue set - 1.0
.\hbox(0.0+0.0)x20.0
.\tenrm @
.\tenrm M
.\tenrm I
.\tenrm S
.etc.

! Undefined control sequence.
l.98     howpublished = "\url
                             {http://www.wolfram.com}"
? 
)
*
(Please type a command or say `\end')
*
(Please type a command or say `\end')
*\end
[1{C:/ProgramData/MiKTeX/2.9/pdftex/config/pdftex.map}]<C:/Program Files/MiKTeX
 2.9/fonts/type1/public/amsfonts/cm/cmr10.pfb>
Output written on mybib.pdf (1 page, 26814 bytes).
PDF statistics:
 10 PDF objects out of 1000 (max. 8388607)
 0 named destinations out of 1000 (max. 500000)
 1 words of extra memory for PDF output out of 10000 (max. 10000000)

