This is pdfTeX, Version 3.1415926-2.3-1.40.12 (MiKTeX 2.9 64-bit) (preloaded format=pdflatex 2013.4.23)  5 MAY 2016 08:49
entering extended mode
**C:/Users/Elizabeth/Documents/GitHub/PHY480/Project4/Presentation/Presentation
.tex

(C:/Users/Elizabeth/Documents/GitHub/PHY480/Project4/Presentation/Presentation.
tex
LaTeX2e <2011/06/27>
Babel <v3.8m> and hyphenation patterns for english, afrikaans, ancientgreek, ar
abic, armenian, assamese, basque, bengali, bokmal, bulgarian, catalan, coptic, 
croatian, czech, danish, dutch, esperanto, estonian, farsi, finnish, french, ga
lician, german, german-x-2009-06-19, greek, gujarati, hindi, hungarian, iceland
ic, indonesian, interlingua, irish, italian, kannada, kurmanji, lao, latin, lat
vian, lithuanian, malayalam, marathi, mongolian, mongolianlmc, monogreek, ngerm
an, ngerman-x-2009-06-19, nynorsk, oriya, panjabi, pinyin, polish, portuguese, 
romanian, russian, sanskrit, serbian, slovak, slovenian, spanish, swedish, swis
sgerman, tamil, telugu, turkish, turkmen, ukenglish, ukrainian, uppersorbian, u
senglishmax, welsh, loaded.
("C:\Program Files\MiKTeX 2.9\tex\latex\beamer\base\beamer.cls"
("C:\Program Files\MiKTeX 2.9\tex\latex\beamer\base\beamerbasercs.sty"
Package: beamerbasercs 2015/03/08 (rcs-revision 368aa9ba9d38)
)
Document Class: beamer 2015/01/05 3.36 A class for typesetting presentations (r
cs-revision 8a39122e1f63)
("C:\Program Files\MiKTeX 2.9\tex\latex\beamer\base\beamerbasemodes.sty"
Package: beamerbasemodes 2013/09/03 (rcs-revision 768f2d98ca64)
\beamer@tempbox=\box26
\beamer@tempcount=\count79
\c@beamerpauses=\count80

("C:\Program Files\MiKTeX 2.9\tex\latex\beamer\base\beamerbasedecode.sty"
Package: beamerbasedecode 2010/05/01 (rcs-revision efa082c6111d)
\beamer@slideinframe=\count81
\beamer@minimum=\count82
)
\beamer@commentbox=\box27
\beamer@modecount=\count83
)
("C:\Program Files\MiKTeX 2.9\tex\generic\oberdiek\ifpdf.sty"
Package: ifpdf 2011/01/30 v2.3 Provides the ifpdf switch (HO)
Package ifpdf Info: pdfTeX in PDF mode is detected.
)
\headheight=\dimen102
\headdp=\dimen103
\footheight=\dimen104
\sidebarheight=\dimen105
\beamer@tempdim=\dimen106
\beamer@finalheight=\dimen107
\beamer@animht=\dimen108
\beamer@animdp=\dimen109
\beamer@animwd=\dimen110
\beamer@leftmargin=\dimen111
\beamer@rightmargin=\dimen112
\beamer@leftsidebar=\dimen113
\beamer@rightsidebar=\dimen114
\beamer@boxsize=\dimen115
\beamer@vboxoffset=\dimen116
\beamer@descdefault=\dimen117
\beamer@descriptionwidth=\dimen118
\beamer@lastskip=\skip41
\beamer@areabox=\box28
\beamer@animcurrent=\box29
\beamer@animshowbox=\box30
\beamer@sectionbox=\box31
\beamer@logobox=\box32
\beamer@linebox=\box33
\beamer@sectioncount=\count84
\beamer@subsubsectionmax=\count85
\beamer@subsectionmax=\count86
\beamer@sectionmax=\count87
\beamer@totalheads=\count88
\beamer@headcounter=\count89
\beamer@partstartpage=\count90
\beamer@sectionstartpage=\count91
\beamer@subsectionstartpage=\count92
\beamer@animationtempa=\count93
\beamer@animationtempb=\count94
\beamer@xpos=\count95
\beamer@ypos=\count96
\beamer@showpartnumber=\count97
\beamer@currentsubsection=\count98
\beamer@coveringdepth=\count99
\beamer@sectionadjust=\count100
\beamer@tocsectionnumber=\count101

("C:\Program Files\MiKTeX 2.9\tex\latex\beamer\base\beamerbaseoptions.sty"
Package: beamerbaseoptions 2013/03/10 (rcs-revision 47431932db0d)

("C:\Program Files\MiKTeX 2.9\tex\latex\graphics\keyval.sty"
Package: keyval 1999/03/16 v1.13 key=value parser (DPC)
\KV@toks@=\toks14
))
\beamer@paperwidth=\skip42
\beamer@paperheight=\skip43

("C:\Program Files\MiKTeX 2.9\tex\latex\geometry\geometry.sty"
Package: geometry 2010/09/12 v5.6 Page Geometry

("C:\Program Files\MiKTeX 2.9\tex\generic\oberdiek\ifvtex.sty"
Package: ifvtex 2010/03/01 v1.5 Detect VTeX and its facilities (HO)
Package ifvtex Info: VTeX not detected.
)
("C:\Program Files\MiKTeX 2.9\tex\generic\ifxetex\ifxetex.sty"
Package: ifxetex 2010/09/12 v0.6 Provides ifxetex conditional
)
\Gm@cnth=\count102
\Gm@cntv=\count103
\c@Gm@tempcnt=\count104
\Gm@bindingoffset=\dimen119
\Gm@wd@mp=\dimen120
\Gm@odd@mp=\dimen121
\Gm@even@mp=\dimen122
\Gm@layoutwidth=\dimen123
\Gm@layoutheight=\dimen124
\Gm@layouthoffset=\dimen125
\Gm@layoutvoffset=\dimen126
\Gm@dimlist=\toks15

("C:\Program Files\MiKTeX 2.9\tex\latex\geometry\geometry.cfg"))
("C:\Program Files\MiKTeX 2.9\tex\latex\base\size11.clo"
File: size11.clo 2007/10/19 v1.4h Standard LaTeX file (size option)
)
("C:\Program Files\MiKTeX 2.9\tex\latex\pgf\basiclayer\pgfcore.sty"
("C:\Program Files\MiKTeX 2.9\tex\latex\graphics\graphicx.sty"
Package: graphicx 1999/02/16 v1.0f Enhanced LaTeX Graphics (DPC,SPQR)

("C:\Program Files\MiKTeX 2.9\tex\latex\graphics\graphics.sty"
Package: graphics 2009/02/05 v1.0o Standard LaTeX Graphics (DPC,SPQR)

("C:\Program Files\MiKTeX 2.9\tex\latex\graphics\trig.sty"
Package: trig 1999/03/16 v1.09 sin cos tan (DPC)
)
("C:\Program Files\MiKTeX 2.9\tex\latex\00miktex\graphics.cfg"
File: graphics.cfg 2007/01/18 v1.5 graphics configuration of teTeX/TeXLive
)
Package graphics Info: Driver file: pdftex.def on input line 91.

("C:\Program Files\MiKTeX 2.9\tex\latex\pdftex-def\pdftex.def"
File: pdftex.def 2011/05/27 v0.06d Graphics/color for pdfTeX

("C:\Program Files\MiKTeX 2.9\tex\generic\oberdiek\infwarerr.sty"
Package: infwarerr 2010/04/08 v1.3 Providing info/warning/error messages (HO)
)
("C:\Program Files\MiKTeX 2.9\tex\generic\oberdiek\ltxcmds.sty"
Package: ltxcmds 2011/11/09 v1.22 LaTeX kernel commands for general use (HO)
)
\Gread@gobject=\count105
))
\Gin@req@height=\dimen127
\Gin@req@width=\dimen128
)
("C:\Program Files\MiKTeX 2.9\tex\latex\pgf\systemlayer\pgfsys.sty"
("C:\Program Files\MiKTeX 2.9\tex\latex\pgf\utilities\pgfrcs.sty"
("C:\Program Files\MiKTeX 2.9\tex\generic\pgf\utilities\pgfutil-common.tex"
\pgfutil@everybye=\toks16
\pgfutil@tempdima=\dimen129
\pgfutil@tempdimb=\dimen130

("C:\Program Files\MiKTeX 2.9\tex\generic\pgf\utilities\pgfutil-common-lists.te
x")) ("C:\Program Files\MiKTeX 2.9\tex\generic\pgf\utilities\pgfutil-latex.def"
\pgfutil@abb=\box34
("C:\Program Files\MiKTeX 2.9\tex\latex\ms\everyshi.sty"
Package: everyshi 2001/05/15 v3.00 EveryShipout Package (MS)
))
("C:\Program Files\MiKTeX 2.9\tex\generic\pgf\utilities\pgfrcs.code.tex"
Package: pgfrcs 2015/08/07 v3.0.1a (rcs-revision 1.31)
))
("C:\Program Files\MiKTeX 2.9\tex\generic\pgf\systemlayer\pgfsys.code.tex"
Package: pgfsys 2014/07/09 v3.0.1a (rcs-revision 1.48)

("C:\Program Files\MiKTeX 2.9\tex\generic\pgf\utilities\pgfkeys.code.tex"
\pgfkeys@pathtoks=\toks17
\pgfkeys@temptoks=\toks18

("C:\Program Files\MiKTeX 2.9\tex\generic\pgf\utilities\pgfkeysfiltered.code.te
x"
\pgfkeys@tmptoks=\toks19
))
\pgf@x=\dimen131
\pgf@y=\dimen132
\pgf@xa=\dimen133
\pgf@ya=\dimen134
\pgf@xb=\dimen135
\pgf@yb=\dimen136
\pgf@xc=\dimen137
\pgf@yc=\dimen138
\w@pgf@writea=\write3
\r@pgf@reada=\read1
\c@pgf@counta=\count106
\c@pgf@countb=\count107
\c@pgf@countc=\count108
\c@pgf@countd=\count109
\t@pgf@toka=\toks20
\t@pgf@tokb=\toks21
\t@pgf@tokc=\toks22
 ("C:\Program Files\MiKTeX 2.9\tex\generic\pgf\systemlayer\pgf.cfg"
File: pgf.cfg 2008/05/14  (rcs-revision 1.7)
)
Driver file for pgf: pgfsys-pdftex.def

("C:\Program Files\MiKTeX 2.9\tex\generic\pgf\systemlayer\pgfsys-pdftex.def"
File: pgfsys-pdftex.def 2014/10/11  (rcs-revision 1.35)

("C:\Program Files\MiKTeX 2.9\tex\generic\pgf\systemlayer\pgfsys-common-pdf.def
"
File: pgfsys-common-pdf.def 2013/10/10  (rcs-revision 1.13)
)))
("C:\Program Files\MiKTeX 2.9\tex\generic\pgf\systemlayer\pgfsyssoftpath.code.t
ex"
File: pgfsyssoftpath.code.tex 2013/09/09  (rcs-revision 1.9)
\pgfsyssoftpath@smallbuffer@items=\count110
\pgfsyssoftpath@bigbuffer@items=\count111
)
("C:\Program Files\MiKTeX 2.9\tex\generic\pgf\systemlayer\pgfsysprotocol.code.t
ex"
File: pgfsysprotocol.code.tex 2006/10/16  (rcs-revision 1.4)
)) ("C:\Program Files\MiKTeX 2.9\tex\latex\xcolor\xcolor.sty"
Package: xcolor 2007/01/21 v2.11 LaTeX color extensions (UK)

("C:\Program Files\MiKTeX 2.9\tex\latex\00miktex\color.cfg"
File: color.cfg 2007/01/18 v1.5 color configuration of teTeX/TeXLive
)
Package xcolor Info: Driver file: pdftex.def on input line 225.
Package xcolor Info: Model `cmy' substituted by `cmy0' on input line 1337.
Package xcolor Info: Model `hsb' substituted by `rgb' on input line 1341.
Package xcolor Info: Model `RGB' extended on input line 1353.
Package xcolor Info: Model `HTML' substituted by `rgb' on input line 1355.
Package xcolor Info: Model `Hsb' substituted by `hsb' on input line 1356.
Package xcolor Info: Model `tHsb' substituted by `hsb' on input line 1357.
Package xcolor Info: Model `HSB' substituted by `hsb' on input line 1358.
Package xcolor Info: Model `Gray' substituted by `gray' on input line 1359.
Package xcolor Info: Model `wave' substituted by `hsb' on input line 1360.
)
("C:\Program Files\MiKTeX 2.9\tex\generic\pgf\basiclayer\pgfcore.code.tex"
Package: pgfcore 2010/04/11 v3.0.1a (rcs-revision 1.7)

("C:\Program Files\MiKTeX 2.9\tex\generic\pgf\math\pgfmath.code.tex"
("C:\Program Files\MiKTeX 2.9\tex\generic\pgf\math\pgfmathcalc.code.tex"
("C:\Program Files\MiKTeX 2.9\tex\generic\pgf\math\pgfmathutil.code.tex")
("C:\Program Files\MiKTeX 2.9\tex\generic\pgf\math\pgfmathparser.code.tex"
\pgfmath@dimen=\dimen139
\pgfmath@count=\count112
\pgfmath@box=\box35
\pgfmath@toks=\toks23
\pgfmath@stack@operand=\toks24
\pgfmath@stack@operation=\toks25
)
("C:\Program Files\MiKTeX 2.9\tex\generic\pgf\math\pgfmathfunctions.code.tex"
("C:\Program Files\MiKTeX 2.9\tex\generic\pgf\math\pgfmathfunctions.basic.code.
tex")
("C:\Program Files\MiKTeX 2.9\tex\generic\pgf\math\pgfmathfunctions.trigonometr
ic.code.tex")
("C:\Program Files\MiKTeX 2.9\tex\generic\pgf\math\pgfmathfunctions.random.code
.tex")
("C:\Program Files\MiKTeX 2.9\tex\generic\pgf\math\pgfmathfunctions.comparison.
code.tex")
("C:\Program Files\MiKTeX 2.9\tex\generic\pgf\math\pgfmathfunctions.base.code.t
ex")
("C:\Program Files\MiKTeX 2.9\tex\generic\pgf\math\pgfmathfunctions.round.code.
tex")
("C:\Program Files\MiKTeX 2.9\tex\generic\pgf\math\pgfmathfunctions.misc.code.t
ex")
("C:\Program Files\MiKTeX 2.9\tex\generic\pgf\math\pgfmathfunctions.integerarit
hmetics.code.tex")))
("C:\Program Files\MiKTeX 2.9\tex\generic\pgf\math\pgfmathfloat.code.tex"
\c@pgfmathroundto@lastzeros=\count113
))
("C:\Program Files\MiKTeX 2.9\tex\generic\pgf\basiclayer\pgfcorepoints.code.tex
"
File: pgfcorepoints.code.tex 2013/10/07  (rcs-revision 1.27)
\pgf@picminx=\dimen140
\pgf@picmaxx=\dimen141
\pgf@picminy=\dimen142
\pgf@picmaxy=\dimen143
\pgf@pathminx=\dimen144
\pgf@pathmaxx=\dimen145
\pgf@pathminy=\dimen146
\pgf@pathmaxy=\dimen147
\pgf@xx=\dimen148
\pgf@xy=\dimen149
\pgf@yx=\dimen150
\pgf@yy=\dimen151
\pgf@zx=\dimen152
\pgf@zy=\dimen153
)
("C:\Program Files\MiKTeX 2.9\tex\generic\pgf\basiclayer\pgfcorepathconstruct.c
ode.tex"
File: pgfcorepathconstruct.code.tex 2013/10/07  (rcs-revision 1.29)
\pgf@path@lastx=\dimen154
\pgf@path@lasty=\dimen155
)
("C:\Program Files\MiKTeX 2.9\tex\generic\pgf\basiclayer\pgfcorepathusage.code.
tex"
File: pgfcorepathusage.code.tex 2014/11/02  (rcs-revision 1.24)
\pgf@shorten@end@additional=\dimen156
\pgf@shorten@start@additional=\dimen157
)
("C:\Program Files\MiKTeX 2.9\tex\generic\pgf\basiclayer\pgfcorescopes.code.tex
"
File: pgfcorescopes.code.tex 2015/05/08  (rcs-revision 1.46)
\pgfpic=\box36
\pgf@hbox=\box37
\pgf@layerbox@main=\box38
\pgf@picture@serial@count=\count114
)
("C:\Program Files\MiKTeX 2.9\tex\generic\pgf\basiclayer\pgfcoregraphicstate.co
de.tex"
File: pgfcoregraphicstate.code.tex 2014/11/02  (rcs-revision 1.12)
\pgflinewidth=\dimen158
)
("C:\Program Files\MiKTeX 2.9\tex\generic\pgf\basiclayer\pgfcoretransformations
.code.tex"
File: pgfcoretransformations.code.tex 2015/08/07  (rcs-revision 1.20)
\pgf@pt@x=\dimen159
\pgf@pt@y=\dimen160
\pgf@pt@temp=\dimen161
)
("C:\Program Files\MiKTeX 2.9\tex\generic\pgf\basiclayer\pgfcorequick.code.tex"
File: pgfcorequick.code.tex 2008/10/09  (rcs-revision 1.3)
)
("C:\Program Files\MiKTeX 2.9\tex\generic\pgf\basiclayer\pgfcoreobjects.code.te
x"
File: pgfcoreobjects.code.tex 2006/10/11  (rcs-revision 1.2)
)
("C:\Program Files\MiKTeX 2.9\tex\generic\pgf\basiclayer\pgfcorepathprocessing.
code.tex"
File: pgfcorepathprocessing.code.tex 2013/09/09  (rcs-revision 1.9)
)
("C:\Program Files\MiKTeX 2.9\tex\generic\pgf\basiclayer\pgfcorearrows.code.tex
"
File: pgfcorearrows.code.tex 2015/05/14  (rcs-revision 1.43)
\pgfarrowsep=\dimen162
)
("C:\Program Files\MiKTeX 2.9\tex\generic\pgf\basiclayer\pgfcoreshade.code.tex"
File: pgfcoreshade.code.tex 2013/07/15  (rcs-revision 1.15)
\pgf@max=\dimen163
\pgf@sys@shading@range@num=\count115
) ("C:\Program Files\MiKTeX 2.9\tex\generic\pgf\basiclayer\pgfcoreimage.code.te
x"
File: pgfcoreimage.code.tex 2013/07/15  (rcs-revision 1.18)

("C:\Program Files\MiKTeX 2.9\tex\generic\pgf\basiclayer\pgfcoreexternal.code.t
ex"
File: pgfcoreexternal.code.tex 2014/07/09  (rcs-revision 1.21)
\pgfexternal@startupbox=\box39
))
("C:\Program Files\MiKTeX 2.9\tex\generic\pgf\basiclayer\pgfcorelayers.code.tex
"
File: pgfcorelayers.code.tex 2013/07/18  (rcs-revision 1.7)
)
("C:\Program Files\MiKTeX 2.9\tex\generic\pgf\basiclayer\pgfcoretransparency.co
de.tex"
File: pgfcoretransparency.code.tex 2013/09/30  (rcs-revision 1.5)
)
("C:\Program Files\MiKTeX 2.9\tex\generic\pgf\basiclayer\pgfcorepatterns.code.t
ex"
File: pgfcorepatterns.code.tex 2013/11/07  (rcs-revision 1.5)
))) ("C:\Program Files\MiKTeX 2.9\tex\latex\pgf\utilities\xxcolor.sty"
Package: xxcolor 2003/10/24 ver 0.1
\XC@nummixins=\count116
\XC@countmixins=\count117
)
("C:\Program Files\MiKTeX 2.9\tex\generic\oberdiek\atbegshi.sty"
Package: atbegshi 2011/10/05 v1.16 At begin shipout hook (HO)
)
("C:\Program Files\MiKTeX 2.9\tex\latex\hyperref\hyperref.sty"
Package: hyperref 2012/05/13 v6.82q Hypertext links for LaTeX

("C:\Program Files\MiKTeX 2.9\tex\generic\oberdiek\hobsub-hyperref.sty"
Package: hobsub-hyperref 2012/04/25 v1.12 Bundle oberdiek, subset hyperref (HO)


("C:\Program Files\MiKTeX 2.9\tex\generic\oberdiek\hobsub-generic.sty"
Package: hobsub-generic 2012/04/25 v1.12 Bundle oberdiek, subset generic (HO)
Package: hobsub 2012/04/25 v1.12 Construct package bundles (HO)
Package hobsub Info: Skipping package `infwarerr' (already loaded).
Package hobsub Info: Skipping package `ltxcmds' (already loaded).
Package: ifluatex 2010/03/01 v1.3 Provides the ifluatex switch (HO)
Package ifluatex Info: LuaTeX not detected.
Package hobsub Info: Skipping package `ifvtex' (already loaded).
Package: intcalc 2007/09/27 v1.1 Expandable calculations with integers (HO)
Package hobsub Info: Skipping package `ifpdf' (already loaded).
Package: etexcmds 2011/02/16 v1.5 Avoid name clashes with e-TeX commands (HO)
Package etexcmds Info: Could not find \expanded.
(etexcmds)             That can mean that you are not using pdfTeX 1.50 or
(etexcmds)             that some package has redefined \expanded.
(etexcmds)             In the latter case, load this package earlier.
Package: kvsetkeys 2012/04/25 v1.16 Key value parser (HO)
Package: kvdefinekeys 2011/04/07 v1.3 Define keys (HO)
Package: pdftexcmds 2011/11/29 v0.20 Utility functions of pdfTeX for LuaTeX (HO
)
Package pdftexcmds Info: LuaTeX not detected.
Package pdftexcmds Info: \pdf@primitive is available.
Package pdftexcmds Info: \pdf@ifprimitive is available.
Package pdftexcmds Info: \pdfdraftmode found.
Package: pdfescape 2011/11/25 v1.13 Implements pdfTeX's escape features (HO)
Package: bigintcalc 2012/04/08 v1.3 Expandable calculations on big integers (HO
)
Package: bitset 2011/01/30 v1.1 Handle bit-vector datatype (HO)
Package: uniquecounter 2011/01/30 v1.2 Provide unlimited unique counter (HO)
)
Package hobsub Info: Skipping package `hobsub' (already loaded).
Package: letltxmacro 2010/09/02 v1.4 Let assignment for LaTeX macros (HO)
Package: hopatch 2011/06/24 v1.1 Wrapper for package hooks (HO)
Package: xcolor-patch 2011/01/30 xcolor patch
Package: atveryend 2011/06/30 v1.8 Hooks at the very end of document (HO)
Package atveryend Info: \enddocument detected (standard20110627).
Package hobsub Info: Skipping package `atbegshi' (already loaded).
Package: refcount 2011/10/16 v3.4 Data extraction from label references (HO)
Package: hycolor 2011/01/30 v1.7 Color options for hyperref/bookmark (HO)
)
("C:\Program Files\MiKTeX 2.9\tex\latex\oberdiek\kvoptions.sty"
Package: kvoptions 2011/06/30 v3.11 Key value format for package options (HO)
)
\@linkdim=\dimen164
\Hy@linkcounter=\count118
\Hy@pagecounter=\count119

("C:\Program Files\MiKTeX 2.9\tex\latex\hyperref\pd1enc.def"
File: pd1enc.def 2012/05/13 v6.82q Hyperref: PDFDocEncoding definition (HO)
)
\Hy@SavedSpaceFactor=\count120

("C:\Program Files\MiKTeX 2.9\tex\latex\00miktex\hyperref.cfg"
File: hyperref.cfg 2002/06/06 v1.2 hyperref configuration of TeXLive
)
Package hyperref Info: Option `bookmarks' set `true' on input line 3941.
Package hyperref Info: Option `bookmarksopen' set `true' on input line 3941.
Package hyperref Info: Option `implicit' set `false' on input line 3941.
Package hyperref Info: Hyper figures OFF on input line 4062.
Package hyperref Info: Link nesting OFF on input line 4067.
Package hyperref Info: Hyper index ON on input line 4070.
Package hyperref Info: Plain pages OFF on input line 4077.
Package hyperref Info: Backreferencing OFF on input line 4082.
Package hyperref Info: Implicit mode OFF; no redefinition of LaTeX internals.
Package hyperref Info: Bookmarks ON on input line 4300.
\c@Hy@tempcnt=\count121

("C:\Program Files\MiKTeX 2.9\tex\latex\ltxmisc\url.sty"
\Urlmuskip=\muskip10
Package: url 2006/04/12  ver 3.3  Verb mode for urls, etc.
)
LaTeX Info: Redefining \url on input line 4653.
\Fld@menulength=\count122
\Field@Width=\dimen165
\Fld@charsize=\dimen166
Package hyperref Info: Hyper figures OFF on input line 5773.
Package hyperref Info: Link nesting OFF on input line 5778.
Package hyperref Info: Hyper index ON on input line 5781.
Package hyperref Info: backreferencing OFF on input line 5788.
Package hyperref Info: Link coloring OFF on input line 5793.
Package hyperref Info: Link coloring with OCG OFF on input line 5798.
Package hyperref Info: PDF/A mode OFF on input line 5803.
LaTeX Info: Redefining \ref on input line 5843.
LaTeX Info: Redefining \pageref on input line 5847.
\Hy@abspage=\count123


Package hyperref Message: Stopped early.

)

Package hyperref Message: Driver (autodetected): hpdftex.

("C:\Program Files\MiKTeX 2.9\tex\latex\hyperref\hpdftex.def"
File: hpdftex.def 2012/05/13 v6.82q Hyperref driver for pdfTeX
\Fld@listcount=\count124
\c@bookmark@seq@number=\count125

("C:\Program Files\MiKTeX 2.9\tex\latex\oberdiek\rerunfilecheck.sty"
Package: rerunfilecheck 2011/04/15 v1.7 Rerun checks for auxiliary files (HO)
Package uniquecounter Info: New unique counter `rerunfilecheck' on input line 2
82.
))
("C:\Program Files\MiKTeX 2.9\tex\latex\beamer\base\beamerbaserequires.sty"
Package: beamerbaserequires 2010/05/01  (rcs-revision efa082c6111d)

("C:\Program Files\MiKTeX 2.9\tex\latex\beamer\base\beamerbasecompatibility.sty
"
Package: beamerbasecompatibility 2012/05/01  (rcs-revision 67c48b3b652d)
) ("C:\Program Files\MiKTeX 2.9\tex\latex\beamer\base\beamerbasefont.sty"
Package: beamerbasefont 2015/01/05  (rcs-revision b4b4bee242e2)

("C:\Program Files\MiKTeX 2.9\tex\latex\amsfonts\amssymb.sty"
Package: amssymb 2009/06/22 v3.00

("C:\Program Files\MiKTeX 2.9\tex\latex\amsfonts\amsfonts.sty"
Package: amsfonts 2009/06/22 v3.00 Basic AMSFonts support
\@emptytoks=\toks26
\symAMSa=\mathgroup4
\symAMSb=\mathgroup5
LaTeX Font Info:    Overwriting math alphabet `\mathfrak' in version `bold'
(Font)                  U/euf/m/n --> U/euf/b/n on input line 96.
))
("C:\Program Files\MiKTeX 2.9\tex\latex\sansmathaccent\sansmathaccent.sty"
Package: sansmathaccent 2013/03/28

("C:\Program Files\MiKTeX 2.9\tex\latex\filehook\filehook.sty"
Package: filehook 2011/10/12 v0.5d Hooks for input files
)))
("C:\Program Files\MiKTeX 2.9\tex\latex\beamer\base\beamerbasetranslator.sty"
Package: beamerbasetranslator 2010/06/11  (rcs-revision 85fd1cc7fc42)

("C:\Program Files\MiKTeX 2.9\tex\latex\beamer\base\translator\translator.sty"
Package: translator 2010/06/12 ver 1.10

("C:\Program Files\MiKTeX 2.9\tex\latex\beamer\base\translator\translator-langu
age-mappings.tex")))
("C:\Program Files\MiKTeX 2.9\tex\latex\beamer\base\beamerbasemisc.sty"
Package: beamerbasemisc 2013/09/03  (rcs-revision a55719c41d85)
)
("C:\Program Files\MiKTeX 2.9\tex\latex\beamer\base\beamerbasetwoscreens.sty"
Package: beamerbasetwoscreens 2010/05/01  (rcs-revision efa082c6111d)
)
("C:\Program Files\MiKTeX 2.9\tex\latex\beamer\base\beamerbaseoverlay.sty"
Package: beamerbaseoverlay 2013/12/25  (rcs-revision f6bd5e3805da)
\beamer@argscount=\count126
\beamer@lastskipcover=\skip44
\beamer@trivlistdepth=\count127
)
("C:\Program Files\MiKTeX 2.9\tex\latex\beamer\base\beamerbasetitle.sty"
Package: beamerbasetitle 2010/09/21  (rcs-revision f0446ed0b6ae)
)
("C:\Program Files\MiKTeX 2.9\tex\latex\beamer\base\beamerbasesection.sty"
Package: beamerbasesection 2013/06/07  (rcs-revision 60b9fe0f342f)
\c@lecture=\count128
\c@part=\count129
\c@section=\count130
\c@subsection=\count131
\c@subsubsection=\count132
)
("C:\Program Files\MiKTeX 2.9\tex\latex\beamer\base\beamerbaseframe.sty"
Package: beamerbaseframe 2014/02/20  (rcs-revision 4b8ceeeff434)
\beamer@framebox=\box40
\beamer@frametitlebox=\box41
\beamer@zoombox=\box42
\beamer@zoomcount=\count133
\beamer@zoomframecount=\count134
\beamer@frametextheight=\dimen167
\c@subsectionslide=\count135
\beamer@frametopskip=\skip45
\beamer@framebottomskip=\skip46
\beamer@frametopskipautobreak=\skip47
\beamer@framebottomskipautobreak=\skip48
\beamer@envbody=\toks27
\framewidth=\dimen168
\c@framenumber=\count136
)
("C:\Program Files\MiKTeX 2.9\tex\latex\beamer\base\beamerbaseverbatim.sty"
Package: beamerbaseverbatim 2015/01/05  (rcs-revision 431510bb5890)
\beamer@verbatimfileout=\write4
)
("C:\Program Files\MiKTeX 2.9\tex\latex\beamer\base\beamerbaseframesize.sty"
Package: beamerbaseframesize 2011/09/12  (rcs-revision 70f9d8411e54)
\beamer@splitbox=\box43
\beamer@autobreakcount=\count137
\beamer@autobreaklastheight=\dimen169
\beamer@frametitletoks=\toks28
\beamer@framesubtitletoks=\toks29
)
("C:\Program Files\MiKTeX 2.9\tex\latex\beamer\base\beamerbaseframecomponents.s
ty"
Package: beamerbaseframecomponents 2013/10/18  (rcs-revision 5cf6c5555a45)
\beamer@footins=\box44
) ("C:\Program Files\MiKTeX 2.9\tex\latex\beamer\base\beamerbasecolor.sty"
Package: beamerbasecolor 2015/02/21  (rcs-revision d944b04ee2d5)
)
("C:\Program Files\MiKTeX 2.9\tex\latex\beamer\base\beamerbasenotes.sty"
Package: beamerbasenotes 2012/12/19  (rcs-revision 1686da3db3c9)
\beamer@frameboxcopy=\box45
)
("C:\Program Files\MiKTeX 2.9\tex\latex\beamer\base\beamerbasetoc.sty"
Package: beamerbasetoc 2015/03/08  (rcs-revision 7270298bbaae)
)
("C:\Program Files\MiKTeX 2.9\tex\latex\beamer\base\beamerbasetemplates.sty"
Package: beamerbasetemplates 2010/05/01  (rcs-revision efa082c6111d)
\beamer@sbttoks=\toks30

("C:\Program Files\MiKTeX 2.9\tex\latex\beamer\base\beamerbaseauxtemplates.sty"
Package: beamerbaseauxtemplates 2014/06/30  (rcs-revision 580088513a67)
("C:\Program Files\MiKTeX 2.9\tex\latex\beamer\base\beamerbaseboxes.sty"
Package: beamerbaseboxes 2012/05/13  (rcs-revision 56972908a390)
\bmb@box=\box46
\bmb@colorbox=\box47
\bmb@boxshadow=\box48
\bmb@boxshadowball=\box49
\bmb@boxshadowballlarge=\box50
\bmb@temp=\dimen170
\bmb@dima=\dimen171
\bmb@dimb=\dimen172
\bmb@prevheight=\dimen173
)
\beamer@blockheadheight=\dimen174
))
("C:\Program Files\MiKTeX 2.9\tex\latex\beamer\base\beamerbaselocalstructure.st
y"
Package: beamerbaselocalstructure 2014/09/10  (rcs-revision 393f6dcff371)
 ("C:\Program Files\MiKTeX 2.9\tex\latex\tools\enumerate.sty"
Package: enumerate 1999/03/05 v3.00 enumerate extensions (DPC)
\@enLab=\toks31
)
\c@figure=\count138
\c@table=\count139
\abovecaptionskip=\skip49
\belowcaptionskip=\skip50
)
("C:\Program Files\MiKTeX 2.9\tex\latex\beamer\base\beamerbasenavigation.sty"
Package: beamerbasenavigation 2015/02/27  (rcs-revision 923f4bf87efa)
\beamer@section@min@dim=\dimen175
)
("C:\Program Files\MiKTeX 2.9\tex\latex\beamer\base\beamerbasetheorems.sty"
Package: beamerbasetheorems 2010/06/06  (rcs-revision 7e7cc5e53e9d)

("C:\Program Files\MiKTeX 2.9\tex\latex\ams\math\amsmath.sty"
Package: amsmath 2000/07/18 v2.13 AMS math features
\@mathmargin=\skip51

For additional information on amsmath, use the `?' option.
("C:\Program Files\MiKTeX 2.9\tex\latex\ams\math\amstext.sty"
Package: amstext 2000/06/29 v2.01

("C:\Program Files\MiKTeX 2.9\tex\latex\ams\math\amsgen.sty"
File: amsgen.sty 1999/11/30 v2.0
\@emptytoks=\toks32
\ex@=\dimen176
))
("C:\Program Files\MiKTeX 2.9\tex\latex\ams\math\amsbsy.sty"
Package: amsbsy 1999/11/29 v1.2d
\pmbraise@=\dimen177
)
("C:\Program Files\MiKTeX 2.9\tex\latex\ams\math\amsopn.sty"
Package: amsopn 1999/12/14 v2.01 operator names
)
\inf@bad=\count140
LaTeX Info: Redefining \frac on input line 211.
\uproot@=\count141
\leftroot@=\count142
LaTeX Info: Redefining \overline on input line 307.
\classnum@=\count143
\DOTSCASE@=\count144
LaTeX Info: Redefining \ldots on input line 379.
LaTeX Info: Redefining \dots on input line 382.
LaTeX Info: Redefining \cdots on input line 467.
\Mathstrutbox@=\box51
\strutbox@=\box52
\big@size=\dimen178
LaTeX Font Info:    Redeclaring font encoding OML on input line 567.
LaTeX Font Info:    Redeclaring font encoding OMS on input line 568.
\macc@depth=\count145
\c@MaxMatrixCols=\count146
\dotsspace@=\muskip11
\c@parentequation=\count147
\dspbrk@lvl=\count148
\tag@help=\toks33
\row@=\count149
\column@=\count150
\maxfields@=\count151
\andhelp@=\toks34
\eqnshift@=\dimen179
\alignsep@=\dimen180
\tagshift@=\dimen181
\tagwidth@=\dimen182
\totwidth@=\dimen183
\lineht@=\dimen184
\@envbody=\toks35
\multlinegap=\skip52
\multlinetaggap=\skip53
\mathdisplay@stack=\toks36
LaTeX Info: Redefining \[ on input line 2666.
LaTeX Info: Redefining \] on input line 2667.
)
("C:\Program Files\MiKTeX 2.9\tex\latex\ams\classes\amsthm.sty"
Package: amsthm 2004/08/06 v2.20
\thm@style=\toks37
\thm@bodyfont=\toks38
\thm@headfont=\toks39
\thm@notefont=\toks40
\thm@headpunct=\toks41
\thm@preskip=\skip54
\thm@postskip=\skip55
\thm@headsep=\skip56
\dth@everypar=\toks42
)
\c@theorem=\count152
)
("C:\Program Files\MiKTeX 2.9\tex\latex\beamer\base\beamerbasethemes.sty"
Package: beamerbasethemes 2010/05/01  (rcs-revision efa082c6111d)
))
("C:\Program Files\MiKTeX 2.9\tex\latex\beamer\base\themes\theme\beamerthemedef
ault.sty"
Package: beamerthemedefault 2010/06/17  (rcs-revision d02a7cf4d8ae)

("C:\Program Files\MiKTeX 2.9\tex\latex\beamer\base\themes\font\beamerfonttheme
default.sty"
Package: beamerfontthemedefault 2012/12/19  (rcs-revision 1686da3db3c9)
)
("C:\Program Files\MiKTeX 2.9\tex\latex\beamer\base\themes\color\beamercolorthe
medefault.sty"
Package: beamercolorthemedefault 2012/12/19  (rcs-revision 1686da3db3c9)
)
("C:\Program Files\MiKTeX 2.9\tex\latex\beamer\base\themes\inner\beamerinnerthe
medefault.sty"
Package: beamerinnerthemedefault 2014/06/30  (rcs-revision 580088513a67)
\beamer@dima=\dimen185
\beamer@dimb=\dimen186
)
("C:\Program Files\MiKTeX 2.9\tex\latex\beamer\base\themes\outer\beamerouterthe
medefault.sty"
Package: beamerouterthemedefault 2012/12/19  (rcs-revision 1686da3db3c9)
)))
("C:\Program Files\MiKTeX 2.9\tex\latex\beamer\base\themes\color\beamercolorthe
mestructure.sty"
Package: beamercolorthemestructure 2010/06/17  (rcs-revision d02a7cf4d8ae)
)
("C:\Program Files\MiKTeX 2.9\tex\latex\beamer\base\themes\theme\beamerthemeMad
rid.sty"
Package: beamerthemeMadrid 2010/06/17  (rcs-revision d02a7cf4d8ae)

("C:\Program Files\MiKTeX 2.9\tex\latex\beamer\base\themes\color\beamercolorthe
mewhale.sty"
Package: beamercolorthemewhale 2010/06/17  (rcs-revision d02a7cf4d8ae)
)
("C:\Program Files\MiKTeX 2.9\tex\latex\beamer\base\themes\color\beamercolorthe
meorchid.sty"
Package: beamercolorthemeorchid 2010/06/17  (rcs-revision d02a7cf4d8ae)
)
("C:\Program Files\MiKTeX 2.9\tex\latex\beamer\base\themes\inner\beamerinnerthe
merounded.sty"
Package: beamerinnerthemerounded 2010/06/17  (rcs-revision d02a7cf4d8ae)
)
("C:\Program Files\MiKTeX 2.9\tex\latex\beamer\base\themes\outer\beamerouterthe
meinfolines.sty"
Package: beamerouterthemeinfolines 2012/10/16  (rcs-revision 51a8c72084af)
)) ("C:\Program Files\MiKTeX 2.9\tex\latex\base\inputenc.sty"
Package: inputenc 2008/03/30 v1.1d Input encoding file
\inpenc@prehook=\toks43
\inpenc@posthook=\toks44

("C:\Program Files\MiKTeX 2.9\tex\latex\ucs\utf8x.def"
File: utf8x.def 2004/10/17 UCS: Input encoding UTF-8
))
("C:\Program Files\MiKTeX 2.9\tex\latex\ucs\ucs.sty"
Package: ucs 2013/05/11 v2.2 UCS: Unicode input support

("C:\Program Files\MiKTeX 2.9\tex\latex\ucs\uni-global.def"
File: uni-global.def 2013/05/13 UCS: Unicode global data
)
\uc@secondtry=\count153
\uc@combtoks=\toks45
\uc@combtoksb=\toks46
\uc@temptokena=\toks47
)
("C:\Program Files\MiKTeX 2.9\tex\latex\beamer\base\themes\font\beamerfonttheme
professionalfonts.sty"
Package: beamerfontthemeprofessionalfonts 2010/06/17  (rcs-revision d02a7cf4d8a
e)
) ("C:\Program Files\MiKTeX 2.9\tex\latex\psnfss\times.sty"
Package: times 2005/04/12 PSNFSS-v9.2a (SPQR) 
) ("C:\Program Files\MiKTeX 2.9\tex\latex\pgf\frontendlayer\tikz.sty"
("C:\Program Files\MiKTeX 2.9\tex\latex\pgf\basiclayer\pgf.sty"
Package: pgf 2015/08/07 v3.0.1a (rcs-revision 1.15)

("C:\Program Files\MiKTeX 2.9\tex\generic\pgf\modules\pgfmoduleshapes.code.tex"
File: pgfmoduleshapes.code.tex 2014/03/21  (rcs-revision 1.35)
\pgfnodeparttextbox=\box53
) ("C:\Program Files\MiKTeX 2.9\tex\generic\pgf\modules\pgfmoduleplot.code.tex"
File: pgfmoduleplot.code.tex 2015/08/03  (rcs-revision 1.13)
)
("C:\Program Files\MiKTeX 2.9\tex\latex\pgf\compatibility\pgfcomp-version-0-65.
sty"
Package: pgfcomp-version-0-65 2007/07/03 v3.0.1a (rcs-revision 1.7)
\pgf@nodesepstart=\dimen187
\pgf@nodesepend=\dimen188
)
("C:\Program Files\MiKTeX 2.9\tex\latex\pgf\compatibility\pgfcomp-version-1-18.
sty"
Package: pgfcomp-version-1-18 2007/07/23 v3.0.1a (rcs-revision 1.1)
)) ("C:\Program Files\MiKTeX 2.9\tex\latex\pgf\utilities\pgffor.sty"
("C:\Program Files\MiKTeX 2.9\tex\latex\pgf\utilities\pgfkeys.sty"
("C:\Program Files\MiKTeX 2.9\tex\generic\pgf\utilities\pgfkeys.code.tex"))
("C:\Program Files\MiKTeX 2.9\tex\latex\pgf\math\pgfmath.sty"
("C:\Program Files\MiKTeX 2.9\tex\generic\pgf\math\pgfmath.code.tex"))
("C:\Program Files\MiKTeX 2.9\tex\generic\pgf\utilities\pgffor.code.tex"
Package: pgffor 2013/12/13 v3.0.1a (rcs-revision 1.25)

("C:\Program Files\MiKTeX 2.9\tex\generic\pgf\math\pgfmath.code.tex")
\pgffor@iter=\dimen189
\pgffor@skip=\dimen190
\pgffor@stack=\toks48
\pgffor@toks=\toks49
))
("C:\Program Files\MiKTeX 2.9\tex\generic\pgf\frontendlayer\tikz\tikz.code.tex"
Package: tikz 2015/08/07 v3.0.1a (rcs-revision 1.151)

("C:\Program Files\MiKTeX 2.9\tex\generic\pgf\libraries\pgflibraryplothandlers.
code.tex"
File: pgflibraryplothandlers.code.tex 2013/08/31 v3.0.1a (rcs-revision 1.20)
\pgf@plot@mark@count=\count154
\pgfplotmarksize=\dimen191
)
\tikz@lastx=\dimen192
\tikz@lasty=\dimen193
\tikz@lastxsaved=\dimen194
\tikz@lastysaved=\dimen195
\tikzleveldistance=\dimen196
\tikzsiblingdistance=\dimen197
\tikz@figbox=\box54
\tikz@figbox@bg=\box55
\tikz@tempbox=\box56
\tikz@tempbox@bg=\box57
\tikztreelevel=\count155
\tikznumberofchildren=\count156
\tikznumberofcurrentchild=\count157
\tikz@fig@count=\count158

("C:\Program Files\MiKTeX 2.9\tex\generic\pgf\modules\pgfmodulematrix.code.tex"
File: pgfmodulematrix.code.tex 2013/09/17  (rcs-revision 1.8)
\pgfmatrixcurrentrow=\count159
\pgfmatrixcurrentcolumn=\count160
\pgf@matrix@numberofcolumns=\count161
)
\tikz@expandcount=\count162

("C:\Program Files\MiKTeX 2.9\tex\generic\pgf\frontendlayer\tikz\libraries\tikz
librarytopaths.code.tex"
File: tikzlibrarytopaths.code.tex 2008/06/17 v3.0.1a (rcs-revision 1.2)
)))
("C:\Program Files\MiKTeX 2.9\tex\latex\tabulary\tabulary.sty"
Package: tabulary 2014/06/11 v0.10 tabulary package (DPC)

("C:\Program Files\MiKTeX 2.9\tex\latex\tools\array.sty"
Package: array 2008/09/09 v2.4c Tabular extension package (FMi)
\col@sep=\dimen198
\extrarowheight=\dimen199
\NC@list=\toks50
\extratabsurround=\skip57
\backup@length=\skip58
)
\TY@count=\count163
\TY@linewidth=\dimen200
\tymin=\dimen201
\tymax=\dimen202
\TY@tablewidth=\dimen203
)
("C:\Program Files\MiKTeX 2.9\tex\latex\pgfgantt\pgfgantt.sty"
Package: pgfgantt 2013/06/01 v4.0 Draw Gantt diagrams with TikZ

("C:\Program Files\MiKTeX 2.9\tex\generic\pgf\frontendlayer\tikz\libraries\tikz
libraryarrows.code.tex"
File: tikzlibraryarrows.code.tex 2008/01/09 v3.0.1a (rcs-revision 1.1)

("C:\Program Files\MiKTeX 2.9\tex\generic\pgf\libraries\pgflibraryarrows.code.t
ex"
File: pgflibraryarrows.code.tex 2013/09/23 v3.0.1a (rcs-revision 1.16)
\arrowsize=\dimen204
))
("C:\Program Files\MiKTeX 2.9\tex\generic\pgf\frontendlayer\tikz\libraries\tikz
librarybackgrounds.code.tex"
File: tikzlibrarybackgrounds.code.tex 2013/07/18 v3.0.1a (rcs-revision 1.3)
\pgf@layerbox@background=\box58
\pgf@layerboxsaved@background=\box59
)
("C:\Program Files\MiKTeX 2.9\tex\generic\pgf\frontendlayer\tikz\libraries\tikz
librarycalc.code.tex"
File: tikzlibrarycalc.code.tex 2013/07/15 v3.0.1a (rcs-revision 1.9)
)
("C:\Program Files\MiKTeX 2.9\tex\generic\pgf\frontendlayer\tikz\libraries\tikz
librarypatterns.code.tex"
File: tikzlibrarypatterns.code.tex 2008/01/15 v3.0.1a (rcs-revision 1.2)

("C:\Program Files\MiKTeX 2.9\tex\generic\pgf\libraries\pgflibrarypatterns.code
.tex"
File: pgflibrarypatterns.code.tex 2008/03/03 v3.0.1a (rcs-revision 1.13)
))
("C:\Program Files\MiKTeX 2.9\tex\generic\pgf\frontendlayer\tikz\libraries\tikz
librarypositioning.code.tex"
File: tikzlibrarypositioning.code.tex 2008/10/06 v3.0.1a (rcs-revision 1.7)
)
("C:\Program Files\MiKTeX 2.9\tex\generic\pgf\frontendlayer\tikz\libraries\tikz
libraryshapes.geometric.code.tex"
File: tikzlibraryshapes.geometric.code.tex 2008/01/09 v3.0.1a (rcs-revision 1.1
)

("C:\Program Files\MiKTeX 2.9\tex\generic\pgf\libraries\shapes\pgflibraryshapes
.geometric.code.tex"
File: pgflibraryshapes.geometric.code.tex 2008/06/26 v3.0.1a (rcs-revision 1.1)

))
("C:\Program Files\MiKTeX 2.9\tex\latex\pgf\utilities\pgfcalendar.sty"
("C:\Program Files\MiKTeX 2.9\tex\generic\pgf\utilities\pgfcalendar.code.tex"
File: pgfcalendar.code.tex 2007/07/23 v3.0.1a (rcs-revision 1.11)
\pgfcalendarcurrentjulian=\count164
))
\gtt@currentline=\count165
\gtt@lasttitleline=\count166
\gtt@currgrid=\count167
\gtt@chartwidth=\count168
\gtt@lasttitleslot=\count169
\gtt@elementid=\count170
\gtt@today@slot=\count171
\gtt@startjulian=\count172
\gtt@endjulian=\count173
\gtt@calendar@slots=\count174
\gtt@calendar@weeknumber=\count175
\gtt@calendar@startofweek=\count176
\gtt@left@slot=\count177
\gtt@right@slot=\count178
) ("C:\Program Files\MiKTeX 2.9\tex\latex\tools\verbatim.sty"
Package: verbatim 2003/08/22 v1.5q LaTeX2e package for verbatim enhancements
\every@verbatim=\toks51
\verbatim@line=\toks52
\verbatim@in@stream=\read2
)
("C:\Program Files\MiKTeX 2.9\tex\latex\adjustbox\adjustbox.sty"
Package: adjustbox 2012/05/21 v1.0 Adjusting TeX boxes (trim, clip, ...)

("C:\Program Files\MiKTeX 2.9\tex\latex\xkeyval\xkeyval.sty"
Package: xkeyval 2008/08/13 v2.6a package option processing (HA)

("C:\Program Files\MiKTeX 2.9\tex\generic\xkeyval\xkeyval.tex"
\XKV@toks=\toks53
\XKV@tempa@toks=\toks54
\XKV@depth=\count179
File: xkeyval.tex 2008/08/13 v2.6a key=value parser (HA)
))
("C:\Program Files\MiKTeX 2.9\tex\latex\adjustbox\adjcalc.sty"
Package: adjcalc 2012/05/16 v1.1 Provides advanced setlength with multiple back
-ends (calc, etex, pgfmath)
)
("C:\Program Files\MiKTeX 2.9\tex\latex\adjustbox\trimclip.sty"
Package: trimclip 2012/05/16 v1.0 Trim and clip general TeX material

("C:\Program Files\MiKTeX 2.9\tex\latex\collectbox\collectbox.sty"
Package: collectbox 2012/05/17 v0.4b Collect macro arguments as boxes
\collectedbox=\box60
)
\tc@llx=\dimen205
\tc@lly=\dimen206
\tc@urx=\dimen207
\tc@ury=\dimen208
Package trimclip Info: Using driver 'tc-pdftex.def'.

("C:\Program Files\MiKTeX 2.9\tex\latex\adjustbox\tc-pdftex.def"
File: tc-pdftex.def 2012/05/13 v1.0 Clipping driver for pdftex
))
\adjbox@Width=\dimen209
\adjbox@Height=\dimen210
\adjbox@Depth=\dimen211
\adjbox@Totalheight=\dimen212

("C:\Program Files\MiKTeX 2.9\tex\latex\ifoddpage\ifoddpage.sty"
Package: ifoddpage 2016/04/23 v1.1 Conditionals for odd/even page detection
\c@checkoddpage=\count180
)
("C:\Program Files\MiKTeX 2.9\tex\latex\ltxmisc\varwidth.sty"
Package: varwidth 2009/03/30 ver 0.92;  Variable-width minipages
\@vwid@box=\box61
\sift@deathcycles=\count181
\@vwid@loff=\dimen213
\@vwid@roff=\dimen214
))
("C:\Program Files\MiKTeX 2.9\tex\latex\soul\soul.sty"
Package: soul 2003/11/17 v2.4 letterspacing/underlining (mf)
\SOUL@word=\toks55
\SOUL@lasttoken=\toks56
\SOUL@cmds=\toks57
\SOUL@buffer=\toks58
\SOUL@token=\toks59
\SOUL@spaceskip=\skip59
\SOUL@ttwidth=\dimen215
\SOUL@uldp=\dimen216
\SOUL@ulht=\dimen217
)
("C:\Program Files\MiKTeX 2.9\tex\latex\listings\listings.sty"
\lst@mode=\count182
\lst@gtempboxa=\box62
\lst@token=\toks60
\lst@length=\count183
\lst@currlwidth=\dimen218
\lst@column=\count184
\lst@pos=\count185
\lst@lostspace=\dimen219
\lst@width=\dimen220
\lst@newlines=\count186
\lst@lineno=\count187
\lst@maxwidth=\dimen221

("C:\Program Files\MiKTeX 2.9\tex\latex\listings\lstmisc.sty"
File: lstmisc.sty 2015/06/04 1.6 (Carsten Heinz)
\c@lstnumber=\count188
\lst@skipnumbers=\count189
\lst@framebox=\box63
)
("C:\Program Files\MiKTeX 2.9\tex\latex\listings\listings.cfg"
File: listings.cfg 2015/06/04 1.6 listings configuration
))
Package: listings 2015/06/04 1.6 (Carsten Heinz)

("C:\Program Files\MiKTeX 2.9\tex\latex\subfigure\subfigure.sty"
Package: subfigure 2002/07/30 v2.1.4 subfigure package
\subfigtopskip=\skip60
\subfigcapskip=\skip61
\subfigcaptopadj=\dimen222
\subfigbottomskip=\skip62
\subfigcapmargin=\dimen223
\subfiglabelskip=\skip63
\c@subfigure=\count190
\c@lofdepth=\count191
\c@subtable=\count192
\c@lotdepth=\count193

****************************************
* Local config file subfigure.cfg used *
****************************************
("C:\Program Files\MiKTeX 2.9\tex\latex\subfigure\subfigure.cfg")
\subfig@top=\skip64
\subfig@bottom=\skip65
)
("C:\Program Files\MiKTeX 2.9\tex\generic\babel\babel.sty"
Package: babel 2008/07/08 v3.8m The Babel package

*************************************
* Local config file bblopts.cfg used
*
("C:\Program Files\MiKTeX 2.9\tex\latex\00miktex\bblopts.cfg"
File: bblopts.cfg 2006/07/31 v1.0 MiKTeX 'babel' configuration
)
("C:\Program Files\MiKTeX 2.9\tex\generic\babel\english.ldf"
Language: english 2005/03/30 v3.3o English support from the babel system

("C:\Program Files\MiKTeX 2.9\tex\generic\babel\babel.def"
File: babel.def 2008/07/08 v3.8m Babel common definitions
LaTeX Info: Redefining \textlatin on input line 82.
\babel@savecnt=\count194
\U@D=\dimen224
)
\l@canadian = a dialect from \language\l@american 
\l@australian = a dialect from \language\l@british 
\l@newzealand = a dialect from \language\l@british 
))
("C:\Program Files\MiKTeX 2.9\tex\latex\todonotes\todonotes.sty"
Package: todonotes 2015/07/09 .dtx Todonotes source and documentation.
Package: todonotes 2012/07/25

("C:\Program Files\MiKTeX 2.9\tex\latex\base\ifthen.sty"
Package: ifthen 2001/05/26 v1.1c Standard LaTeX ifthen package (DPC)
)
("C:\Program Files\MiKTeX 2.9\tex\latex\tools\calc.sty"
Package: calc 2007/08/22 v4.3 Infix arithmetic (KKT,FJ)
\calc@Acount=\count195
\calc@Bcount=\count196
\calc@Adimen=\dimen225
\calc@Bdimen=\dimen226
\calc@Askip=\skip66
\calc@Bskip=\skip67
LaTeX Info: Redefining \setlength on input line 76.
LaTeX Info: Redefining \addtolength on input line 77.
\calc@Ccount=\count197
\calc@Cskip=\skip68
)
\c@@todonotes@numberoftodonotes=\count198
)
("C:\Program Files\MiKTeX 2.9\tex\latex\natbib\natbib.sty"
Package: natbib 2010/09/13 8.31b (PWD, AO)
\bibhang=\skip69
\bibsep=\skip70
LaTeX Info: Redefining \cite on input line 694.
\c@NAT@ctr=\count199
)
("C:\Program Files\MiKTeX 2.9\tex\latex\appendixnumberbeamer\appendixnumberbeam
er.sty") ("C:\Program Files\MiKTeX 2.9\tex\latex\tcolorbox\tcolorbox.sty"
Package: tcolorbox 2016/02/29 version 3.90 text color boxes

("C:\Program Files\MiKTeX 2.9\tex\latex\environ\environ.sty"
Package: environ 2014/05/04 v0.3 A new way to define environments

("C:\Program Files\MiKTeX 2.9\tex\latex\trimspaces\trimspaces.sty"
Package: trimspaces 2009/09/17 v1.1 Trim spaces around a token list
))
("C:\Program Files\MiKTeX 2.9\tex\latex\etoolbox\etoolbox.sty"
Package: etoolbox 2015/08/02 v2.2a e-TeX tools for LaTeX (JAW)

("C:\Program Files\MiKTeX 2.9\tex\latex\misc\etex.sty"
Package: etex 1998/03/26 v2.0 eTeX basic definition package (PEB)
\et@xins=\count200
)
\etb@tempcnta=\count201
)
\tcb@titlebox=\box64
\tcb@upperbox=\box65
\tcb@lowerbox=\box66
\tcb@phantombox=\box67
\c@tcbbreakpart=\count202
\c@tcblayer=\count203
\tcolorbox@number=\count204
\tcb@temp=\box68
\tcb@temp=\box69
\tcb@temp=\box70
\tcb@temp=\box71
\tcb@out=\write5
\tcb@record@out=\write6
)
("C:\Program Files\MiKTeX 2.9\tex\latex\tcolorbox\tcbtheorems.code.tex"
Library (tcolorbox): 'tcbtheorems.code.tex' version '3.90'
)
\c@tcb@cnt@mytheo=\count205
\c@tcb@cnt@mylemma=\count206

(C:\Users\Elizabeth\Documents\GitHub\PHY480\Project4\Presentation\Presentation.
aux)
LaTeX Font Info:    Checking defaults for OML/cmm/m/it on input line 70.
LaTeX Font Info:    ... okay on input line 70.
LaTeX Font Info:    Checking defaults for T1/cmr/m/n on input line 70.
LaTeX Font Info:    ... okay on input line 70.
LaTeX Font Info:    Checking defaults for OT1/cmr/m/n on input line 70.
LaTeX Font Info:    ... okay on input line 70.
LaTeX Font Info:    Checking defaults for OMS/cmsy/m/n on input line 70.
LaTeX Font Info:    ... okay on input line 70.
LaTeX Font Info:    Checking defaults for OMX/cmex/m/n on input line 70.
LaTeX Font Info:    ... okay on input line 70.
LaTeX Font Info:    Checking defaults for U/cmr/m/n on input line 70.
LaTeX Font Info:    ... okay on input line 70.
LaTeX Font Info:    Checking defaults for PD1/pdf/m/n on input line 70.
LaTeX Font Info:    ... okay on input line 70.
LaTeX Font Info:    Try loading font information for OT1+phv on input line 70.
 ("C:\Program Files\MiKTeX 2.9\tex\latex\psnfss\ot1phv.fd"
File: ot1phv.fd 2001/06/04 scalable font definitions for OT1/phv.
)
*geometry* driver: auto-detecting
*geometry* detected driver: pdftex
*geometry* verbose mode - [ preamble ] result:
* driver: pdftex
* paper: custom
* layout: <same size as paper>
* layoutoffset:(h,v)=(0.0pt,0.0pt)
* modes: includehead includefoot 
* h-part:(L,W,R)=(10.95003pt, 342.2953pt, 10.95003pt)
* v-part:(T,H,B)=(0.0pt, 273.14662pt, 0.0pt)
* \paperwidth=364.19536pt
* \paperheight=273.14662pt
* \textwidth=342.2953pt
* \textheight=244.6939pt
* \oddsidemargin=-61.31996pt
* \evensidemargin=-61.31996pt
* \topmargin=-72.26999pt
* \headheight=14.22636pt
* \headsep=0.0pt
* \topskip=11.0pt
* \footskip=14.22636pt
* \marginparwidth=4.0pt
* \marginparsep=10.0pt
* \columnsep=10.0pt
* \skip\footins=10.0pt plus 4.0pt minus 2.0pt
* \hoffset=0.0pt
* \voffset=0.0pt
* \mag=1000
* \@twocolumnfalse
* \@twosidefalse
* \@mparswitchfalse
* \@reversemarginfalse
* (1in=72.27pt=25.4mm, 1cm=28.453pt)

("C:\Program Files\MiKTeX 2.9\tex\context\base\supp-pdf.mkii"
[Loading MPS to PDF converter (version 2006.09.02).]
\scratchcounter=\count207
\scratchdimen=\dimen227
\scratchbox=\box72
\nofMPsegments=\count208
\nofMParguments=\count209
\everyMPshowfont=\toks61
\MPscratchCnt=\count210
\MPscratchDim=\dimen228
\MPnumerator=\count211
\makeMPintoPDFobject=\count212
\everyMPtoPDFconversion=\toks62
) ABD: EveryShipout initializing macros
\AtBeginShipoutBox=\box73
Package hyperref Info: Link coloring OFF on input line 70.

("C:\Program Files\MiKTeX 2.9\tex\latex\hyperref\nameref.sty"
Package: nameref 2010/04/30 v2.40 Cross-referencing by name of section

("C:\Program Files\MiKTeX 2.9\tex\generic\oberdiek\gettitlestring.sty"
Package: gettitlestring 2010/12/03 v1.4 Cleanup title references (HO)
)
\c@section@level=\count213
)
LaTeX Info: Redefining \ref on input line 70.
LaTeX Info: Redefining \pageref on input line 70.
LaTeX Info: Redefining \nameref on input line 70.

(C:\Users\Elizabeth\Documents\GitHub\PHY480\Project4\Presentation\Presentation.
out)
(C:\Users\Elizabeth\Documents\GitHub\PHY480\Project4\Presentation\Presentation.
out)
\@outlinefile=\write7

("C:\Program Files\MiKTeX 2.9\tex\latex\beamer\base\translator\dicts\translator
-basic-dictionary\translator-basic-dictionary-English.dict"
Dictionary: translator-basic-dictionary, Language: English 
)
("C:\Program Files\MiKTeX 2.9\tex\latex\beamer\base\translator\dicts\translator
-bibliography-dictionary\translator-bibliography-dictionary-English.dict"
Dictionary: translator-bibliography-dictionary, Language: English 
)
("C:\Program Files\MiKTeX 2.9\tex\latex\beamer\base\translator\dicts\translator
-environment-dictionary\translator-environment-dictionary-English.dict"
Dictionary: translator-environment-dictionary, Language: English 
)
("C:\Program Files\MiKTeX 2.9\tex\latex\beamer\base\translator\dicts\translator
-months-dictionary\translator-months-dictionary-English.dict"
Dictionary: translator-months-dictionary, Language: English 
)
("C:\Program Files\MiKTeX 2.9\tex\latex\beamer\base\translator\dicts\translator
-numbers-dictionary\translator-numbers-dictionary-English.dict"
Dictionary: translator-numbers-dictionary, Language: English 
)
("C:\Program Files\MiKTeX 2.9\tex\latex\beamer\base\translator\dicts\translator
-theorem-dictionary\translator-theorem-dictionary-English.dict"
Dictionary: translator-theorem-dictionary, Language: English 
)
LaTeX Info: Redefining \includegraphics on input line 70.

("C:\Program Files\MiKTeX 2.9\tex\latex\ucs\ucsencs.def"
File: ucsencs.def 2011/01/21 Fixes to fontencodings LGR, T3
)
\c@lstlisting=\count214

(C:\Users\Elizabeth\Documents\GitHub\PHY480\Project4\Presentation\Presentation.
nav) [1

{C:/ProgramData/MiKTeX/2.9/pdftex/config/pdftex.map}] [2

] [3

]
LaTeX Font Info:    Try loading font information for U+msa on input line 97.

("C:\Program Files\MiKTeX 2.9\tex\latex\amsfonts\umsa.fd"
File: umsa.fd 2009/06/22 v3.00 AMS symbols A
)
LaTeX Font Info:    Try loading font information for U+msb on input line 97.

("C:\Program Files\MiKTeX 2.9\tex\latex\amsfonts\umsb.fd"
File: umsb.fd 2009/06/22 v3.00 AMS symbols B
) [4

] [5

] [6

]
Overfull \vbox (3.05667pt too high) detected at line 139
 []

[7

] <../Report/spin_orientations.png, id=250, 595.023pt x 496.7358pt>
File: ../Report/spin_orientations.png Graphic file (type png)

<use ../Report/spin_orientations.png>
Package pdftex.def Info: ../Report/spin_orientations.png used on input line 153
.
(pdftex.def)             Requested size: 205.37926pt x 171.44983pt.
 [8

 <C:/Users/Elizabeth/Documents/GitHub/PHY480/Project4/Report/spin_orientations.
png>] [9

] [10

] [11

] [12

]
LaTeX Font Info:    Try loading font information for OT1+pcr on input line 221.


("C:\Program Files\MiKTeX 2.9\tex\latex\psnfss\ot1pcr.fd"
File: ot1pcr.fd 2001/06/04 font definitions for OT1/pcr.
) [13

] [14

] [15

]
[16

] <../Report/deltaEs.png, id=503, 618.1494pt x 349.305pt>
File: ../Report/deltaEs.png Graphic file (type png)

<use ../Report/deltaEs.png>
Package pdftex.def Info: ../Report/deltaEs.png used on input line 271.
(pdftex.def)             Requested size: 205.37926pt x 116.0545pt.
 [17

 <C:/Users/Elizabeth/Documents/GitHub/PHY480/Project4/Report/deltaEs.png>] [18

] [19

]
<../Report/benchmarks/plots/plots_random_meanE_size2_temp1.png, id=588, 798.985
pt x 694.595pt>
File: ../Report/benchmarks/plots/plots_random_meanE_size2_temp1.png Graphic fil
e (type png)

<use ../Report/benchmarks/plots/plots_random_meanE_size2_temp1.png>
Package pdftex.def Info: ../Report/benchmarks/plots/plots_random_meanE_size2_te
mp1.png used on input line 314.
(pdftex.def)             Requested size: 92.42119pt x 80.33778pt.

<../Report/benchmarks/plots/plots_random_meanAbsM_size2_temp1.png, id=589, 798.
985pt x 694.595pt>
File: ../Report/benchmarks/plots/plots_random_meanAbsM_size2_temp1.png Graphic 
file (type png)

<use ../Report/benchmarks/plots/plots_random_meanAbsM_size2_temp1.png>
Package pdftex.def Info: ../Report/benchmarks/plots/plots_random_meanAbsM_size2
_temp1.png used on input line 314.
(pdftex.def)             Requested size: 92.42119pt x 80.33778pt.

<../Report/benchmarks/plots/plots_random_CV_size2_temp1.png, id=590, 798.985pt 
x 694.595pt>
File: ../Report/benchmarks/plots/plots_random_CV_size2_temp1.png Graphic file (
type png)
 <use ../Report/benchmarks/plots/plots_random_CV_size2_temp1.png>
Package pdftex.def Info: ../Report/benchmarks/plots/plots_random_CV_size2_temp1
.png used on input line 314.
(pdftex.def)             Requested size: 92.42119pt x 80.33778pt.

<../Report/benchmarks/plots/plots_random_chi_size2_temp1.png, id=591, 798.985pt
 x 694.595pt>
File: ../Report/benchmarks/plots/plots_random_chi_size2_temp1.png Graphic file 
(type png)

<use ../Report/benchmarks/plots/plots_random_chi_size2_temp1.png>
Package pdftex.def Info: ../Report/benchmarks/plots/plots_random_chi_size2_temp
1.png used on input line 314.
(pdftex.def)             Requested size: 92.42119pt x 80.33778pt.

Overfull \vbox (9.06552pt too high) detected at line 314
 []

[20

 <C:/Users/Elizabeth/Documents/GitHub/PHY480/Project4/Report/benchmarks/plots/p
lots_random_meanE_size2_temp1.png> <C:/Users/Elizabeth/Documents/GitHub/PHY480/
Project4/Report/benchmarks/plots/plots_random_meanAbsM_size2_temp1.png> <C:/Use
rs/Elizabeth/Documents/GitHub/PHY480/Project4/Report/benchmarks/plots/plots_ran
dom_CV_size2_temp1.png> <C:/Users/Elizabeth/Documents/GitHub/PHY480/Project4/Re
port/benchmarks/plots/plots_random_chi_size2_temp1.png>] [21

]
<../Report/plots/partcandd/plots_random_meanE_size20_temp1.png, id=647, 798.985
pt x 694.595pt>
File: ../Report/plots/partcandd/plots_random_meanE_size20_temp1.png Graphic fil
e (type png)

<use ../Report/plots/partcandd/plots_random_meanE_size20_temp1.png>
Package pdftex.def Info: ../Report/plots/partcandd/plots_random_meanE_size20_te
mp1.png used on input line 338.
(pdftex.def)             Requested size: 92.42119pt x 80.33778pt.

<../Report/plots/partcandd/plots_random_meanAbsM_size20_temp1.png, id=648, 798.
985pt x 694.595pt>
File: ../Report/plots/partcandd/plots_random_meanAbsM_size20_temp1.png Graphic 
file (type png)

<use ../Report/plots/partcandd/plots_random_meanAbsM_size20_temp1.png>
Package pdftex.def Info: ../Report/plots/partcandd/plots_random_meanAbsM_size20
_temp1.png used on input line 338.
(pdftex.def)             Requested size: 92.42119pt x 80.33778pt.

<../Report/plots/partcandd/plots_random_CV_size20_temp1.png, id=649, 798.985pt 
x 694.595pt>
File: ../Report/plots/partcandd/plots_random_CV_size20_temp1.png Graphic file (
type png)
 <use ../Report/plots/partcandd/plots_random_CV_size20_temp1.png>
Package pdftex.def Info: ../Report/plots/partcandd/plots_random_CV_size20_temp1
.png used on input line 338.
(pdftex.def)             Requested size: 92.42119pt x 80.33778pt.

<../Report/plots/partcandd/plots_random_chi_size20_temp1.png, id=650, 798.985pt
 x 694.595pt>
File: ../Report/plots/partcandd/plots_random_chi_size20_temp1.png Graphic file 
(type png)

<use ../Report/plots/partcandd/plots_random_chi_size20_temp1.png>
Package pdftex.def Info: ../Report/plots/partcandd/plots_random_chi_size20_temp
1.png used on input line 338.
(pdftex.def)             Requested size: 92.42119pt x 80.33778pt.

Overfull \vbox (8.65048pt too high) detected at line 338
 []

[22

 <C:/Users/Elizabeth/Documents/GitHub/PHY480/Project4/Report/plots/partcandd/pl
ots_random_meanE_size20_temp1.png> <C:/Users/Elizabeth/Documents/GitHub/PHY480/
Project4/Report/plots/partcandd/plots_random_meanAbsM_size20_temp1.png> <C:/Use
rs/Elizabeth/Documents/GitHub/PHY480/Project4/Report/plots/partcandd/plots_rand
om_CV_size20_temp1.png> <C:/Users/Elizabeth/Documents/GitHub/PHY480/Project4/Re
port/plots/partcandd/plots_random_chi_size20_temp1.png>]
<../Report/plots/partcandd/plots_steady_meanE_size20_temp1.png, id=678, 798.985
pt x 694.595pt>
File: ../Report/plots/partcandd/plots_steady_meanE_size20_temp1.png Graphic fil
e (type png)

<use ../Report/plots/partcandd/plots_steady_meanE_size20_temp1.png>
Package pdftex.def Info: ../Report/plots/partcandd/plots_steady_meanE_size20_te
mp1.png used on input line 360.
(pdftex.def)             Requested size: 92.42119pt x 80.33778pt.

<../Report/plots/partcandd/plots_steady_meanAbsM_size20_temp1.png, id=679, 798.
985pt x 694.595pt>
File: ../Report/plots/partcandd/plots_steady_meanAbsM_size20_temp1.png Graphic 
file (type png)

<use ../Report/plots/partcandd/plots_steady_meanAbsM_size20_temp1.png>
Package pdftex.def Info: ../Report/plots/partcandd/plots_steady_meanAbsM_size20
_temp1.png used on input line 360.
(pdftex.def)             Requested size: 92.42119pt x 80.33778pt.

<../Report/plots/partcandd/plots_steady_CV_size20_temp1.png, id=680, 798.985pt 
x 694.595pt>
File: ../Report/plots/partcandd/plots_steady_CV_size20_temp1.png Graphic file (
type png)
 <use ../Report/plots/partcandd/plots_steady_CV_size20_temp1.png>
Package pdftex.def Info: ../Report/plots/partcandd/plots_steady_CV_size20_temp1
.png used on input line 360.
(pdftex.def)             Requested size: 92.42119pt x 80.33778pt.

<../Report/plots/partcandd/plots_steady_chi_size20_temp1.png, id=681, 798.985pt
 x 694.595pt>
File: ../Report/plots/partcandd/plots_steady_chi_size20_temp1.png Graphic file 
(type png)

<use ../Report/plots/partcandd/plots_steady_chi_size20_temp1.png>
Package pdftex.def Info: ../Report/plots/partcandd/plots_steady_chi_size20_temp
1.png used on input line 360.
(pdftex.def)             Requested size: 92.42119pt x 80.33778pt.

Overfull \vbox (8.70541pt too high) detected at line 360
 []

[23

 <C:/Users/Elizabeth/Documents/GitHub/PHY480/Project4/Report/plots/partcandd/pl
ots_steady_meanE_size20_temp1.png> <C:/Users/Elizabeth/Documents/GitHub/PHY480/
Project4/Report/plots/partcandd/plots_steady_meanAbsM_size20_temp1.png> <C:/Use
rs/Elizabeth/Documents/GitHub/PHY480/Project4/Report/plots/partcandd/plots_stea
dy_CV_size20_temp1.png> <C:/Users/Elizabeth/Documents/GitHub/PHY480/Project4/Re
port/plots/partcandd/plots_steady_chi_size20_temp1.png>]
<../Report/plots/partcandd/plots_random_meanE_size20_temp24.png, id=709, 798.98
5pt x 694.595pt>
File: ../Report/plots/partcandd/plots_random_meanE_size20_temp24.png Graphic fi
le (type png)

<use ../Report/plots/partcandd/plots_random_meanE_size20_temp24.png>
Package pdftex.def Info: ../Report/plots/partcandd/plots_random_meanE_size20_te
mp24.png used on input line 382.
(pdftex.def)             Requested size: 92.42119pt x 80.33778pt.

<../Report/plots/partcandd/plots_random_meanAbsM_size20_temp24.png, id=710, 798
.985pt x 694.595pt>
File: ../Report/plots/partcandd/plots_random_meanAbsM_size20_temp24.png Graphic
 file (type png)

<use ../Report/plots/partcandd/plots_random_meanAbsM_size20_temp24.png>
Package pdftex.def Info: ../Report/plots/partcandd/plots_random_meanAbsM_size20
_temp24.png used on input line 382.
(pdftex.def)             Requested size: 92.42119pt x 80.33778pt.

<../Report/plots/partcandd/plots_random_CV_size20_temp24.png, id=711, 798.985pt
 x 694.595pt>
File: ../Report/plots/partcandd/plots_random_CV_size20_temp24.png Graphic file 
(type png)

<use ../Report/plots/partcandd/plots_random_CV_size20_temp24.png>
Package pdftex.def Info: ../Report/plots/partcandd/plots_random_CV_size20_temp2
4.png used on input line 382.
(pdftex.def)             Requested size: 92.42119pt x 80.33778pt.

<../Report/plots/partcandd/plots_random_chi_size20_temp24.png, id=712, 798.985p
t x 694.595pt>
File: ../Report/plots/partcandd/plots_random_chi_size20_temp24.png Graphic file
 (type png)

<use ../Report/plots/partcandd/plots_random_chi_size20_temp24.png>
Package pdftex.def Info: ../Report/plots/partcandd/plots_random_chi_size20_temp
24.png used on input line 382.
(pdftex.def)             Requested size: 92.42119pt x 80.33778pt.

Overfull \vbox (8.65048pt too high) detected at line 382
 []

[24

 <C:/Users/Elizabeth/Documents/GitHub/PHY480/Project4/Report/plots/partcandd/pl
ots_random_meanE_size20_temp24.png> <C:/Users/Elizabeth/Documents/GitHub/PHY480
/Project4/Report/plots/partcandd/plots_random_meanAbsM_size20_temp24.png> <C:/U
sers/Elizabeth/Documents/GitHub/PHY480/Project4/Report/plots/partcandd/plots_ra
ndom_CV_size20_temp24.png> <C:/Users/Elizabeth/Documents/GitHub/PHY480/Project4
/Report/plots/partcandd/plots_random_chi_size20_temp24.png>]
<../Report/plots/partcandd/plots_steady_meanE_size20_temp24.png, id=740, 798.98
5pt x 694.595pt>
File: ../Report/plots/partcandd/plots_steady_meanE_size20_temp24.png Graphic fi
le (type png)

<use ../Report/plots/partcandd/plots_steady_meanE_size20_temp24.png>
Package pdftex.def Info: ../Report/plots/partcandd/plots_steady_meanE_size20_te
mp24.png used on input line 404.
(pdftex.def)             Requested size: 92.42119pt x 80.33778pt.

<../Report/plots/partcandd/plots_steady_meanAbsM_size20_temp24.png, id=741, 798
.985pt x 694.595pt>
File: ../Report/plots/partcandd/plots_steady_meanAbsM_size20_temp24.png Graphic
 file (type png)

<use ../Report/plots/partcandd/plots_steady_meanAbsM_size20_temp24.png>
Package pdftex.def Info: ../Report/plots/partcandd/plots_steady_meanAbsM_size20
_temp24.png used on input line 404.
(pdftex.def)             Requested size: 92.42119pt x 80.33778pt.

<../Report/plots/partcandd/plots_steady_CV_size20_temp24.png, id=742, 798.985pt
 x 694.595pt>
File: ../Report/plots/partcandd/plots_steady_CV_size20_temp24.png Graphic file 
(type png)

<use ../Report/plots/partcandd/plots_steady_CV_size20_temp24.png>
Package pdftex.def Info: ../Report/plots/partcandd/plots_steady_CV_size20_temp2
4.png used on input line 404.
(pdftex.def)             Requested size: 92.42119pt x 80.33778pt.

<../Report/plots/partcandd/plots_steady_chi_size20_temp24.png, id=743, 798.985p
t x 694.595pt>
File: ../Report/plots/partcandd/plots_steady_chi_size20_temp24.png Graphic file
 (type png)

<use ../Report/plots/partcandd/plots_steady_chi_size20_temp24.png>
Package pdftex.def Info: ../Report/plots/partcandd/plots_steady_chi_size20_temp
24.png used on input line 404.
(pdftex.def)             Requested size: 92.42119pt x 80.33778pt.

Overfull \vbox (8.70541pt too high) detected at line 404
 []

[25

 <C:/Users/Elizabeth/Documents/GitHub/PHY480/Project4/Report/plots/partcandd/pl
ots_steady_meanE_size20_temp24.png> <C:/Users/Elizabeth/Documents/GitHub/PHY480
/Project4/Report/plots/partcandd/plots_steady_meanAbsM_size20_temp24.png> <C:/U
sers/Elizabeth/Documents/GitHub/PHY480/Project4/Report/plots/partcandd/plots_st
eady_CV_size20_temp24.png> <C:/Users/Elizabeth/Documents/GitHub/PHY480/Project4
/Report/plots/partcandd/plots_steady_chi_size20_temp24.png>]
<../Report/plots/partcandd/plots_steady_pofE_size20_temp1.png, id=772, 798.985p
t x 694.595pt>
File: ../Report/plots/partcandd/plots_steady_pofE_size20_temp1.png Graphic file
 (type png)

<use ../Report/plots/partcandd/plots_steady_pofE_size20_temp1.png>
Package pdftex.def Info: ../Report/plots/partcandd/plots_steady_pofE_size20_tem
p1.png used on input line 423.
(pdftex.def)             Requested size: 92.42119pt x 80.33778pt.

<../Report/plots/partcandd/plots_steady_pofE_size20_temp24.png, id=773, 798.985
pt x 694.595pt>
File: ../Report/plots/partcandd/plots_steady_pofE_size20_temp24.png Graphic fil
e (type png)

<use ../Report/plots/partcandd/plots_steady_pofE_size20_temp24.png>
Package pdftex.def Info: ../Report/plots/partcandd/plots_steady_pofE_size20_tem
p24.png used on input line 423.
(pdftex.def)             Requested size: 92.42119pt x 80.33778pt.
 [26

 <C:/Users/Elizabeth/Documents/GitHub/PHY480/Project4/Report/plots/partcandd/pl
ots_steady_pofE_size20_temp1.png> <C:/Users/Elizabeth/Documents/GitHub/PHY480/P
roject4/Report/plots/partcandd/plots_steady_pofE_size20_temp24.png>] [27

] [28

]
<../Report/plots/parte/expE_latsize20.png, id=862, 798.985pt x 694.595pt>
File: ../Report/plots/parte/expE_latsize20.png Graphic file (type png)

<use ../Report/plots/parte/expE_latsize20.png>
Package pdftex.def Info: ../Report/plots/parte/expE_latsize20.png used on input
 line 496.
(pdftex.def)             Requested size: 92.42119pt x 80.33778pt.

<../Report/plots/parte/expAbsM_latsize20.png, id=863, 798.985pt x 694.595pt>
File: ../Report/plots/parte/expAbsM_latsize20.png Graphic file (type png)

<use ../Report/plots/parte/expAbsM_latsize20.png>
Package pdftex.def Info: ../Report/plots/parte/expAbsM_latsize20.png used on in
put line 496.
(pdftex.def)             Requested size: 92.42119pt x 80.33778pt.

<../Report/plots/parte/CV_latsize20.png, id=864, 798.985pt x 694.595pt>
File: ../Report/plots/parte/CV_latsize20.png Graphic file (type png)

<use ../Report/plots/parte/CV_latsize20.png>
Package pdftex.def Info: ../Report/plots/parte/CV_latsize20.png used on input l
ine 496.
(pdftex.def)             Requested size: 92.42119pt x 80.33778pt.

<../Report/plots/parte/susceptibility_latsize20.png, id=865, 798.985pt x 694.59
5pt>
File: ../Report/plots/parte/susceptibility_latsize20.png Graphic file (type png
)
 <use ../Report/plots/parte/susceptibility_latsize20.png>
Package pdftex.def Info: ../Report/plots/parte/susceptibility_latsize20.png use
d on input line 496.
(pdftex.def)             Requested size: 92.42119pt x 80.33778pt.

Overfull \vbox (8.66049pt too high) detected at line 496
 []

[29

 <C:/Users/Elizabeth/Documents/GitHub/PHY480/Project4/Report/plots/parte/expE_l
atsize20.png> <C:/Users/Elizabeth/Documents/GitHub/PHY480/Project4/Report/plots
/parte/expAbsM_latsize20.png> <C:/Users/Elizabeth/Documents/GitHub/PHY480/Proje
ct4/Report/plots/parte/CV_latsize20.png> <C:/Users/Elizabeth/Documents/GitHub/P
HY480/Project4/Report/plots/parte/susceptibility_latsize20.png>]
<../Report/plots/parte/expE_latsize40.png, id=893, 798.985pt x 694.595pt>
File: ../Report/plots/parte/expE_latsize40.png Graphic file (type png)

<use ../Report/plots/parte/expE_latsize40.png>
Package pdftex.def Info: ../Report/plots/parte/expE_latsize40.png used on input
 line 518.
(pdftex.def)             Requested size: 92.42119pt x 80.33778pt.

<../Report/plots/parte/expAbsM_latsize40.png, id=894, 798.985pt x 694.595pt>
File: ../Report/plots/parte/expAbsM_latsize40.png Graphic file (type png)

<use ../Report/plots/parte/expAbsM_latsize40.png>
Package pdftex.def Info: ../Report/plots/parte/expAbsM_latsize40.png used on in
put line 518.
(pdftex.def)             Requested size: 92.42119pt x 80.33778pt.

<../Report/plots/parte/CV_latsize40.png, id=895, 798.985pt x 694.595pt>
File: ../Report/plots/parte/CV_latsize40.png Graphic file (type png)

<use ../Report/plots/parte/CV_latsize40.png>
Package pdftex.def Info: ../Report/plots/parte/CV_latsize40.png used on input l
ine 518.
(pdftex.def)             Requested size: 92.42119pt x 80.33778pt.

<../Report/plots/parte/susceptibility_latsize40.png, id=896, 798.985pt x 694.59
5pt>
File: ../Report/plots/parte/susceptibility_latsize40.png Graphic file (type png
)
 <use ../Report/plots/parte/susceptibility_latsize40.png>
Package pdftex.def Info: ../Report/plots/parte/susceptibility_latsize40.png use
d on input line 518.
(pdftex.def)             Requested size: 92.42119pt x 80.33778pt.

Overfull \vbox (8.66049pt too high) detected at line 518
 []

[30

 <C:/Users/Elizabeth/Documents/GitHub/PHY480/Project4/Report/plots/parte/expE_l
atsize40.png> <C:/Users/Elizabeth/Documents/GitHub/PHY480/Project4/Report/plots
/parte/expAbsM_latsize40.png> <C:/Users/Elizabeth/Documents/GitHub/PHY480/Proje
ct4/Report/plots/parte/CV_latsize40.png> <C:/Users/Elizabeth/Documents/GitHub/P
HY480/Project4/Report/plots/parte/susceptibility_latsize40.png>]
<../Report/plots/parte/expE_latsize60.png, id=924, 798.985pt x 694.595pt>
File: ../Report/plots/parte/expE_latsize60.png Graphic file (type png)

<use ../Report/plots/parte/expE_latsize60.png>
Package pdftex.def Info: ../Report/plots/parte/expE_latsize60.png used on input
 line 540.
(pdftex.def)             Requested size: 92.42119pt x 80.33778pt.

<../Report/plots/parte/expAbsM_latsize60.png, id=925, 798.985pt x 694.595pt>
File: ../Report/plots/parte/expAbsM_latsize60.png Graphic file (type png)

<use ../Report/plots/parte/expAbsM_latsize60.png>
Package pdftex.def Info: ../Report/plots/parte/expAbsM_latsize60.png used on in
put line 540.
(pdftex.def)             Requested size: 92.42119pt x 80.33778pt.

<../Report/plots/parte/CV_latsize60.png, id=926, 798.985pt x 694.595pt>
File: ../Report/plots/parte/CV_latsize60.png Graphic file (type png)

<use ../Report/plots/parte/CV_latsize60.png>
Package pdftex.def Info: ../Report/plots/parte/CV_latsize60.png used on input l
ine 540.
(pdftex.def)             Requested size: 92.42119pt x 80.33778pt.

<../Report/plots/parte/susceptibility_latsize60.png, id=927, 798.985pt x 694.59
5pt>
File: ../Report/plots/parte/susceptibility_latsize60.png Graphic file (type png
)
 <use ../Report/plots/parte/susceptibility_latsize60.png>
Package pdftex.def Info: ../Report/plots/parte/susceptibility_latsize60.png use
d on input line 540.
(pdftex.def)             Requested size: 92.42119pt x 80.33778pt.

Overfull \vbox (8.66049pt too high) detected at line 540
 []

[31

 <C:/Users/Elizabeth/Documents/GitHub/PHY480/Project4/Report/plots/parte/expE_l
atsize60.png> <C:/Users/Elizabeth/Documents/GitHub/PHY480/Project4/Report/plots
/parte/expAbsM_latsize60.png> <C:/Users/Elizabeth/Documents/GitHub/PHY480/Proje
ct4/Report/plots/parte/CV_latsize60.png> <C:/Users/Elizabeth/Documents/GitHub/P
HY480/Project4/Report/plots/parte/susceptibility_latsize60.png>]
<../Report/plots/parte/expE_latsize80.png, id=956, 798.985pt x 694.595pt>
File: ../Report/plots/parte/expE_latsize80.png Graphic file (type png)

<use ../Report/plots/parte/expE_latsize80.png>
Package pdftex.def Info: ../Report/plots/parte/expE_latsize80.png used on input
 line 562.
(pdftex.def)             Requested size: 92.42119pt x 80.33778pt.

<../Report/plots/parte/expAbsM_latsize80.png, id=957, 798.985pt x 694.595pt>
File: ../Report/plots/parte/expAbsM_latsize80.png Graphic file (type png)

<use ../Report/plots/parte/expAbsM_latsize80.png>
Package pdftex.def Info: ../Report/plots/parte/expAbsM_latsize80.png used on in
put line 562.
(pdftex.def)             Requested size: 92.42119pt x 80.33778pt.

<../Report/plots/parte/CV_latsize80.png, id=958, 798.985pt x 694.595pt>
File: ../Report/plots/parte/CV_latsize80.png Graphic file (type png)

<use ../Report/plots/parte/CV_latsize80.png>
Package pdftex.def Info: ../Report/plots/parte/CV_latsize80.png used on input l
ine 562.
(pdftex.def)             Requested size: 92.42119pt x 80.33778pt.

<../Report/plots/parte/susceptibility_latsize80.png, id=959, 798.985pt x 694.59
5pt>
File: ../Report/plots/parte/susceptibility_latsize80.png Graphic file (type png
)
 <use ../Report/plots/parte/susceptibility_latsize80.png>
Package pdftex.def Info: ../Report/plots/parte/susceptibility_latsize80.png use
d on input line 562.
(pdftex.def)             Requested size: 92.42119pt x 80.33778pt.

Overfull \vbox (8.66049pt too high) detected at line 562
 []

[32

 <C:/Users/Elizabeth/Documents/GitHub/PHY480/Project4/Report/plots/parte/expE_l
atsize80.png> <C:/Users/Elizabeth/Documents/GitHub/PHY480/Project4/Report/plots
/parte/expAbsM_latsize80.png> <C:/Users/Elizabeth/Documents/GitHub/PHY480/Proje
ct4/Report/plots/parte/CV_latsize80.png> <C:/Users/Elizabeth/Documents/GitHub/P
HY480/Project4/Report/plots/parte/susceptibility_latsize80.png>] [33

]
[34

] [35

] <../Report/solveTC1.png, id=1069, 304.88907pt x 255.20343pt>
File: ../Report/solveTC1.png Graphic file (type png)

<use ../Report/solveTC1.png>
Package pdftex.def Info: ../Report/solveTC1.png used on input line 618.
(pdftex.def)             Requested size: 239.60567pt x 200.56488pt.

Overfull \vbox (11.60779pt too high) detected at line 618
 []

[36

 <C:/Users/Elizabeth/Documents/GitHub/PHY480/Project4/Report/solveTC1.png>]
[37

] [38

] [39

] [40

]
Overfull \vbox (0.67168pt too high) detected at line 677
 []

[41

] [42

] [43

] [44

] [45

]
Overfull \vbox (6.74199pt too high) detected at line 769
 []

[46

] [47

] [48

] [49

] [50

] [51

] [52

]
<../Report/benchmarks/ran0/plots_random_chi_size2_temp1.png, id=1535, 798.985pt
 x 694.595pt>
File: ../Report/benchmarks/ran0/plots_random_chi_size2_temp1.png Graphic file (
type png)
 <use ../Report/benchmarks/ran0/plots_random_chi_size2_temp1.png>
Package pdftex.def Info: ../Report/benchmarks/ran0/plots_random_chi_size2_temp1
.png used on input line 885.
(pdftex.def)             Requested size: 92.42119pt x 80.33778pt.

<../Report/benchmarks/ran1/plots_random_chi_size2_temp1.png, id=1536, 798.985pt
 x 694.595pt>
File: ../Report/benchmarks/ran1/plots_random_chi_size2_temp1.png Graphic file (
type png)
 <use ../Report/benchmarks/ran1/plots_random_chi_size2_temp1.png>
Package pdftex.def Info: ../Report/benchmarks/ran1/plots_random_chi_size2_temp1
.png used on input line 885.
(pdftex.def)             Requested size: 92.42119pt x 80.33778pt.

<../Report/benchmarks/ran2/plots_random_chi_size2_temp1.png, id=1537, 798.985pt
 x 694.595pt>
File: ../Report/benchmarks/ran2/plots_random_chi_size2_temp1.png Graphic file (
type png)
 <use ../Report/benchmarks/ran2/plots_random_chi_size2_temp1.png>
Package pdftex.def Info: ../Report/benchmarks/ran2/plots_random_chi_size2_temp1
.png used on input line 885.
(pdftex.def)             Requested size: 92.42119pt x 80.33778pt.

<../Report/benchmarks/ran3/plots_random_chi_size2_temp1.png, id=1538, 798.985pt
 x 694.595pt>
File: ../Report/benchmarks/ran3/plots_random_chi_size2_temp1.png Graphic file (
type png)
 <use ../Report/benchmarks/ran3/plots_random_chi_size2_temp1.png>
Package pdftex.def Info: ../Report/benchmarks/ran3/plots_random_chi_size2_temp1
.png used on input line 885.
(pdftex.def)             Requested size: 92.42119pt x 80.33778pt.
File: ../Report/benchmarks/plots/plots_random_chi_size2_temp1.png Graphic file 
(type png)

<use ../Report/benchmarks/plots/plots_random_chi_size2_temp1.png>
Package pdftex.def Info: ../Report/benchmarks/plots/plots_random_chi_size2_temp
1.png used on input line 885.
(pdftex.def)             Requested size: 92.42119pt x 80.33778pt.

Overfull \vbox (10.99959pt too high) detected at line 885
 []

[53

 <C:/Users/Elizabeth/Documents/GitHub/PHY480/Project4/Report/benchmarks/ran0/pl
ots_random_chi_size2_temp1.png> <C:/Users/Elizabeth/Documents/GitHub/PHY480/Pro
ject4/Report/benchmarks/ran1/plots_random_chi_size2_temp1.png> <C:/Users/Elizab
eth/Documents/GitHub/PHY480/Project4/Report/benchmarks/ran2/plots_random_chi_si
ze2_temp1.png> <C:/Users/Elizabeth/Documents/GitHub/PHY480/Project4/Report/benc
hmarks/ran3/plots_random_chi_size2_temp1.png>] [54

] [55

] [56

]
<Graduation.jpg, id=1645, 363.759pt x 303.0522pt>
File: Graduation.jpg Graphic file (type jpg)
 <use Graduation.jpg>
Package pdftex.def Info: Graduation.jpg used on input line 910.
(pdftex.def)             Requested size: 239.60567pt x 199.62201pt.
 [57

 <C:/Users/Elizabeth/Documents/GitHub/PHY480/Project4/Presentation/Graduation.j
pg>]
(C:\Users\Elizabeth\Documents\GitHub\PHY480\Project4\Presentation\Presentation.
bbl
LaTeX Font Info:    Font shape `OT1/phv/m/it' in size <10.95> not available
(Font)              Font shape `OT1/phv/m/sl' tried instead on input line 19.
 [58

]) [59]
\tf@nav=\write8
\tf@toc=\write9
\tf@snm=\write10
Package atveryend Info: Empty hook `BeforeClearDocument' on input line 915.
Package atveryend Info: Empty hook `AfterLastShipout' on input line 915.

(C:\Users\Elizabeth\Documents\GitHub\PHY480\Project4\Presentation\Presentation.
aux)
Package atveryend Info: Executing hook `AtVeryEndDocument' on input line 915.
Package atveryend Info: Executing hook `AtEndAfterFileList' on input line 915.
Package rerunfilecheck Info: File `Presentation.out' has not changed.
(rerunfilecheck)             Checksum: 1CB5C69216ECEBE0F0A63DCE2FB8E5AF;294.
Package atveryend Info: Empty hook `AtVeryVeryEnd' on input line 915.
 ) 
Here is how much of TeX's memory you used:
 27678 strings out of 494045
 559425 string characters out of 3148375
 638742 words of memory out of 3000000
 30108 multiletter control sequences out of 15000+200000
 28292 words of font info for 75 fonts, out of 3000000 for 9000
 715 hyphenation exceptions out of 8191
 56i,16n,75p,1020b,746s stack positions out of 5000i,500n,10000p,200000b,50000s
{C:/Program Files/MiKTeX 2.9/fonts/enc/dvips/fontname/8r.enc}<C:/Program File
s/MiKTeX 2.9/fonts/type1/public/amsfonts/cm/cmex10.pfb><C:/Program Files/MiKTeX
 2.9/fonts/type1/public/amsfonts/cm/cmmi10.pfb><C:/Program Files/MiKTeX 2.9/fon
ts/type1/public/amsfonts/cm/cmmi12.pfb><C:/Program Files/MiKTeX 2.9/fonts/type1
/public/amsfonts/cm/cmmi6.pfb><C:/Program Files/MiKTeX 2.9/fonts/type1/public/a
msfonts/cm/cmmi7.pfb><C:/Program Files/MiKTeX 2.9/fonts/type1/public/amsfonts/c
m/cmmi8.pfb><C:/Program Files/MiKTeX 2.9/fonts/type1/public/amsfonts/cm/cmmi9.p
fb><C:/Program Files/MiKTeX 2.9/fonts/type1/public/amsfonts/cm/cmr10.pfb><C:/Pr
ogram Files/MiKTeX 2.9/fonts/type1/public/amsfonts/cm/cmr12.pfb><C:/Program Fil
es/MiKTeX 2.9/fonts/type1/public/amsfonts/cm/cmr5.pfb><C:/Program Files/MiKTeX 
2.9/fonts/type1/public/amsfonts/cm/cmr6.pfb><C:/Program Files/MiKTeX 2.9/fonts/
type1/public/amsfonts/cm/cmr7.pfb><C:/Program Files/MiKTeX 2.9/fonts/type1/publ
ic/amsfonts/cm/cmr8.pfb><C:/Program Files/MiKTeX 2.9/fonts/type1/public/amsfont
s/cm/cmr9.pfb><C:/Program Files/MiKTeX 2.9/fonts/type1/public/amsfonts/cm/cmsy1
0.pfb><C:/Program Files/MiKTeX 2.9/fonts/type1/public/amsfonts/cm/cmsy7.pfb><C:
/Program Files/MiKTeX 2.9/fonts/type1/public/amsfonts/cm/cmsy8.pfb><C:/Program 
Files/MiKTeX 2.9/fonts/type1/public/amsfonts/cm/cmsy9.pfb><C:/Program Files/MiK
TeX 2.9/fonts/type1/public/amsfonts/symbols/msam10.pfb><C:/Program Files/MiKTeX
 2.9/fonts/type1/public/amsfonts/symbols/msbm10.pfb><C:/Program Files/MiKTeX 2.
9/fonts/type1/urw/courier/ucrr8a.pfb><C:/Program Files/MiKTeX 2.9/fonts/type1/u
rw/helvetic/uhvr8a.pfb><C:/Program Files/MiKTeX 2.9/fonts/type1/urw/helvetic/uh
vro8a.pfb>
Output written on Presentation.pdf (59 pages, 1432546 bytes).
PDF statistics:
 1835 PDF objects out of 2073 (max. 8388607)
 170 named destinations out of 1000 (max. 500000)
 351 words of extra memory for PDF output out of 10000 (max. 10000000)

