This is pdfTeX, Version 3.1415926-2.3-1.40.12 (MiKTeX 2.9 64-bit) (preloaded format=pdflatex 2013.4.23)  2 MAY 2016 19:10
entering extended mode
**C:/Users/Elizabeth/Documents/GitHub/PHY480/Project4/Report/Report.tex
(C:/Users/Elizabeth/Documents/GitHub/PHY480/Project4/Report/Report.tex
LaTeX2e <2011/06/27>
Babel <v3.8m> and hyphenation patterns for english, afrikaans, ancientgreek, ar
abic, armenian, assamese, basque, bengali, bokmal, bulgarian, catalan, coptic, 
croatian, czech, danish, dutch, esperanto, estonian, farsi, finnish, french, ga
lician, german, german-x-2009-06-19, greek, gujarati, hindi, hungarian, iceland
ic, indonesian, interlingua, irish, italian, kannada, kurmanji, lao, latin, lat
vian, lithuanian, malayalam, marathi, mongolian, mongolianlmc, monogreek, ngerm
an, ngerman-x-2009-06-19, nynorsk, oriya, panjabi, pinyin, polish, portuguese, 
romanian, russian, sanskrit, serbian, slovak, slovenian, spanish, swedish, swis
sgerman, tamil, telugu, turkish, turkmen, ukenglish, ukrainian, uppersorbian, u
senglishmax, welsh, loaded.
("C:\Program Files\MiKTeX 2.9\tex\latex\base\article.cls"
Document Class: article 2007/10/19 v1.4h Standard LaTeX document class
("C:\Program Files\MiKTeX 2.9\tex\latex\base\size12.clo"
File: size12.clo 2007/10/19 v1.4h Standard LaTeX file (size option)
)
\c@part=\count79
\c@section=\count80
\c@subsection=\count81
\c@subsubsection=\count82
\c@paragraph=\count83
\c@subparagraph=\count84
\c@figure=\count85
\c@table=\count86
\abovecaptionskip=\skip41
\belowcaptionskip=\skip42
\bibindent=\dimen102
)
("C:\Program Files\MiKTeX 2.9\tex\latex\ams\math\amsmath.sty"
Package: amsmath 2000/07/18 v2.13 AMS math features
\@mathmargin=\skip43

For additional information on amsmath, use the `?' option.
("C:\Program Files\MiKTeX 2.9\tex\latex\ams\math\amstext.sty"
Package: amstext 2000/06/29 v2.01

("C:\Program Files\MiKTeX 2.9\tex\latex\ams\math\amsgen.sty"
File: amsgen.sty 1999/11/30 v2.0
\@emptytoks=\toks14
\ex@=\dimen103
))
("C:\Program Files\MiKTeX 2.9\tex\latex\ams\math\amsbsy.sty"
Package: amsbsy 1999/11/29 v1.2d
\pmbraise@=\dimen104
)
("C:\Program Files\MiKTeX 2.9\tex\latex\ams\math\amsopn.sty"
Package: amsopn 1999/12/14 v2.01 operator names
)
\inf@bad=\count87
LaTeX Info: Redefining \frac on input line 211.
\uproot@=\count88
\leftroot@=\count89
LaTeX Info: Redefining \overline on input line 307.
\classnum@=\count90
\DOTSCASE@=\count91
LaTeX Info: Redefining \ldots on input line 379.
LaTeX Info: Redefining \dots on input line 382.
LaTeX Info: Redefining \cdots on input line 467.
\Mathstrutbox@=\box26
\strutbox@=\box27
\big@size=\dimen105
LaTeX Font Info:    Redeclaring font encoding OML on input line 567.
LaTeX Font Info:    Redeclaring font encoding OMS on input line 568.
\macc@depth=\count92
\c@MaxMatrixCols=\count93
\dotsspace@=\muskip10
\c@parentequation=\count94
\dspbrk@lvl=\count95
\tag@help=\toks15
\row@=\count96
\column@=\count97
\maxfields@=\count98
\andhelp@=\toks16
\eqnshift@=\dimen106
\alignsep@=\dimen107
\tagshift@=\dimen108
\tagwidth@=\dimen109
\totwidth@=\dimen110
\lineht@=\dimen111
\@envbody=\toks17
\multlinegap=\skip44
\multlinetaggap=\skip45
\mathdisplay@stack=\toks18
LaTeX Info: Redefining \[ on input line 2666.
LaTeX Info: Redefining \] on input line 2667.
)
("C:\Program Files\MiKTeX 2.9\tex\latex\graphics\graphicx.sty"
Package: graphicx 1999/02/16 v1.0f Enhanced LaTeX Graphics (DPC,SPQR)

("C:\Program Files\MiKTeX 2.9\tex\latex\graphics\keyval.sty"
Package: keyval 1999/03/16 v1.13 key=value parser (DPC)
\KV@toks@=\toks19
)
("C:\Program Files\MiKTeX 2.9\tex\latex\graphics\graphics.sty"
Package: graphics 2009/02/05 v1.0o Standard LaTeX Graphics (DPC,SPQR)

("C:\Program Files\MiKTeX 2.9\tex\latex\graphics\trig.sty"
Package: trig 1999/03/16 v1.09 sin cos tan (DPC)
)
("C:\Program Files\MiKTeX 2.9\tex\latex\00miktex\graphics.cfg"
File: graphics.cfg 2007/01/18 v1.5 graphics configuration of teTeX/TeXLive
)
Package graphics Info: Driver file: pdftex.def on input line 91.

("C:\Program Files\MiKTeX 2.9\tex\latex\pdftex-def\pdftex.def"
File: pdftex.def 2011/05/27 v0.06d Graphics/color for pdfTeX

("C:\Program Files\MiKTeX 2.9\tex\generic\oberdiek\infwarerr.sty"
Package: infwarerr 2010/04/08 v1.3 Providing info/warning/error messages (HO)
)
("C:\Program Files\MiKTeX 2.9\tex\generic\oberdiek\ltxcmds.sty"
Package: ltxcmds 2011/11/09 v1.22 LaTeX kernel commands for general use (HO)
)
\Gread@gobject=\count99
))
\Gin@req@height=\dimen112
\Gin@req@width=\dimen113
)
("C:\Program Files\MiKTeX 2.9\tex\latex\float\float.sty"
Package: float 2001/11/08 v1.3d Float enhancements (AL)
\c@float@type=\count100
\float@exts=\toks20
\float@box=\box28
\@float@everytoks=\toks21
\@floatcapt=\box29
)
("C:\Program Files\MiKTeX 2.9\tex\latex\base\inputenc.sty"
Package: inputenc 2008/03/30 v1.1d Input encoding file
\inpenc@prehook=\toks22
\inpenc@posthook=\toks23

("C:\Program Files\MiKTeX 2.9\tex\latex\base\utf8.def"
File: utf8.def 2008/04/05 v1.1m UTF-8 support for inputenc
Now handling font encoding OML ...
... no UTF-8 mapping file for font encoding OML
Now handling font encoding T1 ...
... processing UTF-8 mapping file for font encoding T1

("C:\Program Files\MiKTeX 2.9\tex\latex\base\t1enc.dfu"
File: t1enc.dfu 2008/04/05 v1.1m UTF-8 support for inputenc
   defining Unicode char U+00A1 (decimal 161)
   defining Unicode char U+00A3 (decimal 163)
   defining Unicode char U+00AB (decimal 171)
   defining Unicode char U+00BB (decimal 187)
   defining Unicode char U+00BF (decimal 191)
   defining Unicode char U+00C0 (decimal 192)
   defining Unicode char U+00C1 (decimal 193)
   defining Unicode char U+00C2 (decimal 194)
   defining Unicode char U+00C3 (decimal 195)
   defining Unicode char U+00C4 (decimal 196)
   defining Unicode char U+00C5 (decimal 197)
   defining Unicode char U+00C6 (decimal 198)
   defining Unicode char U+00C7 (decimal 199)
   defining Unicode char U+00C8 (decimal 200)
   defining Unicode char U+00C9 (decimal 201)
   defining Unicode char U+00CA (decimal 202)
   defining Unicode char U+00CB (decimal 203)
   defining Unicode char U+00CC (decimal 204)
   defining Unicode char U+00CD (decimal 205)
   defining Unicode char U+00CE (decimal 206)
   defining Unicode char U+00CF (decimal 207)
   defining Unicode char U+00D0 (decimal 208)
   defining Unicode char U+00D1 (decimal 209)
   defining Unicode char U+00D2 (decimal 210)
   defining Unicode char U+00D3 (decimal 211)
   defining Unicode char U+00D4 (decimal 212)
   defining Unicode char U+00D5 (decimal 213)
   defining Unicode char U+00D6 (decimal 214)
   defining Unicode char U+00D8 (decimal 216)
   defining Unicode char U+00D9 (decimal 217)
   defining Unicode char U+00DA (decimal 218)
   defining Unicode char U+00DB (decimal 219)
   defining Unicode char U+00DC (decimal 220)
   defining Unicode char U+00DD (decimal 221)
   defining Unicode char U+00DE (decimal 222)
   defining Unicode char U+00DF (decimal 223)
   defining Unicode char U+00E0 (decimal 224)
   defining Unicode char U+00E1 (decimal 225)
   defining Unicode char U+00E2 (decimal 226)
   defining Unicode char U+00E3 (decimal 227)
   defining Unicode char U+00E4 (decimal 228)
   defining Unicode char U+00E5 (decimal 229)
   defining Unicode char U+00E6 (decimal 230)
   defining Unicode char U+00E7 (decimal 231)
   defining Unicode char U+00E8 (decimal 232)
   defining Unicode char U+00E9 (decimal 233)
   defining Unicode char U+00EA (decimal 234)
   defining Unicode char U+00EB (decimal 235)
   defining Unicode char U+00EC (decimal 236)
   defining Unicode char U+00ED (decimal 237)
   defining Unicode char U+00EE (decimal 238)
   defining Unicode char U+00EF (decimal 239)
   defining Unicode char U+00F0 (decimal 240)
   defining Unicode char U+00F1 (decimal 241)
   defining Unicode char U+00F2 (decimal 242)
   defining Unicode char U+00F3 (decimal 243)
   defining Unicode char U+00F4 (decimal 244)
   defining Unicode char U+00F5 (decimal 245)
   defining Unicode char U+00F6 (decimal 246)
   defining Unicode char U+00F8 (decimal 248)
   defining Unicode char U+00F9 (decimal 249)
   defining Unicode char U+00FA (decimal 250)
   defining Unicode char U+00FB (decimal 251)
   defining Unicode char U+00FC (decimal 252)
   defining Unicode char U+00FD (decimal 253)
   defining Unicode char U+00FE (decimal 254)
   defining Unicode char U+00FF (decimal 255)
   defining Unicode char U+0102 (decimal 258)
   defining Unicode char U+0103 (decimal 259)
   defining Unicode char U+0104 (decimal 260)
   defining Unicode char U+0105 (decimal 261)
   defining Unicode char U+0106 (decimal 262)
   defining Unicode char U+0107 (decimal 263)
   defining Unicode char U+010C (decimal 268)
   defining Unicode char U+010D (decimal 269)
   defining Unicode char U+010E (decimal 270)
   defining Unicode char U+010F (decimal 271)
   defining Unicode char U+0110 (decimal 272)
   defining Unicode char U+0111 (decimal 273)
   defining Unicode char U+0118 (decimal 280)
   defining Unicode char U+0119 (decimal 281)
   defining Unicode char U+011A (decimal 282)
   defining Unicode char U+011B (decimal 283)
   defining Unicode char U+011E (decimal 286)
   defining Unicode char U+011F (decimal 287)
   defining Unicode char U+0130 (decimal 304)
   defining Unicode char U+0131 (decimal 305)
   defining Unicode char U+0132 (decimal 306)
   defining Unicode char U+0133 (decimal 307)
   defining Unicode char U+0139 (decimal 313)
   defining Unicode char U+013A (decimal 314)
   defining Unicode char U+013D (decimal 317)
   defining Unicode char U+013E (decimal 318)
   defining Unicode char U+0141 (decimal 321)
   defining Unicode char U+0142 (decimal 322)
   defining Unicode char U+0143 (decimal 323)
   defining Unicode char U+0144 (decimal 324)
   defining Unicode char U+0147 (decimal 327)
   defining Unicode char U+0148 (decimal 328)
   defining Unicode char U+014A (decimal 330)
   defining Unicode char U+014B (decimal 331)
   defining Unicode char U+0150 (decimal 336)
   defining Unicode char U+0151 (decimal 337)
   defining Unicode char U+0152 (decimal 338)
   defining Unicode char U+0153 (decimal 339)
   defining Unicode char U+0154 (decimal 340)
   defining Unicode char U+0155 (decimal 341)
   defining Unicode char U+0158 (decimal 344)
   defining Unicode char U+0159 (decimal 345)
   defining Unicode char U+015A (decimal 346)
   defining Unicode char U+015B (decimal 347)
   defining Unicode char U+015E (decimal 350)
   defining Unicode char U+015F (decimal 351)
   defining Unicode char U+0160 (decimal 352)
   defining Unicode char U+0161 (decimal 353)
   defining Unicode char U+0162 (decimal 354)
   defining Unicode char U+0163 (decimal 355)
   defining Unicode char U+0164 (decimal 356)
   defining Unicode char U+0165 (decimal 357)
   defining Unicode char U+016E (decimal 366)
   defining Unicode char U+016F (decimal 367)
   defining Unicode char U+0170 (decimal 368)
   defining Unicode char U+0171 (decimal 369)
   defining Unicode char U+0178 (decimal 376)
   defining Unicode char U+0179 (decimal 377)
   defining Unicode char U+017A (decimal 378)
   defining Unicode char U+017B (decimal 379)
   defining Unicode char U+017C (decimal 380)
   defining Unicode char U+017D (decimal 381)
   defining Unicode char U+017E (decimal 382)
   defining Unicode char U+200C (decimal 8204)
   defining Unicode char U+2013 (decimal 8211)
   defining Unicode char U+2014 (decimal 8212)
   defining Unicode char U+2018 (decimal 8216)
   defining Unicode char U+2019 (decimal 8217)
   defining Unicode char U+201A (decimal 8218)
   defining Unicode char U+201C (decimal 8220)
   defining Unicode char U+201D (decimal 8221)
   defining Unicode char U+201E (decimal 8222)
   defining Unicode char U+2030 (decimal 8240)
   defining Unicode char U+2031 (decimal 8241)
   defining Unicode char U+2039 (decimal 8249)
   defining Unicode char U+203A (decimal 8250)
   defining Unicode char U+2423 (decimal 9251)
)
Now handling font encoding OT1 ...
... processing UTF-8 mapping file for font encoding OT1

("C:\Program Files\MiKTeX 2.9\tex\latex\base\ot1enc.dfu"
File: ot1enc.dfu 2008/04/05 v1.1m UTF-8 support for inputenc
   defining Unicode char U+00A1 (decimal 161)
   defining Unicode char U+00A3 (decimal 163)
   defining Unicode char U+00B8 (decimal 184)
   defining Unicode char U+00BF (decimal 191)
   defining Unicode char U+00C5 (decimal 197)
   defining Unicode char U+00C6 (decimal 198)
   defining Unicode char U+00D8 (decimal 216)
   defining Unicode char U+00DF (decimal 223)
   defining Unicode char U+00E6 (decimal 230)
   defining Unicode char U+00EC (decimal 236)
   defining Unicode char U+00ED (decimal 237)
   defining Unicode char U+00EE (decimal 238)
   defining Unicode char U+00EF (decimal 239)
   defining Unicode char U+00F8 (decimal 248)
   defining Unicode char U+0131 (decimal 305)
   defining Unicode char U+0141 (decimal 321)
   defining Unicode char U+0142 (decimal 322)
   defining Unicode char U+0152 (decimal 338)
   defining Unicode char U+0153 (decimal 339)
   defining Unicode char U+2013 (decimal 8211)
   defining Unicode char U+2014 (decimal 8212)
   defining Unicode char U+2018 (decimal 8216)
   defining Unicode char U+2019 (decimal 8217)
   defining Unicode char U+201C (decimal 8220)
   defining Unicode char U+201D (decimal 8221)
)
Now handling font encoding OMS ...
... processing UTF-8 mapping file for font encoding OMS

("C:\Program Files\MiKTeX 2.9\tex\latex\base\omsenc.dfu"
File: omsenc.dfu 2008/04/05 v1.1m UTF-8 support for inputenc
   defining Unicode char U+00A7 (decimal 167)
   defining Unicode char U+00B6 (decimal 182)
   defining Unicode char U+00B7 (decimal 183)
   defining Unicode char U+2020 (decimal 8224)
   defining Unicode char U+2021 (decimal 8225)
   defining Unicode char U+2022 (decimal 8226)
)
Now handling font encoding OMX ...
... no UTF-8 mapping file for font encoding OMX
Now handling font encoding U ...
... no UTF-8 mapping file for font encoding U
   defining Unicode char U+00A9 (decimal 169)
   defining Unicode char U+00AA (decimal 170)
   defining Unicode char U+00AE (decimal 174)
   defining Unicode char U+00BA (decimal 186)
   defining Unicode char U+02C6 (decimal 710)
   defining Unicode char U+02DC (decimal 732)
   defining Unicode char U+200C (decimal 8204)
   defining Unicode char U+2026 (decimal 8230)
   defining Unicode char U+2122 (decimal 8482)
   defining Unicode char U+2423 (decimal 9251)
))
("C:\Program Files\MiKTeX 2.9\tex\latex\cite\cite.sty"
LaTeX Info: Redefining \cite on input line 302.
LaTeX Info: Redefining \nocite on input line 373.
Package: cite 2010/09/10  v 5.3
)
("C:\Program Files\MiKTeX 2.9\tex\latex\setspace\setspace.sty"
Package: setspace 2011/12/19 v6.7a set line spacing
)
("C:\Program Files\MiKTeX 2.9\tex\latex\amsfonts\amsfonts.sty"
Package: amsfonts 2009/06/22 v3.00 Basic AMSFonts support
\symAMSa=\mathgroup4
\symAMSb=\mathgroup5
LaTeX Font Info:    Overwriting math alphabet `\mathfrak' in version `bold'
(Font)                  U/euf/m/n --> U/euf/b/n on input line 96.
)
("C:\Program Files\MiKTeX 2.9\tex\latex\jknappen\mathrsfs.sty"
Package: mathrsfs 1996/01/01 Math RSFS package v1.0 (jk)
\symrsfs=\mathgroup6
)
("C:\Program Files\MiKTeX 2.9\tex\latex\geometry\geometry.sty"
Package: geometry 2010/09/12 v5.6 Page Geometry

("C:\Program Files\MiKTeX 2.9\tex\generic\oberdiek\ifpdf.sty"
Package: ifpdf 2011/01/30 v2.3 Provides the ifpdf switch (HO)
Package ifpdf Info: pdfTeX in PDF mode is detected.
)
("C:\Program Files\MiKTeX 2.9\tex\generic\oberdiek\ifvtex.sty"
Package: ifvtex 2010/03/01 v1.5 Detect VTeX and its facilities (HO)
Package ifvtex Info: VTeX not detected.
)
("C:\Program Files\MiKTeX 2.9\tex\generic\ifxetex\ifxetex.sty"
Package: ifxetex 2010/09/12 v0.6 Provides ifxetex conditional
)
\Gm@cnth=\count101
\Gm@cntv=\count102
\c@Gm@tempcnt=\count103
\Gm@bindingoffset=\dimen114
\Gm@wd@mp=\dimen115
\Gm@odd@mp=\dimen116
\Gm@even@mp=\dimen117
\Gm@layoutwidth=\dimen118
\Gm@layoutheight=\dimen119
\Gm@layouthoffset=\dimen120
\Gm@layoutvoffset=\dimen121
\Gm@dimlist=\toks24

("C:\Program Files\MiKTeX 2.9\tex\latex\geometry\geometry.cfg"))
("C:\Program Files\MiKTeX 2.9\tex\latex\enumitem\enumitem.sty"
Package: enumitem 2011/09/28 v3.5.2 Customized lists
\labelindent=\skip46
\enit@outerparindent=\dimen122
\enit@toks=\toks25
\enit@inbox=\box30
\enitdp@description=\count104
)
("C:\Program Files\MiKTeX 2.9\tex\latex\listings\listings.sty"
\lst@mode=\count105
\lst@gtempboxa=\box31
\lst@token=\toks26
\lst@length=\count106
\lst@currlwidth=\dimen123
\lst@column=\count107
\lst@pos=\count108
\lst@lostspace=\dimen124
\lst@width=\dimen125
\lst@newlines=\count109
\lst@lineno=\count110
\lst@maxwidth=\dimen126

("C:\Program Files\MiKTeX 2.9\tex\latex\listings\lstmisc.sty"
File: lstmisc.sty 2015/06/04 1.6 (Carsten Heinz)
\c@lstnumber=\count111
\lst@skipnumbers=\count112
\lst@framebox=\box32
)
("C:\Program Files\MiKTeX 2.9\tex\latex\listings\listings.cfg"
File: listings.cfg 2015/06/04 1.6 listings configuration
))
Package: listings 2015/06/04 1.6 (Carsten Heinz)

("C:\Program Files\MiKTeX 2.9\tex\latex\subfigure\subfigure.sty"
Package: subfigure 2002/07/30 v2.1.4 subfigure package
\subfigtopskip=\skip47
\subfigcapskip=\skip48
\subfigcaptopadj=\dimen127
\subfigbottomskip=\skip49
\subfigcapmargin=\dimen128
\subfiglabelskip=\skip50
\c@subfigure=\count113
\c@lofdepth=\count114
\c@subtable=\count115
\c@lotdepth=\count116

****************************************
* Local config file subfigure.cfg used *
****************************************
("C:\Program Files\MiKTeX 2.9\tex\latex\subfigure\subfigure.cfg")
\subfig@top=\skip51
\subfig@bottom=\skip52
)
(C:\Users\Elizabeth\Documents\GitHub\PHY480\Project4\Report\Report.aux)
LaTeX Font Info:    Checking defaults for OML/cmm/m/it on input line 20.
LaTeX Font Info:    ... okay on input line 20.
LaTeX Font Info:    Checking defaults for T1/cmr/m/n on input line 20.
LaTeX Font Info:    ... okay on input line 20.
LaTeX Font Info:    Checking defaults for OT1/cmr/m/n on input line 20.
LaTeX Font Info:    ... okay on input line 20.
LaTeX Font Info:    Checking defaults for OMS/cmsy/m/n on input line 20.
LaTeX Font Info:    ... okay on input line 20.
LaTeX Font Info:    Checking defaults for OMX/cmex/m/n on input line 20.
LaTeX Font Info:    ... okay on input line 20.
LaTeX Font Info:    Checking defaults for U/cmr/m/n on input line 20.
LaTeX Font Info:    ... okay on input line 20.

("C:\Program Files\MiKTeX 2.9\tex\context\base\supp-pdf.mkii"
[Loading MPS to PDF converter (version 2006.09.02).]
\scratchcounter=\count117
\scratchdimen=\dimen129
\scratchbox=\box33
\nofMPsegments=\count118
\nofMParguments=\count119
\everyMPshowfont=\toks27
\MPscratchCnt=\count120
\MPscratchDim=\dimen130
\MPnumerator=\count121
\makeMPintoPDFobject=\count122
\everyMPtoPDFconversion=\toks28
)
*geometry* driver: auto-detecting
*geometry* detected driver: pdftex
*geometry* verbose mode - [ preamble ] result:
* driver: pdftex
* paper: <default>
* layout: <same size as paper>
* layoutoffset:(h,v)=(0.0pt,0.0pt)
* modes: 
* h-part:(L,W,R)=(72.26999pt, 469.75502pt, 72.26999pt)
* v-part:(T,H,B)=(72.26999pt, 650.43001pt, 72.26999pt)
* \paperwidth=614.295pt
* \paperheight=794.96999pt
* \textwidth=469.75502pt
* \textheight=650.43001pt
* \oddsidemargin=0.0pt
* \evensidemargin=0.0pt
* \topmargin=-37.0pt
* \headheight=12.0pt
* \headsep=25.0pt
* \topskip=12.0pt
* \footskip=30.0pt
* \marginparwidth=44.0pt
* \marginparsep=10.0pt
* \columnsep=10.0pt
* \skip\footins=10.8pt plus 4.0pt minus 2.0pt
* \hoffset=0.0pt
* \voffset=0.0pt
* \mag=1000
* \@twocolumnfalse
* \@twosidefalse
* \@mparswitchfalse
* \@reversemarginfalse
* (1in=72.27pt=25.4mm, 1cm=28.453pt)

\c@lstlisting=\count123
LaTeX Font Info:    Try loading font information for U+msa on input line 21.
("C:\Program Files\MiKTeX 2.9\tex\latex\amsfonts\umsa.fd"
File: umsa.fd 2009/06/22 v3.00 AMS symbols A
)
LaTeX Font Info:    Try loading font information for U+msb on input line 21.

("C:\Program Files\MiKTeX 2.9\tex\latex\amsfonts\umsb.fd"
File: umsb.fd 2009/06/22 v3.00 AMS symbols B
)
LaTeX Font Info:    Try loading font information for U+rsfs on input line 21.

("C:\Program Files\MiKTeX 2.9\tex\latex\jknappen\ursfs.fd"
File: ursfs.fd 1998/03/24 rsfs font definition file (jk)
)
Overfull \hbox (3.30032pt too wide) in paragraph at lines 24--25
[]\OT1/cmr/m/n/10.95 Modeling lattice-type struc-tures un-der the ef-fects of m
ag-ne-ti-za-tion has been achieved
 []


Overfull \hbox (101.67949pt too wide) in paragraph at lines 30--31
\OT1/cmr/m/n/12 magma un-der the earth's crust \OT1/cmr/bx/n/12 http://hyperphy
sics.phy-astr.gsu.edu/hbase/magnetic/magearth.html\OT1/cmr/m/n/12 ,
 []

[1

{C:/ProgramData/MiKTeX/2.9/pdftex/config/pdftex.map}] [2]
<spin_orientations.png, id=20, 595.023pt x 496.7358pt>
File: spin_orientations.png Graphic file (type png)

<use spin_orientations.png>
Package pdftex.def Info: spin_orientations.png used on input line 67.
(pdftex.def)             Requested size: 281.85587pt x 235.30011pt.
 [3 <C:/Users/Elizabeth/Documents/GitHub/PHY480/Project4/Report/spin_orientatio
ns.png>]
Overfull \hbox (2.22105pt too wide) detected at line 120
\OML/cmm/m/it/12 C[] \OT1/cmr/m/n/12 = [] [] = [] []
 []

LaTeX Font Info:    Try loading font information for OMS+cmr on input line 132.

("C:\Program Files\MiKTeX 2.9\tex\latex\base\omscmr.fd"
File: omscmr.fd 1999/05/25 v2.5h Standard LaTeX font definitions
)
LaTeX Font Info:    Font shape `OMS/cmr/m/n' in size <12> not available
(Font)              Font shape `OMS/cmsy/m/n' tried instead on input line 132.
 [4] [5]
<deltaEs.png, id=34, 618.1494pt x 349.305pt>
File: deltaEs.png Graphic file (type png)
 <use deltaEs.png>
Package pdftex.def Info: deltaEs.png used on input line 188.
(pdftex.def)             Requested size: 281.85587pt x 159.27513pt.
 [6 <C:/Users/Elizabeth/Documents/GitHub/PHY480/Project4/Report/deltaEs.png>]
! Extra }, or forgotten $.
<template> \unskip \hfil }
                          \hskip \tabcolsep \hskip -.5\arrayrulewidth \vrule...
l.233 $\left<E\right> &
                         -7.984 \\
? 
! Missing $ inserted.
<inserted text> 
                $
l.233 $\left<E\right> &
                         -7.984 \\
? 
! Missing } inserted.
<inserted text> 
                }
l.233 $\left<E\right> &
                         -7.984 \\
? 
! Extra }, or forgotten $.
<template> \unskip \hfil }
                          \hskip \tabcolsep \hskip -.5\arrayrulewidth \vrule...
l.234 $\left<\left|M\right|\right> &
                                     3.993 \\
? 
! Missing $ inserted.
<inserted text> 
                $
l.234 $\left<\left|M\right|\right> &
                                     3.993 \\
? 
! Missing } inserted.
<inserted text> 
                }
l.234 $\left<\left|M\right|\right> &
                                     3.993 \\
? 
! Extra }, or forgotten $.
<template> \unskip \hfil }
                          \hskip \tabcolsep \hskip -.5\arrayrulewidth \vrule...
l.235 $\left<E^{2}\right> &
                            63.871 \\
? 
! Missing $ inserted.
<inserted text> 
                $
l.235 $\left<E^{2}\right> &
                            63.871 \\
? 
! Missing } inserted.
<inserted text> 
                }
l.235 $\left<E^{2}\right> &
                            63.871 \\
? 
! Extra }, or forgotten $.
<template> \unskip \hfil }
                          \hskip \tabcolsep \hskip -.5\arrayrulewidth \vrule...
l.236 $\left<M^{2}\right> &
                            15.969 \\
? 
! Missing $ inserted.
<inserted text> 
                $
l.236 $\left<M^{2}\right> &
                            15.969 \\
? 
! Missing } inserted.
<inserted text> 
                }
l.236 $\left<M^{2}\right> &
                            15.969 \\
? 

<benchmarks/plots/plots_random_meanE_size2_temp1.png, id=39, 798.985pt x 694.59
5pt>
File: benchmarks/plots/plots_random_meanE_size2_temp1.png Graphic file (type pn
g)
 <use benchmarks/plots/plots_random_meanE_size2_temp1.png>
Package pdftex.def Info: benchmarks/plots/plots_random_meanE_size2_temp1.png us
ed on input line 249.
(pdftex.def)             Requested size: 140.92793pt x 122.50983pt.

<benchmarks/plots/plots_random_meanAbsM_size2_temp1.png, id=40, 798.985pt x 694
.595pt>
File: benchmarks/plots/plots_random_meanAbsM_size2_temp1.png Graphic file (type
 png)
 <use benchmarks/plots/plots_random_meanAbsM_size2_temp1.png>
Package pdftex.def Info: benchmarks/plots/plots_random_meanAbsM_size2_temp1.png
 used on input line 252.
(pdftex.def)             Requested size: 140.92793pt x 122.50983pt.

<benchmarks/plots/plots_random_CV_size2_temp1.png, id=41, 798.985pt x 694.595pt
>
File: benchmarks/plots/plots_random_CV_size2_temp1.png Graphic file (type png)
 <use benchmarks/plots/plots_random_CV_size2_temp1.png>
Package pdftex.def Info: benchmarks/plots/plots_random_CV_size2_temp1.png used 
on input line 255.
(pdftex.def)             Requested size: 140.92793pt x 122.50983pt.

<benchmarks/plots/plots_random_chi_size2_temp1.png, id=42, 798.985pt x 694.595p
t>
File: benchmarks/plots/plots_random_chi_size2_temp1.png Graphic file (type png)

 <use benchmarks/plots/plots_random_chi_size2_temp1.png>
Package pdftex.def Info: benchmarks/plots/plots_random_chi_size2_temp1.png used
 on input line 258.
(pdftex.def)             Requested size: 140.92793pt x 122.50983pt.
 [7] [8]

LaTeX Warning: Citation `babington' on page 9 undefined on input line 287.

[9 <C:/Users/Elizabeth/Documents/GitHub/PHY480/Project4/Report/benchmarks/plots
/plots_random_meanE_size2_temp1.png> <C:/Users/Elizabeth/Documents/GitHub/PHY48
0/Project4/Report/benchmarks/plots/plots_random_meanAbsM_size2_temp1.png> <C:/U
sers/Elizabeth/Documents/GitHub/PHY480/Project4/Report/benchmarks/plots/plots_r
andom_CV_size2_temp1.png> <C:/Users/Elizabeth/Documents/GitHub/PHY480/Project4/
Report/benchmarks/plots/plots_random_chi_size2_temp1.png>]
! Undefined control sequence.
l.324 ...$.~\textbf{recipes}  We found that \textt
                                                  {ran0} behaves fairly well...

? 
[10]
Overfull \hbox (12.52998pt too wide) in paragraph at lines 359--360
[]\OT1/cmr/m/n/12 Claimed to be a "per-fect" ran-dom num-ber gen-er-a-tor (up t
o float-ing point er-rors) by \OT1/cmr/bx/n/12 recipes\OT1/cmr/m/n/12 ,
 []

[11] [12]
<plots/partcandd/plots_random_meanE_size20_temp1.png, id=66, 798.985pt x 694.59
5pt>
File: plots/partcandd/plots_random_meanE_size20_temp1.png Graphic file (type pn
g)
 <use plots/partcandd/plots_random_meanE_size20_temp1.png>
Package pdftex.def Info: plots/partcandd/plots_random_meanE_size20_temp1.png us
ed on input line 427.
(pdftex.def)             Requested size: 140.92793pt x 122.50983pt.

<plots/partcandd/plots_random_meanAbsM_size20_temp1.png, id=67, 798.985pt x 694
.595pt>
File: plots/partcandd/plots_random_meanAbsM_size20_temp1.png Graphic file (type
 png)
 <use plots/partcandd/plots_random_meanAbsM_size20_temp1.png>
Package pdftex.def Info: plots/partcandd/plots_random_meanAbsM_size20_temp1.png
 used on input line 430.
(pdftex.def)             Requested size: 140.92793pt x 122.50983pt.

<plots/partcandd/plots_random_CV_size20_temp1.png, id=68, 798.985pt x 694.595pt
>
File: plots/partcandd/plots_random_CV_size20_temp1.png Graphic file (type png)
 <use plots/partcandd/plots_random_CV_size20_temp1.png>
Package pdftex.def Info: plots/partcandd/plots_random_CV_size20_temp1.png used 
on input line 433.
(pdftex.def)             Requested size: 140.92793pt x 122.50983pt.

<plots/partcandd/plots_random_chi_size20_temp1.png, id=69, 798.985pt x 694.595p
t>
File: plots/partcandd/plots_random_chi_size20_temp1.png Graphic file (type png)

 <use plots/partcandd/plots_random_chi_size20_temp1.png>
Package pdftex.def Info: plots/partcandd/plots_random_chi_size20_temp1.png used
 on input line 436.
(pdftex.def)             Requested size: 140.92793pt x 122.50983pt.


LaTeX Warning: `h' float specifier changed to `ht'.


<plots/partcandd/plots_steady_meanE_size20_temp1.png, id=70, 798.985pt x 694.59
5pt>
File: plots/partcandd/plots_steady_meanE_size20_temp1.png Graphic file (type pn
g)
 <use plots/partcandd/plots_steady_meanE_size20_temp1.png>
Package pdftex.def Info: plots/partcandd/plots_steady_meanE_size20_temp1.png us
ed on input line 448.
(pdftex.def)             Requested size: 140.92793pt x 122.50983pt.

<plots/partcandd/plots_steady_meanAbsM_size20_temp1.png, id=71, 798.985pt x 694
.595pt>
File: plots/partcandd/plots_steady_meanAbsM_size20_temp1.png Graphic file (type
 png)
 <use plots/partcandd/plots_steady_meanAbsM_size20_temp1.png>
Package pdftex.def Info: plots/partcandd/plots_steady_meanAbsM_size20_temp1.png
 used on input line 451.
(pdftex.def)             Requested size: 140.92793pt x 122.50983pt.

<plots/partcandd/plots_steady_CV_size20_temp1.png, id=72, 798.985pt x 694.595pt
>
File: plots/partcandd/plots_steady_CV_size20_temp1.png Graphic file (type png)
 <use plots/partcandd/plots_steady_CV_size20_temp1.png>
Package pdftex.def Info: plots/partcandd/plots_steady_CV_size20_temp1.png used 
on input line 454.
(pdftex.def)             Requested size: 140.92793pt x 122.50983pt.

<plots/partcandd/plots_steady_chi_size20_temp1.png, id=73, 798.985pt x 694.595p
t>
File: plots/partcandd/plots_steady_chi_size20_temp1.png Graphic file (type png)

 <use plots/partcandd/plots_steady_chi_size20_temp1.png>
Package pdftex.def Info: plots/partcandd/plots_steady_chi_size20_temp1.png used
 on input line 457.
(pdftex.def)             Requested size: 140.92793pt x 122.50983pt.


LaTeX Warning: `h' float specifier changed to `ht'.

[13]
<plots/partcandd/plots_random_meanE_size20_temp24.png, id=78, 798.985pt x 694.5
95pt>
File: plots/partcandd/plots_random_meanE_size20_temp24.png Graphic file (type p
ng)
 <use plots/partcandd/plots_random_meanE_size20_temp24.png>
Package pdftex.def Info: plots/partcandd/plots_random_meanE_size20_temp24.png u
sed on input line 469.
(pdftex.def)             Requested size: 140.92793pt x 122.50983pt.

<plots/partcandd/plots_random_meanAbsM_size20_temp24.png, id=79, 798.985pt x 69
4.595pt>
File: plots/partcandd/plots_random_meanAbsM_size20_temp24.png Graphic file (typ
e png)
 <use plots/partcandd/plots_random_meanAbsM_size20_temp24.png>
Package pdftex.def Info: plots/partcandd/plots_random_meanAbsM_size20_temp24.pn
g used on input line 472.
(pdftex.def)             Requested size: 140.92793pt x 122.50983pt.

<plots/partcandd/plots_random_CV_size20_temp24.png, id=80, 798.985pt x 694.595p
t>
File: plots/partcandd/plots_random_CV_size20_temp24.png Graphic file (type png)

 <use plots/partcandd/plots_random_CV_size20_temp24.png>
Package pdftex.def Info: plots/partcandd/plots_random_CV_size20_temp24.png used
 on input line 475.
(pdftex.def)             Requested size: 140.92793pt x 122.50983pt.

<plots/partcandd/plots_random_chi_size20_temp24.png, id=81, 798.985pt x 694.595
pt>
File: plots/partcandd/plots_random_chi_size20_temp24.png Graphic file (type png
)
 <use plots/partcandd/plots_random_chi_size20_temp24.png>
Package pdftex.def Info: plots/partcandd/plots_random_chi_size20_temp24.png use
d on input line 478.
(pdftex.def)             Requested size: 140.92793pt x 122.50983pt.


LaTeX Warning: `h' float specifier changed to `ht'.


<plots/partcandd/plots_steady_meanE_size20_temp24.png, id=82, 798.985pt x 694.5
95pt>
File: plots/partcandd/plots_steady_meanE_size20_temp24.png Graphic file (type p
ng)
 <use plots/partcandd/plots_steady_meanE_size20_temp24.png>
Package pdftex.def Info: plots/partcandd/plots_steady_meanE_size20_temp24.png u
sed on input line 490.
(pdftex.def)             Requested size: 140.92793pt x 122.50983pt.

<plots/partcandd/plots_steady_meanAbsM_size20_temp24.png, id=83, 798.985pt x 69
4.595pt>
File: plots/partcandd/plots_steady_meanAbsM_size20_temp24.png Graphic file (typ
e png)
 <use plots/partcandd/plots_steady_meanAbsM_size20_temp24.png>
Package pdftex.def Info: plots/partcandd/plots_steady_meanAbsM_size20_temp24.pn
g used on input line 493.
(pdftex.def)             Requested size: 140.92793pt x 122.50983pt.

<plots/partcandd/plots_steady_CV_size20_temp24.png, id=84, 798.985pt x 694.595p
t>
File: plots/partcandd/plots_steady_CV_size20_temp24.png Graphic file (type png)

 <use plots/partcandd/plots_steady_CV_size20_temp24.png>
Package pdftex.def Info: plots/partcandd/plots_steady_CV_size20_temp24.png used
 on input line 496.
(pdftex.def)             Requested size: 140.92793pt x 122.50983pt.

<plots/partcandd/plots_steady_chi_size20_temp24.png, id=85, 798.985pt x 694.595
pt>
File: plots/partcandd/plots_steady_chi_size20_temp24.png Graphic file (type png
)
 <use plots/partcandd/plots_steady_chi_size20_temp24.png>
Package pdftex.def Info: plots/partcandd/plots_steady_chi_size20_temp24.png use
d on input line 499.
(pdftex.def)             Requested size: 140.92793pt x 122.50983pt.


LaTeX Warning: `h' float specifier changed to `ht'.


<plots/partcandd/plots_steady_pofE_size20_temp1.png, id=86, 798.985pt x 694.595
pt>
File: plots/partcandd/plots_steady_pofE_size20_temp1.png Graphic file (type png
)
 <use plots/partcandd/plots_steady_pofE_size20_temp1.png>
Package pdftex.def Info: plots/partcandd/plots_steady_pofE_size20_temp1.png use
d on input line 511.
(pdftex.def)             Requested size: 140.92793pt x 122.50983pt.

<plots/partcandd/plots_steady_pofE_size20_temp24.png, id=87, 798.985pt x 694.59
5pt>
File: plots/partcandd/plots_steady_pofE_size20_temp24.png Graphic file (type pn
g)
 <use plots/partcandd/plots_steady_pofE_size20_temp24.png>
Package pdftex.def Info: plots/partcandd/plots_steady_pofE_size20_temp24.png us
ed on input line 514.
(pdftex.def)             Requested size: 140.92793pt x 122.50983pt.


LaTeX Warning: `h' float specifier changed to `ht'.

[14 <C:/Users/Elizabeth/Documents/GitHub/PHY480/Project4/Report/plots/partcandd
/plots_random_meanE_size20_temp1.png> <C:/Users/Elizabeth/Documents/GitHub/PHY4
80/Project4/Report/plots/partcandd/plots_random_meanAbsM_size20_temp1.png> <C:/
Users/Elizabeth/Documents/GitHub/PHY480/Project4/Report/plots/partcandd/plots_r
andom_CV_size20_temp1.png> <C:/Users/Elizabeth/Documents/GitHub/PHY480/Project4
/Report/plots/partcandd/plots_random_chi_size20_temp1.png>] [15 <C:/Users/Eliza
beth/Documents/GitHub/PHY480/Project4/Report/plots/partcandd/plots_steady_meanE
_size20_temp1.png> <C:/Users/Elizabeth/Documents/GitHub/PHY480/Project4/Report/
plots/partcandd/plots_steady_meanAbsM_size20_temp1.png> <C:/Users/Elizabeth/Doc
uments/GitHub/PHY480/Project4/Report/plots/partcandd/plots_steady_CV_size20_tem
p1.png> <C:/Users/Elizabeth/Documents/GitHub/PHY480/Project4/Report/plots/partc
andd/plots_steady_chi_size20_temp1.png>]
<plots/parte/expE_latsize20.png, id=94, 798.985pt x 694.595pt>
File: plots/parte/expE_latsize20.png Graphic file (type png)

<use plots/parte/expE_latsize20.png>
Package pdftex.def Info: plots/parte/expE_latsize20.png used on input line 559.

(pdftex.def)             Requested size: 140.92793pt x 122.50983pt.

<plots/parte/expAbsM_latsize20.png, id=95, 798.985pt x 694.595pt>
File: plots/parte/expAbsM_latsize20.png Graphic file (type png)

<use plots/parte/expAbsM_latsize20.png>
Package pdftex.def Info: plots/parte/expAbsM_latsize20.png used on input line 5
62.
(pdftex.def)             Requested size: 140.92793pt x 122.50983pt.

<plots/parte/CV_latsize20.png, id=96, 798.985pt x 694.595pt>
File: plots/parte/CV_latsize20.png Graphic file (type png)

<use plots/parte/CV_latsize20.png>
Package pdftex.def Info: plots/parte/CV_latsize20.png used on input line 565.
(pdftex.def)             Requested size: 140.92793pt x 122.50983pt.

<plots/parte/susceptibility_latsize20.png, id=97, 798.985pt x 694.595pt>
File: plots/parte/susceptibility_latsize20.png Graphic file (type png)

<use plots/parte/susceptibility_latsize20.png>
Package pdftex.def Info: plots/parte/susceptibility_latsize20.png used on input
 line 568.
(pdftex.def)             Requested size: 140.92793pt x 122.50983pt.


LaTeX Warning: `h' float specifier changed to `ht'.

<plots/parte/expE_latsize40.png, id=98, 798.985pt x 694.595pt>
File: plots/parte/expE_latsize40.png Graphic file (type png)

<use plots/parte/expE_latsize40.png>
Package pdftex.def Info: plots/parte/expE_latsize40.png used on input line 580.

(pdftex.def)             Requested size: 140.92793pt x 122.50983pt.

<plots/parte/expAbsM_latsize40.png, id=99, 798.985pt x 694.595pt>
File: plots/parte/expAbsM_latsize40.png Graphic file (type png)

<use plots/parte/expAbsM_latsize40.png>
Package pdftex.def Info: plots/parte/expAbsM_latsize40.png used on input line 5
83.
(pdftex.def)             Requested size: 140.92793pt x 122.50983pt.

<plots/parte/CV_latsize40.png, id=100, 798.985pt x 694.595pt>
File: plots/parte/CV_latsize40.png Graphic file (type png)

<use plots/parte/CV_latsize40.png>
Package pdftex.def Info: plots/parte/CV_latsize40.png used on input line 586.
(pdftex.def)             Requested size: 140.92793pt x 122.50983pt.

<plots/parte/susceptibility_latsize40.png, id=101, 798.985pt x 694.595pt>
File: plots/parte/susceptibility_latsize40.png Graphic file (type png)

<use plots/parte/susceptibility_latsize40.png>
Package pdftex.def Info: plots/parte/susceptibility_latsize40.png used on input
 line 589.
(pdftex.def)             Requested size: 140.92793pt x 122.50983pt.


LaTeX Warning: `h' float specifier changed to `ht'.

[16 <C:/Users/Elizabeth/Documents/GitHub/PHY480/Project4/Report/plots/partcandd
/plots_random_meanE_size20_temp24.png> <C:/Users/Elizabeth/Documents/GitHub/PHY
480/Project4/Report/plots/partcandd/plots_random_meanAbsM_size20_temp24.png> <C
:/Users/Elizabeth/Documents/GitHub/PHY480/Project4/Report/plots/partcandd/plots
_random_CV_size20_temp24.png> <C:/Users/Elizabeth/Documents/GitHub/PHY480/Proje
ct4/Report/plots/partcandd/plots_random_chi_size20_temp24.png>] [17 <C:/Users/E
lizabeth/Documents/GitHub/PHY480/Project4/Report/plots/partcandd/plots_steady_m
eanE_size20_temp24.png> <C:/Users/Elizabeth/Documents/GitHub/PHY480/Project4/Re
port/plots/partcandd/plots_steady_meanAbsM_size20_temp24.png> <C:/Users/Elizabe
th/Documents/GitHub/PHY480/Project4/Report/plots/partcandd/plots_steady_CV_size
20_temp24.png> <C:/Users/Elizabeth/Documents/GitHub/PHY480/Project4/Report/plot
s/partcandd/plots_steady_chi_size20_temp24.png>]
<plots/parte/expE_latsize60.png, id=108, 798.985pt x 694.595pt>
File: plots/parte/expE_latsize60.png Graphic file (type png)

<use plots/parte/expE_latsize60.png>
Package pdftex.def Info: plots/parte/expE_latsize60.png used on input line 628.

(pdftex.def)             Requested size: 140.92793pt x 122.50983pt.

<plots/parte/expAbsM_latsize60.png, id=109, 798.985pt x 694.595pt>
File: plots/parte/expAbsM_latsize60.png Graphic file (type png)

<use plots/parte/expAbsM_latsize60.png>
Package pdftex.def Info: plots/parte/expAbsM_latsize60.png used on input line 6
31.
(pdftex.def)             Requested size: 140.92793pt x 122.50983pt.

<plots/parte/CV_latsize60.png, id=110, 798.985pt x 694.595pt>
File: plots/parte/CV_latsize60.png Graphic file (type png)

<use plots/parte/CV_latsize60.png>
Package pdftex.def Info: plots/parte/CV_latsize60.png used on input line 634.
(pdftex.def)             Requested size: 140.92793pt x 122.50983pt.

<plots/parte/susceptibility_latsize60.png, id=111, 798.985pt x 694.595pt>
File: plots/parte/susceptibility_latsize60.png Graphic file (type png)

<use plots/parte/susceptibility_latsize60.png>
Package pdftex.def Info: plots/parte/susceptibility_latsize60.png used on input
 line 637.
(pdftex.def)             Requested size: 140.92793pt x 122.50983pt.


LaTeX Warning: `h' float specifier changed to `ht'.

<plots/parte/expE_latsize80.png, id=112, 798.985pt x 694.595pt>
File: plots/parte/expE_latsize80.png Graphic file (type png)

<use plots/parte/expE_latsize80.png>
Package pdftex.def Info: plots/parte/expE_latsize80.png used on input line 647.

(pdftex.def)             Requested size: 140.92793pt x 122.50983pt.

<plots/parte/expAbsM_latsize80.png, id=113, 798.985pt x 694.595pt>
File: plots/parte/expAbsM_latsize80.png Graphic file (type png)

<use plots/parte/expAbsM_latsize80.png>
Package pdftex.def Info: plots/parte/expAbsM_latsize80.png used on input line 6
50.
(pdftex.def)             Requested size: 140.92793pt x 122.50983pt.

<plots/parte/CV_latsize80.png, id=114, 798.985pt x 694.595pt>
File: plots/parte/CV_latsize80.png Graphic file (type png)

<use plots/parte/CV_latsize80.png>
Package pdftex.def Info: plots/parte/CV_latsize80.png used on input line 653.
(pdftex.def)             Requested size: 140.92793pt x 122.50983pt.

<plots/parte/susceptibility_latsize80.png, id=115, 798.985pt x 694.595pt>
File: plots/parte/susceptibility_latsize80.png Graphic file (type png)

<use plots/parte/susceptibility_latsize80.png>
Package pdftex.def Info: plots/parte/susceptibility_latsize80.png used on input
 line 656.
(pdftex.def)             Requested size: 140.92793pt x 122.50983pt.


LaTeX Warning: `h' float specifier changed to `ht'.

<solveTC1.png, id=116, 304.88907pt x 255.20343pt>
File: solveTC1.png Graphic file (type png)
 <use solveTC1.png>
Package pdftex.def Info: solveTC1.png used on input line 666.
(pdftex.def)             Requested size: 281.85587pt x 235.93097pt.


LaTeX Warning: `h' float specifier changed to `ht'.

[18 <C:/Users/Elizabeth/Documents/GitHub/PHY480/Project4/Report/plots/partcandd
/plots_steady_pofE_size20_temp1.png> <C:/Users/Elizabeth/Documents/GitHub/PHY48
0/Project4/Report/plots/partcandd/plots_steady_pofE_size20_temp24.png>]
<benchmarks/ran0/plots_random_chi_size2_temp1.png, id=120, 798.985pt x 694.595p
t>
File: benchmarks/ran0/plots_random_chi_size2_temp1.png Graphic file (type png)
 <use benchmarks/ran0/plots_random_chi_size2_temp1.png>
Package pdftex.def Info: benchmarks/ran0/plots_random_chi_size2_temp1.png used 
on input line 683.
(pdftex.def)             Requested size: 140.92793pt x 122.50983pt.

<benchmarks/ran1/plots_random_chi_size2_temp1.png, id=121, 798.985pt x 694.595p
t>
File: benchmarks/ran1/plots_random_chi_size2_temp1.png Graphic file (type png)
 <use benchmarks/ran1/plots_random_chi_size2_temp1.png>
Package pdftex.def Info: benchmarks/ran1/plots_random_chi_size2_temp1.png used 
on input line 686.
(pdftex.def)             Requested size: 140.92793pt x 122.50983pt.

<benchmarks/ran2/plots_random_chi_size2_temp1.png, id=122, 798.985pt x 694.595p
t>
File: benchmarks/ran2/plots_random_chi_size2_temp1.png Graphic file (type png)
 <use benchmarks/ran2/plots_random_chi_size2_temp1.png>
Package pdftex.def Info: benchmarks/ran2/plots_random_chi_size2_temp1.png used 
on input line 689.
(pdftex.def)             Requested size: 140.92793pt x 122.50983pt.

<benchmarks/ran3/plots_random_chi_size2_temp1.png, id=123, 798.985pt x 694.595p
t>
File: benchmarks/ran3/plots_random_chi_size2_temp1.png Graphic file (type png)
 <use benchmarks/ran3/plots_random_chi_size2_temp1.png>
Package pdftex.def Info: benchmarks/ran3/plots_random_chi_size2_temp1.png used 
on input line 692.
(pdftex.def)             Requested size: 140.92793pt x 122.50983pt.
File: benchmarks/plots/plots_random_chi_size2_temp1.png Graphic file (type png)


<use benchmarks/plots/plots_random_chi_size2_temp1.png>
Package pdftex.def Info: benchmarks/plots/plots_random_chi_size2_temp1.png used
 on input line 695.
(pdftex.def)             Requested size: 140.92793pt x 122.50983pt.


LaTeX Warning: `h' float specifier changed to `ht'.

[19 <C:/Users/Elizabeth/Documents/GitHub/PHY480/Project4/Report/plots/parte/exp
E_latsize20.png> <C:/Users/Elizabeth/Documents/GitHub/PHY480/Project4/Report/pl
ots/parte/expAbsM_latsize20.png> <C:/Users/Elizabeth/Documents/GitHub/PHY480/Pr
oject4/Report/plots/parte/CV_latsize20.png> <C:/Users/Elizabeth/Documents/GitHu
b/PHY480/Project4/Report/plots/parte/susceptibility_latsize20.png>] [20 <C:/Use
rs/Elizabeth/Documents/GitHub/PHY480/Project4/Report/plots/parte/expE_latsize40
.png> <C:/Users/Elizabeth/Documents/GitHub/PHY480/Project4/Report/plots/parte/e
xpAbsM_latsize40.png> <C:/Users/Elizabeth/Documents/GitHub/PHY480/Project4/Repo
rt/plots/parte/CV_latsize40.png> <C:/Users/Elizabeth/Documents/GitHub/PHY480/Pr
oject4/Report/plots/parte/susceptibility_latsize40.png>] [21 <C:/Users/Elizabet
h/Documents/GitHub/PHY480/Project4/Report/plots/parte/expE_latsize60.png> <C:/U
sers/Elizabeth/Documents/GitHub/PHY480/Project4/Report/plots/parte/expAbsM_lats
ize60.png> <C:/Users/Elizabeth/Documents/GitHub/PHY480/Project4/Report/plots/pa
rte/CV_latsize60.png> <C:/Users/Elizabeth/Documents/GitHub/PHY480/Project4/Repo
rt/plots/parte/susceptibility_latsize60.png>] [22 <C:/Users/Elizabeth/Documents
/GitHub/PHY480/Project4/Report/plots/parte/expE_latsize80.png> <C:/Users/Elizab
eth/Documents/GitHub/PHY480/Project4/Report/plots/parte/expAbsM_latsize80.png> 
<C:/Users/Elizabeth/Documents/GitHub/PHY480/Project4/Report/plots/parte/CV_lats
ize80.png> <C:/Users/Elizabeth/Documents/GitHub/PHY480/Project4/Report/plots/pa
rte/susceptibility_latsize80.png>] [23 <C:/Users/Elizabeth/Documents/GitHub/PHY
480/Project4/Report/solveTC1.png>] [24 <C:/Users/Elizabeth/Documents/GitHub/PHY
480/Project4/Report/benchmarks/ran0/plots_random_chi_size2_temp1.png> <C:/Users
/Elizabeth/Documents/GitHub/PHY480/Project4/Report/benchmarks/ran1/plots_random
_chi_size2_temp1.png> <C:/Users/Elizabeth/Documents/GitHub/PHY480/Project4/Repo
rt/benchmarks/ran2/plots_random_chi_size2_temp1.png> <C:/Users/Elizabeth/Docume
nts/GitHub/PHY480/Project4/Report/benchmarks/ran3/plots_random_chi_size2_temp1.
png>] (C:\Users\Elizabeth\Documents\GitHub\PHY480\Project4\Report\Report.aux)

LaTeX Warning: There were undefined references.


LaTeX Warning: Label(s) may have changed. Rerun to get cross-references right.

 ) 
Here is how much of TeX's memory you used:
 4808 strings out of 494045
 71772 string characters out of 3148375
 134029 words of memory out of 3000000
 7982 multiletter control sequences out of 15000+200000
 15287 words of font info for 62 fonts, out of 3000000 for 9000
 715 hyphenation exceptions out of 8191
 27i,10n,32p,1300b,311s stack positions out of 5000i,500n,10000p,200000b,50000s
<C:/Program Files/MiKTeX 2.9/fonts/type1/public/amsfonts/cm/cmbx10.pfb><C:/Pr
ogram Files/MiKTeX 2.9/fonts/type1/public/amsfonts/cm/cmbx12.pfb><C:/Program Fi
les/MiKTeX 2.9/fonts/type1/public/amsfonts/cm/cmex10.pfb><C:/Program Files/MiKT
eX 2.9/fonts/type1/public/amsfonts/cm/cmmi10.pfb><C:/Program Files/MiKTeX 2.9/f
onts/type1/public/amsfonts/cm/cmmi12.pfb><C:/Program Files/MiKTeX 2.9/fonts/typ
e1/public/amsfonts/cm/cmmi6.pfb><C:/Program Files/MiKTeX 2.9/fonts/type1/public
/amsfonts/cm/cmmi7.pfb><C:/Program Files/MiKTeX 2.9/fonts/type1/public/amsfonts
/cm/cmmi8.pfb><C:/Program Files/MiKTeX 2.9/fonts/type1/public/amsfonts/cm/cmr10
.pfb><C:/Program Files/MiKTeX 2.9/fonts/type1/public/amsfonts/cm/cmr12.pfb><C:/
Program Files/MiKTeX 2.9/fonts/type1/public/amsfonts/cm/cmr17.pfb><C:/Program F
iles/MiKTeX 2.9/fonts/type1/public/amsfonts/cm/cmr6.pfb><C:/Program Files/MiKTe
X 2.9/fonts/type1/public/amsfonts/cm/cmr7.pfb><C:/Program Files/MiKTeX 2.9/font
s/type1/public/amsfonts/cm/cmr8.pfb><C:/Program Files/MiKTeX 2.9/fonts/type1/pu
blic/amsfonts/cm/cmsy10.pfb><C:/Program Files/MiKTeX 2.9/fonts/type1/public/ams
fonts/cm/cmsy8.pfb><C:/Program Files/MiKTeX 2.9/fonts/type1/public/amsfonts/cm/
cmtt12.pfb><C:/Program Files/MiKTeX 2.9/fonts/type1/public/amsfonts/symbols/msb
m10.pfb>
Output written on Report.pdf (24 pages, 879706 bytes).
PDF statistics:
 200 PDF objects out of 1000 (max. 8388607)
 0 named destinations out of 1000 (max. 500000)
 226 words of extra memory for PDF output out of 10000 (max. 10000000)

