This is pdfTeX, Version 3.1415926-2.3-1.40.12 (MiKTeX 2.9 64-bit) (preloaded format=pdflatex 2013.4.23)  12 APR 2016 10:40
entering extended mode
**C:/Users/Elizabeth/Documents/GitHub/PHY480/Project3/Report/Report.tex
(C:/Users/Elizabeth/Documents/GitHub/PHY480/Project3/Report/Report.tex
LaTeX2e <2011/06/27>
Babel <v3.8m> and hyphenation patterns for english, afrikaans, ancientgreek, ar
abic, armenian, assamese, basque, bengali, bokmal, bulgarian, catalan, coptic, 
croatian, czech, danish, dutch, esperanto, estonian, farsi, finnish, french, ga
lician, german, german-x-2009-06-19, greek, gujarati, hindi, hungarian, iceland
ic, indonesian, interlingua, irish, italian, kannada, kurmanji, lao, latin, lat
vian, lithuanian, malayalam, marathi, mongolian, mongolianlmc, monogreek, ngerm
an, ngerman-x-2009-06-19, nynorsk, oriya, panjabi, pinyin, polish, portuguese, 
romanian, russian, sanskrit, serbian, slovak, slovenian, spanish, swedish, swis
sgerman, tamil, telugu, turkish, turkmen, ukenglish, ukrainian, uppersorbian, u
senglishmax, welsh, loaded.
("C:\Program Files\MiKTeX 2.9\tex\latex\base\article.cls"
Document Class: article 2007/10/19 v1.4h Standard LaTeX document class
("C:\Program Files\MiKTeX 2.9\tex\latex\base\size12.clo"
File: size12.clo 2007/10/19 v1.4h Standard LaTeX file (size option)
)
\c@part=\count79
\c@section=\count80
\c@subsection=\count81
\c@subsubsection=\count82
\c@paragraph=\count83
\c@subparagraph=\count84
\c@figure=\count85
\c@table=\count86
\abovecaptionskip=\skip41
\belowcaptionskip=\skip42
\bibindent=\dimen102
)
("C:\Program Files\MiKTeX 2.9\tex\latex\ams\math\amsmath.sty"
Package: amsmath 2000/07/18 v2.13 AMS math features
\@mathmargin=\skip43

For additional information on amsmath, use the `?' option.
("C:\Program Files\MiKTeX 2.9\tex\latex\ams\math\amstext.sty"
Package: amstext 2000/06/29 v2.01

("C:\Program Files\MiKTeX 2.9\tex\latex\ams\math\amsgen.sty"
File: amsgen.sty 1999/11/30 v2.0
\@emptytoks=\toks14
\ex@=\dimen103
))
("C:\Program Files\MiKTeX 2.9\tex\latex\ams\math\amsbsy.sty"
Package: amsbsy 1999/11/29 v1.2d
\pmbraise@=\dimen104
)
("C:\Program Files\MiKTeX 2.9\tex\latex\ams\math\amsopn.sty"
Package: amsopn 1999/12/14 v2.01 operator names
)
\inf@bad=\count87
LaTeX Info: Redefining \frac on input line 211.
\uproot@=\count88
\leftroot@=\count89
LaTeX Info: Redefining \overline on input line 307.
\classnum@=\count90
\DOTSCASE@=\count91
LaTeX Info: Redefining \ldots on input line 379.
LaTeX Info: Redefining \dots on input line 382.
LaTeX Info: Redefining \cdots on input line 467.
\Mathstrutbox@=\box26
\strutbox@=\box27
\big@size=\dimen105
LaTeX Font Info:    Redeclaring font encoding OML on input line 567.
LaTeX Font Info:    Redeclaring font encoding OMS on input line 568.
\macc@depth=\count92
\c@MaxMatrixCols=\count93
\dotsspace@=\muskip10
\c@parentequation=\count94
\dspbrk@lvl=\count95
\tag@help=\toks15
\row@=\count96
\column@=\count97
\maxfields@=\count98
\andhelp@=\toks16
\eqnshift@=\dimen106
\alignsep@=\dimen107
\tagshift@=\dimen108
\tagwidth@=\dimen109
\totwidth@=\dimen110
\lineht@=\dimen111
\@envbody=\toks17
\multlinegap=\skip44
\multlinetaggap=\skip45
\mathdisplay@stack=\toks18
LaTeX Info: Redefining \[ on input line 2666.
LaTeX Info: Redefining \] on input line 2667.
)
("C:\Program Files\MiKTeX 2.9\tex\latex\graphics\graphicx.sty"
Package: graphicx 1999/02/16 v1.0f Enhanced LaTeX Graphics (DPC,SPQR)

("C:\Program Files\MiKTeX 2.9\tex\latex\graphics\keyval.sty"
Package: keyval 1999/03/16 v1.13 key=value parser (DPC)
\KV@toks@=\toks19
)
("C:\Program Files\MiKTeX 2.9\tex\latex\graphics\graphics.sty"
Package: graphics 2009/02/05 v1.0o Standard LaTeX Graphics (DPC,SPQR)

("C:\Program Files\MiKTeX 2.9\tex\latex\graphics\trig.sty"
Package: trig 1999/03/16 v1.09 sin cos tan (DPC)
)
("C:\Program Files\MiKTeX 2.9\tex\latex\00miktex\graphics.cfg"
File: graphics.cfg 2007/01/18 v1.5 graphics configuration of teTeX/TeXLive
)
Package graphics Info: Driver file: pdftex.def on input line 91.

("C:\Program Files\MiKTeX 2.9\tex\latex\pdftex-def\pdftex.def"
File: pdftex.def 2011/05/27 v0.06d Graphics/color for pdfTeX

("C:\Program Files\MiKTeX 2.9\tex\generic\oberdiek\infwarerr.sty"
Package: infwarerr 2010/04/08 v1.3 Providing info/warning/error messages (HO)
)
("C:\Program Files\MiKTeX 2.9\tex\generic\oberdiek\ltxcmds.sty"
Package: ltxcmds 2011/11/09 v1.22 LaTeX kernel commands for general use (HO)
)
\Gread@gobject=\count99
))
\Gin@req@height=\dimen112
\Gin@req@width=\dimen113
)
("C:\Program Files\MiKTeX 2.9\tex\latex\float\float.sty"
Package: float 2001/11/08 v1.3d Float enhancements (AL)
\c@float@type=\count100
\float@exts=\toks20
\float@box=\box28
\@float@everytoks=\toks21
\@floatcapt=\box29
)
("C:\Program Files\MiKTeX 2.9\tex\latex\base\inputenc.sty"
Package: inputenc 2008/03/30 v1.1d Input encoding file
\inpenc@prehook=\toks22
\inpenc@posthook=\toks23

("C:\Program Files\MiKTeX 2.9\tex\latex\base\utf8.def"
File: utf8.def 2008/04/05 v1.1m UTF-8 support for inputenc
Now handling font encoding OML ...
... no UTF-8 mapping file for font encoding OML
Now handling font encoding T1 ...
... processing UTF-8 mapping file for font encoding T1

("C:\Program Files\MiKTeX 2.9\tex\latex\base\t1enc.dfu"
File: t1enc.dfu 2008/04/05 v1.1m UTF-8 support for inputenc
   defining Unicode char U+00A1 (decimal 161)
   defining Unicode char U+00A3 (decimal 163)
   defining Unicode char U+00AB (decimal 171)
   defining Unicode char U+00BB (decimal 187)
   defining Unicode char U+00BF (decimal 191)
   defining Unicode char U+00C0 (decimal 192)
   defining Unicode char U+00C1 (decimal 193)
   defining Unicode char U+00C2 (decimal 194)
   defining Unicode char U+00C3 (decimal 195)
   defining Unicode char U+00C4 (decimal 196)
   defining Unicode char U+00C5 (decimal 197)
   defining Unicode char U+00C6 (decimal 198)
   defining Unicode char U+00C7 (decimal 199)
   defining Unicode char U+00C8 (decimal 200)
   defining Unicode char U+00C9 (decimal 201)
   defining Unicode char U+00CA (decimal 202)
   defining Unicode char U+00CB (decimal 203)
   defining Unicode char U+00CC (decimal 204)
   defining Unicode char U+00CD (decimal 205)
   defining Unicode char U+00CE (decimal 206)
   defining Unicode char U+00CF (decimal 207)
   defining Unicode char U+00D0 (decimal 208)
   defining Unicode char U+00D1 (decimal 209)
   defining Unicode char U+00D2 (decimal 210)
   defining Unicode char U+00D3 (decimal 211)
   defining Unicode char U+00D4 (decimal 212)
   defining Unicode char U+00D5 (decimal 213)
   defining Unicode char U+00D6 (decimal 214)
   defining Unicode char U+00D8 (decimal 216)
   defining Unicode char U+00D9 (decimal 217)
   defining Unicode char U+00DA (decimal 218)
   defining Unicode char U+00DB (decimal 219)
   defining Unicode char U+00DC (decimal 220)
   defining Unicode char U+00DD (decimal 221)
   defining Unicode char U+00DE (decimal 222)
   defining Unicode char U+00DF (decimal 223)
   defining Unicode char U+00E0 (decimal 224)
   defining Unicode char U+00E1 (decimal 225)
   defining Unicode char U+00E2 (decimal 226)
   defining Unicode char U+00E3 (decimal 227)
   defining Unicode char U+00E4 (decimal 228)
   defining Unicode char U+00E5 (decimal 229)
   defining Unicode char U+00E6 (decimal 230)
   defining Unicode char U+00E7 (decimal 231)
   defining Unicode char U+00E8 (decimal 232)
   defining Unicode char U+00E9 (decimal 233)
   defining Unicode char U+00EA (decimal 234)
   defining Unicode char U+00EB (decimal 235)
   defining Unicode char U+00EC (decimal 236)
   defining Unicode char U+00ED (decimal 237)
   defining Unicode char U+00EE (decimal 238)
   defining Unicode char U+00EF (decimal 239)
   defining Unicode char U+00F0 (decimal 240)
   defining Unicode char U+00F1 (decimal 241)
   defining Unicode char U+00F2 (decimal 242)
   defining Unicode char U+00F3 (decimal 243)
   defining Unicode char U+00F4 (decimal 244)
   defining Unicode char U+00F5 (decimal 245)
   defining Unicode char U+00F6 (decimal 246)
   defining Unicode char U+00F8 (decimal 248)
   defining Unicode char U+00F9 (decimal 249)
   defining Unicode char U+00FA (decimal 250)
   defining Unicode char U+00FB (decimal 251)
   defining Unicode char U+00FC (decimal 252)
   defining Unicode char U+00FD (decimal 253)
   defining Unicode char U+00FE (decimal 254)
   defining Unicode char U+00FF (decimal 255)
   defining Unicode char U+0102 (decimal 258)
   defining Unicode char U+0103 (decimal 259)
   defining Unicode char U+0104 (decimal 260)
   defining Unicode char U+0105 (decimal 261)
   defining Unicode char U+0106 (decimal 262)
   defining Unicode char U+0107 (decimal 263)
   defining Unicode char U+010C (decimal 268)
   defining Unicode char U+010D (decimal 269)
   defining Unicode char U+010E (decimal 270)
   defining Unicode char U+010F (decimal 271)
   defining Unicode char U+0110 (decimal 272)
   defining Unicode char U+0111 (decimal 273)
   defining Unicode char U+0118 (decimal 280)
   defining Unicode char U+0119 (decimal 281)
   defining Unicode char U+011A (decimal 282)
   defining Unicode char U+011B (decimal 283)
   defining Unicode char U+011E (decimal 286)
   defining Unicode char U+011F (decimal 287)
   defining Unicode char U+0130 (decimal 304)
   defining Unicode char U+0131 (decimal 305)
   defining Unicode char U+0132 (decimal 306)
   defining Unicode char U+0133 (decimal 307)
   defining Unicode char U+0139 (decimal 313)
   defining Unicode char U+013A (decimal 314)
   defining Unicode char U+013D (decimal 317)
   defining Unicode char U+013E (decimal 318)
   defining Unicode char U+0141 (decimal 321)
   defining Unicode char U+0142 (decimal 322)
   defining Unicode char U+0143 (decimal 323)
   defining Unicode char U+0144 (decimal 324)
   defining Unicode char U+0147 (decimal 327)
   defining Unicode char U+0148 (decimal 328)
   defining Unicode char U+014A (decimal 330)
   defining Unicode char U+014B (decimal 331)
   defining Unicode char U+0150 (decimal 336)
   defining Unicode char U+0151 (decimal 337)
   defining Unicode char U+0152 (decimal 338)
   defining Unicode char U+0153 (decimal 339)
   defining Unicode char U+0154 (decimal 340)
   defining Unicode char U+0155 (decimal 341)
   defining Unicode char U+0158 (decimal 344)
   defining Unicode char U+0159 (decimal 345)
   defining Unicode char U+015A (decimal 346)
   defining Unicode char U+015B (decimal 347)
   defining Unicode char U+015E (decimal 350)
   defining Unicode char U+015F (decimal 351)
   defining Unicode char U+0160 (decimal 352)
   defining Unicode char U+0161 (decimal 353)
   defining Unicode char U+0162 (decimal 354)
   defining Unicode char U+0163 (decimal 355)
   defining Unicode char U+0164 (decimal 356)
   defining Unicode char U+0165 (decimal 357)
   defining Unicode char U+016E (decimal 366)
   defining Unicode char U+016F (decimal 367)
   defining Unicode char U+0170 (decimal 368)
   defining Unicode char U+0171 (decimal 369)
   defining Unicode char U+0178 (decimal 376)
   defining Unicode char U+0179 (decimal 377)
   defining Unicode char U+017A (decimal 378)
   defining Unicode char U+017B (decimal 379)
   defining Unicode char U+017C (decimal 380)
   defining Unicode char U+017D (decimal 381)
   defining Unicode char U+017E (decimal 382)
   defining Unicode char U+200C (decimal 8204)
   defining Unicode char U+2013 (decimal 8211)
   defining Unicode char U+2014 (decimal 8212)
   defining Unicode char U+2018 (decimal 8216)
   defining Unicode char U+2019 (decimal 8217)
   defining Unicode char U+201A (decimal 8218)
   defining Unicode char U+201C (decimal 8220)
   defining Unicode char U+201D (decimal 8221)
   defining Unicode char U+201E (decimal 8222)
   defining Unicode char U+2030 (decimal 8240)
   defining Unicode char U+2031 (decimal 8241)
   defining Unicode char U+2039 (decimal 8249)
   defining Unicode char U+203A (decimal 8250)
   defining Unicode char U+2423 (decimal 9251)
)
Now handling font encoding OT1 ...
... processing UTF-8 mapping file for font encoding OT1

("C:\Program Files\MiKTeX 2.9\tex\latex\base\ot1enc.dfu"
File: ot1enc.dfu 2008/04/05 v1.1m UTF-8 support for inputenc
   defining Unicode char U+00A1 (decimal 161)
   defining Unicode char U+00A3 (decimal 163)
   defining Unicode char U+00B8 (decimal 184)
   defining Unicode char U+00BF (decimal 191)
   defining Unicode char U+00C5 (decimal 197)
   defining Unicode char U+00C6 (decimal 198)
   defining Unicode char U+00D8 (decimal 216)
   defining Unicode char U+00DF (decimal 223)
   defining Unicode char U+00E6 (decimal 230)
   defining Unicode char U+00EC (decimal 236)
   defining Unicode char U+00ED (decimal 237)
   defining Unicode char U+00EE (decimal 238)
   defining Unicode char U+00EF (decimal 239)
   defining Unicode char U+00F8 (decimal 248)
   defining Unicode char U+0131 (decimal 305)
   defining Unicode char U+0141 (decimal 321)
   defining Unicode char U+0142 (decimal 322)
   defining Unicode char U+0152 (decimal 338)
   defining Unicode char U+0153 (decimal 339)
   defining Unicode char U+2013 (decimal 8211)
   defining Unicode char U+2014 (decimal 8212)
   defining Unicode char U+2018 (decimal 8216)
   defining Unicode char U+2019 (decimal 8217)
   defining Unicode char U+201C (decimal 8220)
   defining Unicode char U+201D (decimal 8221)
)
Now handling font encoding OMS ...
... processing UTF-8 mapping file for font encoding OMS

("C:\Program Files\MiKTeX 2.9\tex\latex\base\omsenc.dfu"
File: omsenc.dfu 2008/04/05 v1.1m UTF-8 support for inputenc
   defining Unicode char U+00A7 (decimal 167)
   defining Unicode char U+00B6 (decimal 182)
   defining Unicode char U+00B7 (decimal 183)
   defining Unicode char U+2020 (decimal 8224)
   defining Unicode char U+2021 (decimal 8225)
   defining Unicode char U+2022 (decimal 8226)
)
Now handling font encoding OMX ...
... no UTF-8 mapping file for font encoding OMX
Now handling font encoding U ...
... no UTF-8 mapping file for font encoding U
   defining Unicode char U+00A9 (decimal 169)
   defining Unicode char U+00AA (decimal 170)
   defining Unicode char U+00AE (decimal 174)
   defining Unicode char U+00BA (decimal 186)
   defining Unicode char U+02C6 (decimal 710)
   defining Unicode char U+02DC (decimal 732)
   defining Unicode char U+200C (decimal 8204)
   defining Unicode char U+2026 (decimal 8230)
   defining Unicode char U+2122 (decimal 8482)
   defining Unicode char U+2423 (decimal 9251)
))
("C:\Program Files\MiKTeX 2.9\tex\latex\cite\cite.sty"
LaTeX Info: Redefining \cite on input line 302.
LaTeX Info: Redefining \nocite on input line 373.
Package: cite 2010/09/10  v 5.3
)
("C:\Program Files\MiKTeX 2.9\tex\latex\setspace\setspace.sty"
Package: setspace 2011/12/19 v6.7a set line spacing
)
("C:\Program Files\MiKTeX 2.9\tex\latex\amsfonts\amsfonts.sty"
Package: amsfonts 2009/06/22 v3.00 Basic AMSFonts support
\symAMSa=\mathgroup4
\symAMSb=\mathgroup5
LaTeX Font Info:    Overwriting math alphabet `\mathfrak' in version `bold'
(Font)                  U/euf/m/n --> U/euf/b/n on input line 96.
)
("C:\Program Files\MiKTeX 2.9\tex\latex\jknappen\mathrsfs.sty"
Package: mathrsfs 1996/01/01 Math RSFS package v1.0 (jk)
\symrsfs=\mathgroup6
)
("C:\Program Files\MiKTeX 2.9\tex\latex\geometry\geometry.sty"
Package: geometry 2010/09/12 v5.6 Page Geometry

("C:\Program Files\MiKTeX 2.9\tex\generic\oberdiek\ifpdf.sty"
Package: ifpdf 2011/01/30 v2.3 Provides the ifpdf switch (HO)
Package ifpdf Info: pdfTeX in PDF mode is detected.
)
("C:\Program Files\MiKTeX 2.9\tex\generic\oberdiek\ifvtex.sty"
Package: ifvtex 2010/03/01 v1.5 Detect VTeX and its facilities (HO)
Package ifvtex Info: VTeX not detected.
)
("C:\Program Files\MiKTeX 2.9\tex\generic\ifxetex\ifxetex.sty"
Package: ifxetex 2010/09/12 v0.6 Provides ifxetex conditional
)
\Gm@cnth=\count101
\Gm@cntv=\count102
\c@Gm@tempcnt=\count103
\Gm@bindingoffset=\dimen114
\Gm@wd@mp=\dimen115
\Gm@odd@mp=\dimen116
\Gm@even@mp=\dimen117
\Gm@layoutwidth=\dimen118
\Gm@layoutheight=\dimen119
\Gm@layouthoffset=\dimen120
\Gm@layoutvoffset=\dimen121
\Gm@dimlist=\toks24

("C:\Program Files\MiKTeX 2.9\tex\latex\geometry\geometry.cfg"))
("C:\Program Files\MiKTeX 2.9\tex\latex\enumitem\enumitem.sty"
Package: enumitem 2011/09/28 v3.5.2 Customized lists
\labelindent=\skip46
\enit@outerparindent=\dimen122
\enit@toks=\toks25
\enit@inbox=\box30
\enitdp@description=\count104
)
("C:\Program Files\MiKTeX 2.9\tex\latex\listings\listings.sty"
\lst@mode=\count105
\lst@gtempboxa=\box31
\lst@token=\toks26
\lst@length=\count106
\lst@currlwidth=\dimen123
\lst@column=\count107
\lst@pos=\count108
\lst@lostspace=\dimen124
\lst@width=\dimen125
\lst@newlines=\count109
\lst@lineno=\count110
\lst@maxwidth=\dimen126

("C:\Program Files\MiKTeX 2.9\tex\latex\listings\lstmisc.sty"
File: lstmisc.sty 2015/06/04 1.6 (Carsten Heinz)
\c@lstnumber=\count111
\lst@skipnumbers=\count112
\lst@framebox=\box32
)
("C:\Program Files\MiKTeX 2.9\tex\latex\listings\listings.cfg"
File: listings.cfg 2015/06/04 1.6 listings configuration
))
Package: listings 2015/06/04 1.6 (Carsten Heinz)

(C:\Users\Elizabeth\Documents\GitHub\PHY480\Project3\Report\Report.aux)
LaTeX Font Info:    Checking defaults for OML/cmm/m/it on input line 19.
LaTeX Font Info:    ... okay on input line 19.
LaTeX Font Info:    Checking defaults for T1/cmr/m/n on input line 19.
LaTeX Font Info:    ... okay on input line 19.
LaTeX Font Info:    Checking defaults for OT1/cmr/m/n on input line 19.
LaTeX Font Info:    ... okay on input line 19.
LaTeX Font Info:    Checking defaults for OMS/cmsy/m/n on input line 19.
LaTeX Font Info:    ... okay on input line 19.
LaTeX Font Info:    Checking defaults for OMX/cmex/m/n on input line 19.
LaTeX Font Info:    ... okay on input line 19.
LaTeX Font Info:    Checking defaults for U/cmr/m/n on input line 19.
LaTeX Font Info:    ... okay on input line 19.

("C:\Program Files\MiKTeX 2.9\tex\context\base\supp-pdf.mkii"
[Loading MPS to PDF converter (version 2006.09.02).]
\scratchcounter=\count113
\scratchdimen=\dimen127
\scratchbox=\box33
\nofMPsegments=\count114
\nofMParguments=\count115
\everyMPshowfont=\toks27
\MPscratchCnt=\count116
\MPscratchDim=\dimen128
\MPnumerator=\count117
\makeMPintoPDFobject=\count118
\everyMPtoPDFconversion=\toks28
)
*geometry* driver: auto-detecting
*geometry* detected driver: pdftex
*geometry* verbose mode - [ preamble ] result:
* driver: pdftex
* paper: <default>
* layout: <same size as paper>
* layoutoffset:(h,v)=(0.0pt,0.0pt)
* modes: 
* h-part:(L,W,R)=(72.26999pt, 469.75502pt, 72.26999pt)
* v-part:(T,H,B)=(72.26999pt, 650.43001pt, 72.26999pt)
* \paperwidth=614.295pt
* \paperheight=794.96999pt
* \textwidth=469.75502pt
* \textheight=650.43001pt
* \oddsidemargin=0.0pt
* \evensidemargin=0.0pt
* \topmargin=-37.0pt
* \headheight=12.0pt
* \headsep=25.0pt
* \topskip=12.0pt
* \footskip=30.0pt
* \marginparwidth=44.0pt
* \marginparsep=10.0pt
* \columnsep=10.0pt
* \skip\footins=10.8pt plus 4.0pt minus 2.0pt
* \hoffset=0.0pt
* \voffset=0.0pt
* \mag=1000
* \@twocolumnfalse
* \@twosidefalse
* \@mparswitchfalse
* \@reversemarginfalse
* (1in=72.27pt=25.4mm, 1cm=28.453pt)

\c@lstlisting=\count119
LaTeX Font Info:    Try loading font information for U+msa on input line 20.
("C:\Program Files\MiKTeX 2.9\tex\latex\amsfonts\umsa.fd"
File: umsa.fd 2009/06/22 v3.00 AMS symbols A
)
LaTeX Font Info:    Try loading font information for U+msb on input line 20.

("C:\Program Files\MiKTeX 2.9\tex\latex\amsfonts\umsb.fd"
File: umsb.fd 2009/06/22 v3.00 AMS symbols B
)
LaTeX Font Info:    Try loading font information for U+rsfs on input line 20.

("C:\Program Files\MiKTeX 2.9\tex\latex\jknappen\ursfs.fd"
File: ursfs.fd 1998/03/24 rsfs font definition file (jk)
) [1

{C:/ProgramData/MiKTeX/2.9/pdftex/config/pdftex.map}]

! Package amsmath Error: Erroneous nesting of equation structures;
(amsmath)                trying to recover with `aligned'.

See the amsmath package documentation for explanation.
Type  H <return>  for immediate help.
 ...                                              
                                                  
l.78 \end{align}
                
? 

! LaTeX Error: There's no line here to end.

See the LaTeX manual or LaTeX Companion for explanation.
Type  H <return>  for immediate help.
 ...                                              
                                                  
l.81 \\\indent
               In this analysis, we first investigate the unperturbed earth-...

? 
[2]

! LaTeX Error: There's no line here to end.

See the LaTeX manual or LaTeX Companion for explanation.
Type  H <return>  for immediate help.
 ...                                              
                                                  
l.107 \\\indent
                We will also want to look at adding other planets to our sol...

? 

! Package amsmath Error: Erroneous nesting of equation structures;
(amsmath)                trying to recover with `aligned'.

See the amsmath package documentation for explanation.
Type  H <return>  for immediate help.
 ...                                              
                                                  
l.118 \end{align}
                 
? 

! LaTeX Error: There's no line here to end.

See the LaTeX manual or LaTeX Companion for explanation.
Type  H <return>  for immediate help.
 ...                                              
                                                  
l.121 \\\indent
                The solution of Eq.~\ref{eq:earthsun} is fairly straightforw...

? 
! Double superscript.
l.130 ...{'}\left(t+h\right)+\frac{h^{2}}{2}x^{'}^
                                                  {'}\left(t+h\right)+O\left...

? 

! Package amsmath Error: Erroneous nesting of equation structures;
(amsmath)                trying to recover with `aligned'.

See the amsmath package documentation for explanation.
Type  H <return>  for immediate help.
 ...                                              
                                                  
l.140 \end{align}
                 
? 
! Double subscript.
<argument> r_{p\prime \odot }_
                              {i}^{3}
l.140 \end{align}
                 
? 
! Double subscript.
<argument> r_{pp\prime }_
                         {i}^{3}
l.140 \end{align}
                 
? 

! Package amsmath Error: Erroneous nesting of equation structures;
(amsmath)                trying to recover with `aligned'.

See the amsmath package documentation for explanation.
Type  H <return>  for immediate help.
 ...                                              
                                                  
l.151 \end{align}
                 
? 
! Double subscript.
<argument> r_{p\prime \odot }_
                              {i}^{3}
l.151 \end{align}
                 
? 
! Double subscript.
<argument> r_{p\prime \odot }_
                              {i+1}^{3}
l.151 \end{align}
                 
? 
! Extra }, or forgotten \right.
<template> }
            $\hfil \endtemplate 
l.151 \end{align}
                 
? 
! Missing \right. inserted.
<inserted text> 
                \right .
l.151 \end{align}
                 
? 
! Missing } inserted.
<inserted text> 
                }
l.151 \end{align}
                 
? 
! Double subscript.
<argument> r_{pp\prime }_
                         {i}^{3}
l.151 \end{align}
                 
? 
! Double subscript.
<argument> r_{pp\prime }_
                         {i+1}^{3}
l.151 \end{align}
                 
? 
! Missing } inserted.
<inserted text> 
                }
l.151 \end{align}
                 
? 
! Extra \right.
<argument> ...p\prime }_{i+1}^{3}}\right )\right )
                                                  +O\left (h^{3}\right ). 
l.151 \end{align}
                 
? 
! Missing { inserted.
<inserted text> 
                {
l.151 \end{align}
                 
? 
[3]
! Double subscript.
<argument> r_{p\prime \odot }_
                              {i}^{3}
l.157 ...\frac{4\pi^{2}}{r_{p\prime\odot}_{i}^{3}}
                                                  \left(x_{p\prime}-x_{\odot...

? 
! Double subscript.
<argument> r_{p\prime \odot }_
                              {i}^{3}
l.163 ...ot}\right)_{i}}{r_{p\prime\odot}_{i}^{3}}
                                                  +\frac{\left(x_{p\prime}-x...

? 
! Double subscript.
<argument> r_{p\prime \odot }_
                              {i+1}^{3}
l.163 ...right)_{i+1}}{r_{p\prime\odot}_{i+1}^{3}}
                                                  \right)\right)+O\left(h^{3...

? 

! LaTeX Error: There's no line here to end.

See the LaTeX manual or LaTeX Companion for explanation.
Type  H <return>  for immediate help.
 ...                                              
                                                  
l.166 \\\indent
                Together, Eqs.~\ref{eq:discx} and~\ref{eq:discv} make up wha...

? 

! LaTeX Error: There's no line here to end.

See the LaTeX manual or LaTeX Companion for explanation.
Type  H <return>  for immediate help.
 ...                                              
                                                  
l.207 \\\indent
                This leads us to the $2^{nd}$-Order Runge-Kutta Method, or R...

? 
[4]

! Package amsmath Error: Erroneous nesting of equation structures;
(amsmath)                trying to recover with `aligned'.

See the amsmath package documentation for explanation.
Type  H <return>  for immediate help.
 ...                                              
                                                  
l.214 \end{align}
                 
? 

! LaTeX Error: There's no line here to end.

See the LaTeX manual or LaTeX Companion for explanation.
Type  H <return>  for immediate help.
 ...                                              
                                                  
l.224 \\\indent
                We can go through another similar sequence of steps to get t...

? 

! Package amsmath Error: Erroneous nesting of equation structures;
(amsmath)                trying to recover with `aligned'.

See the amsmath package documentation for explanation.
Type  H <return>  for immediate help.
 ...                                              
                                                  
l.234 \end{align}
                 
? 
! Undefined control sequence.
l.240 ...[3] was reused, particularly the \textttt
                                                  {thevec} and \textttt{them...

? 
! Undefined control sequence.
l.240 ...cularly the \textttt{thevec} and \textttt
                                                  {themat} classes defined i...

? 
! Undefined control sequence.
l.240 ...xtttt{themat} classes defined in \textttt
                                                  {classes.C}.  However, sev...

? 
LaTeX Font Info:    Try loading font information for OMS+cmr on input line 244.

("C:\Program Files\MiKTeX 2.9\tex\latex\base\omscmr.fd"
File: omscmr.fd 1999/05/25 v2.5h Standard LaTeX font definitions
)
LaTeX Font Info:    Font shape `OMS/cmr/m/n' in size <12> not available
(Font)              Font shape `OMS/cmsy/m/n' tried instead on input line 244.
 [5] [6]
Overfull \hbox (28.00528pt too wide) in paragraph at lines 314--315
[]\OT1/cmr/m/n/12 The \OT1/cmtt/m/n/12 solar[]system \OT1/cmr/m/n/12 class is r
e-ally the meat of the code. De-fined and de-clared in \OT1/cmtt/m/n/12 solar[]
system.h
 []

[7] [8]
Overfull \hbox (4.2199pt too wide) in paragraph at lines 416--416
 []      \OT1/cmtt/m/n/12 double r_prev = sqrt(pow(x_prev-originx,2)+pow(y_prev
-originy,2));[] 
 []

[9]
Overfull \hbox (10.3949pt too wide) in paragraph at lines 529--529
 []            \OT1/cmtt/m/n/12 double prev_rp = sqrt(pow(posx[i-1]-plan.positi
onsx_r[i-1],2)[] 
 []


Overfull \hbox (22.7449pt too wide) in paragraph at lines 529--529
 []                   \OT1/cmtt/m/n/12 *(posx[i-1]-plan.positionsx_r[i-1])/pow(
prev_rp,3)/msun;[] 
 []


Overfull \hbox (22.7449pt too wide) in paragraph at lines 529--529
 []                   \OT1/cmtt/m/n/12 *(posy[i-1]-plan.positionsy_r[i-1])/pow(
prev_rp,3)/msun;[] 
 []

[10]
Overfull \hbox (10.3949pt too wide) in paragraph at lines 529--529
 []            \OT1/cmtt/m/n/12 double prev_rp = sqrt(pow(posx[i-1]-plan.positi
onsx_r[i-1],2)[] 
 []


Overfull \hbox (47.44492pt too wide) in paragraph at lines 529--529
 []                 \OT1/cmtt/m/n/12 *(posx[i-1]+k1x/2-plan.positionsx_r[i-1])/
pow(prev_rp,3)/msun;[] 
 []


Overfull \hbox (47.44492pt too wide) in paragraph at lines 529--529
 []                 \OT1/cmtt/m/n/12 *(posy[i-1]+k1y/2-plan.positionsy_r[i-1])/
pow(prev_rp,3)/msun;[] 
 []


Overfull \hbox (10.3949pt too wide) in paragraph at lines 529--529
 []            \OT1/cmtt/m/n/12 double prev_rp = sqrt(pow(posx[i-1]-plan.positi
onsx_r[i-1],2)[] 
 []


Overfull \hbox (47.44492pt too wide) in paragraph at lines 529--529
 []                 \OT1/cmtt/m/n/12 *(posx[i-1]+k2x/2-plan.positionsx_r[i-1])/
pow(prev_rp,3)/msun;[] 
 []


Overfull \hbox (47.44492pt too wide) in paragraph at lines 529--529
 []                 \OT1/cmtt/m/n/12 *(posy[i-1]+k2y/2-plan.positionsy_r[i-1])/
pow(prev_rp,3)/msun;[] 
 []

[11]
Overfull \hbox (10.3949pt too wide) in paragraph at lines 529--529
 []            \OT1/cmtt/m/n/12 double prev_rp = sqrt(pow(posx[i-1]-plan.positi
onsx_r[i-1],2)[] 
 []


Overfull \hbox (41.26991pt too wide) in paragraph at lines 529--529
 []                  \OT1/cmtt/m/n/12 *(posx[i-1]+k3x-plan.positionsx_r[i-1])/p
ow(prev_rp,3)/msun;[] 
 []


Overfull \hbox (41.26991pt too wide) in paragraph at lines 529--529
 []                  \OT1/cmtt/m/n/12 *(posy[i-1]+k3y-plan.positionsy_r[i-1])/p
ow(prev_rp,3)/msun;[] 
 []

[12]

! LaTeX Error: Environment subfigure undefined.

See the LaTeX manual or LaTeX Companion for explanation.
Type  H <return>  for immediate help.
 ...                                              
                                                  
l.561 \begin{subfigure}
                       
? 
<plots/earth_pos.png, id=54, 798.985pt x 696.6025pt>
File: plots/earth_pos.png Graphic file (type png)
 <use plots/earth_pos.png>
Package pdftex.def Info: plots/earth_pos.png used on input line 562.
(pdftex.def)             Requested size: 211.38832pt x 184.30116pt.


! LaTeX Error: \begin{center} on input line 560 ended by \end{subfigure}.

See the LaTeX manual or LaTeX Companion for explanation.
Type  H <return>  for immediate help.
 ...                                              
                                                  
l.563 \end{subfigure}
                     
? 

! LaTeX Error: Environment subfigure undefined.

See the LaTeX manual or LaTeX Companion for explanation.
Type  H <return>  for immediate help.
 ...                                              
                                                  
l.564 \begin{subfigure}
                       
? 
<plots/earth_vel.png, id=55, 798.985pt x 696.6025pt>
File: plots/earth_vel.png Graphic file (type png)
 <use plots/earth_vel.png>
Package pdftex.def Info: plots/earth_vel.png used on input line 565.
(pdftex.def)             Requested size: 211.38832pt x 184.30116pt.


! LaTeX Error: \begin{center} on input line 560 ended by \end{subfigure}.

See the LaTeX manual or LaTeX Companion for explanation.
Type  H <return>  for immediate help.
 ...                                              
                                                  
l.566 \end{subfigure}
                     
? 

! LaTeX Error: Environment subfigure undefined.

See the LaTeX manual or LaTeX Companion for explanation.
Type  H <return>  for immediate help.
 ...                                              
                                                  
l.576 \begin{subfigure}
                       
? 
<plots/earth_pos_very_long.png, id=56, 798.985pt x 694.595pt>
File: plots/earth_pos_very_long.png Graphic file (type png)

<use plots/earth_pos_very_long.png>
Package pdftex.def Info: plots/earth_pos_very_long.png used on input line 577.
(pdftex.def)             Requested size: 211.38832pt x 183.77003pt.


! LaTeX Error: \begin{center} on input line 575 ended by \end{subfigure}.

See the LaTeX manual or LaTeX Companion for explanation.
Type  H <return>  for immediate help.
 ...                                              
                                                  
l.578 \end{subfigure}
                     
? 

! LaTeX Error: Environment subfigure undefined.

See the LaTeX manual or LaTeX Companion for explanation.
Type  H <return>  for immediate help.
 ...                                              
                                                  
l.579 \begin{subfigure}
                       
? 
<plots/earth_vel_very_long.png, id=57, 798.985pt x 694.595pt>
File: plots/earth_vel_very_long.png Graphic file (type png)

<use plots/earth_vel_very_long.png>
Package pdftex.def Info: plots/earth_vel_very_long.png used on input line 580.
(pdftex.def)             Requested size: 211.38832pt x 183.77003pt.


! LaTeX Error: \begin{center} on input line 575 ended by \end{subfigure}.

See the LaTeX manual or LaTeX Companion for explanation.
Type  H <return>  for immediate help.
 ...                                              
                                                  
l.581 \end{subfigure}
                     
? 

LaTeX Warning: `h' float specifier changed to `ht'.


! LaTeX Error: Environment subfigure undefined.

See the LaTeX manual or LaTeX Companion for explanation.
Type  H <return>  for immediate help.
 ...                                              
                                                  
l.589 \begin{subfigure}
                       
? 
<plots/earth_pos_long.png, id=58, 798.985pt x 694.595pt>
File: plots/earth_pos_long.png Graphic file (type png)

<use plots/earth_pos_long.png>
Package pdftex.def Info: plots/earth_pos_long.png used on input line 590.
(pdftex.def)             Requested size: 211.38832pt x 183.77003pt.


! LaTeX Error: \begin{center} on input line 588 ended by \end{subfigure}.

See the LaTeX manual or LaTeX Companion for explanation.
Type  H <return>  for immediate help.
 ...                                              
                                                  
l.591 \end{subfigure}
                     
? 

! LaTeX Error: Environment subfigure undefined.

See the LaTeX manual or LaTeX Companion for explanation.
Type  H <return>  for immediate help.
 ...                                              
                                                  
l.592 \begin{subfigure}
                       
? 
<plots/earth_vel_long.png, id=59, 798.985pt x 694.595pt>
File: plots/earth_vel_long.png Graphic file (type png)

<use plots/earth_vel_long.png>
Package pdftex.def Info: plots/earth_vel_long.png used on input line 593.
(pdftex.def)             Requested size: 211.38832pt x 183.77003pt.


! LaTeX Error: \begin{center} on input line 588 ended by \end{subfigure}.

See the LaTeX manual or LaTeX Companion for explanation.
Type  H <return>  for immediate help.
 ...                                              
                                                  
l.594 \end{subfigure}
                     
? 

LaTeX Warning: `h' float specifier changed to `ht'.

[13 <C:/Users/Elizabeth/Documents/GitHub/PHY480/Project3/Report/plots/earth_pos
.png> <C:/Users/Elizabeth/Documents/GitHub/PHY480/Project3/Report/plots/earth_v
el.png>]

! LaTeX Error: Environment subfigure undefined.

See the LaTeX manual or LaTeX Companion for explanation.
Type  H <return>  for immediate help.
 ...                                              
                                                  
l.604 \begin{subfigure}
                       
? 
<plots/pos_nstep_check_verlet.png, id=64, 798.985pt x 694.595pt>
File: plots/pos_nstep_check_verlet.png Graphic file (type png)

<use plots/pos_nstep_check_verlet.png>
Package pdftex.def Info: plots/pos_nstep_check_verlet.png used on input line 60
5.
(pdftex.def)             Requested size: 211.38832pt x 183.77003pt.


! LaTeX Error: \begin{center} on input line 603 ended by \end{subfigure}.

See the LaTeX manual or LaTeX Companion for explanation.
Type  H <return>  for immediate help.
 ...                                              
                                                  
l.606 \end{subfigure}
                     
? 

! LaTeX Error: Environment subfigure undefined.

See the LaTeX manual or LaTeX Companion for explanation.
Type  H <return>  for immediate help.
 ...                                              
                                                  
l.607 \begin{subfigure}
                       
? 
<plots/pos_nstep_check_rk4.png, id=65, 798.985pt x 694.595pt>
File: plots/pos_nstep_check_rk4.png Graphic file (type png)

<use plots/pos_nstep_check_rk4.png>
Package pdftex.def Info: plots/pos_nstep_check_rk4.png used on input line 608.
(pdftex.def)             Requested size: 211.38832pt x 183.77003pt.


! LaTeX Error: \begin{center} on input line 603 ended by \end{subfigure}.

See the LaTeX manual or LaTeX Companion for explanation.
Type  H <return>  for immediate help.
 ...                                              
                                                  
l.609 \end{subfigure}
                      \\
? 

! LaTeX Error: Environment subfigure undefined.

See the LaTeX manual or LaTeX Companion for explanation.
Type  H <return>  for immediate help.
 ...                                              
                                                  
l.610 \begin{subfigure}
                       
? 
<plots/vel_nstep_check_verlet.png, id=66, 798.985pt x 694.595pt>
File: plots/vel_nstep_check_verlet.png Graphic file (type png)

<use plots/vel_nstep_check_verlet.png>
Package pdftex.def Info: plots/vel_nstep_check_verlet.png used on input line 61
1.
(pdftex.def)             Requested size: 211.38832pt x 183.77003pt.


! LaTeX Error: \begin{center} on input line 603 ended by \end{subfigure}.

See the LaTeX manual or LaTeX Companion for explanation.
Type  H <return>  for immediate help.
 ...                                              
                                                  
l.612 \end{subfigure}
                     
? 

! LaTeX Error: Environment subfigure undefined.

See the LaTeX manual or LaTeX Companion for explanation.
Type  H <return>  for immediate help.
 ...                                              
                                                  
l.613 \begin{subfigure}
                       
? 
<plots/vel_nstep_check_rk4.png, id=67, 798.985pt x 694.595pt>
File: plots/vel_nstep_check_rk4.png Graphic file (type png)

<use plots/vel_nstep_check_rk4.png>
Package pdftex.def Info: plots/vel_nstep_check_rk4.png used on input line 614.
(pdftex.def)             Requested size: 211.38832pt x 183.77003pt.


! LaTeX Error: \begin{center} on input line 603 ended by \end{subfigure}.

See the LaTeX manual or LaTeX Companion for explanation.
Type  H <return>  for immediate help.
 ...                                              
                                                  
l.615 \end{subfigure}
                     
? 

LaTeX Warning: `h' float specifier changed to `ht'.

[14 <C:/Users/Elizabeth/Documents/GitHub/PHY480/Project3/Report/plots/earth_pos
_very_long.png> <C:/Users/Elizabeth/Documents/GitHub/PHY480/Project3/Report/plo
ts/earth_vel_very_long.png>]

! LaTeX Error: Environment subfigure undefined.

See the LaTeX manual or LaTeX Companion for explanation.
Type  H <return>  for immediate help.
 ...                                              
                                                  
l.627 \begin{subfigure}
                       
? 
<benchmarks/kinetic.png, id=71, 798.985pt x 694.595pt>
File: benchmarks/kinetic.png Graphic file (type png)

<use benchmarks/kinetic.png>
Package pdftex.def Info: benchmarks/kinetic.png used on input line 628.
(pdftex.def)             Requested size: 211.38832pt x 183.77003pt.


! LaTeX Error: \begin{center} on input line 626 ended by \end{subfigure}.

See the LaTeX manual or LaTeX Companion for explanation.
Type  H <return>  for immediate help.
 ...                                              
                                                  
l.629 \end{subfigure}
                     
? 

! LaTeX Error: Environment subfigure undefined.

See the LaTeX manual or LaTeX Companion for explanation.
Type  H <return>  for immediate help.
 ...                                              
                                                  
l.630 \begin{subfigure}
                       
? 
<benchmarks/potential.png, id=72, 798.985pt x 694.595pt>
File: benchmarks/potential.png Graphic file (type png)

<use benchmarks/potential.png>
Package pdftex.def Info: benchmarks/potential.png used on input line 631.
(pdftex.def)             Requested size: 211.38832pt x 183.77003pt.


! LaTeX Error: \begin{center} on input line 626 ended by \end{subfigure}.

See the LaTeX manual or LaTeX Companion for explanation.
Type  H <return>  for immediate help.
 ...                                              
                                                  
l.632 \end{subfigure}
                      \\
? 

! LaTeX Error: Environment subfigure undefined.

See the LaTeX manual or LaTeX Companion for explanation.
Type  H <return>  for immediate help.
 ...                                              
                                                  
l.633 \begin{subfigure}
                       
? 
<benchmarks/total_energy.png, id=73, 798.985pt x 694.595pt>
File: benchmarks/total_energy.png Graphic file (type png)

<use benchmarks/total_energy.png>
Package pdftex.def Info: benchmarks/total_energy.png used on input line 634.
(pdftex.def)             Requested size: 211.38832pt x 183.77003pt.


! LaTeX Error: \begin{center} on input line 626 ended by \end{subfigure}.

See the LaTeX manual or LaTeX Companion for explanation.
Type  H <return>  for immediate help.
 ...                                              
                                                  
l.635 \end{subfigure}
                     
? 

! LaTeX Error: Environment subfigure undefined.

See the LaTeX manual or LaTeX Companion for explanation.
Type  H <return>  for immediate help.
 ...                                              
                                                  
l.636 \begin{subfigure}
                       
? 
<benchmarks/angular_mom.png, id=74, 798.985pt x 694.595pt>
File: benchmarks/angular_mom.png Graphic file (type png)

<use benchmarks/angular_mom.png>
Package pdftex.def Info: benchmarks/angular_mom.png used on input line 637.
(pdftex.def)             Requested size: 211.38832pt x 183.77003pt.


! LaTeX Error: \begin{center} on input line 626 ended by \end{subfigure}.

See the LaTeX manual or LaTeX Companion for explanation.
Type  H <return>  for immediate help.
 ...                                              
                                                  
l.638 \end{subfigure}
                     
? 

LaTeX Warning: `h' float specifier changed to `ht'.

! Extra }, or forgotten $.
<template> \unskip \hfil }
                          \hskip \tabcolsep \hskip -.5\arrayrulewidth \vrule...
l.649 ...8$\times10^{-6}$ & 2.514$\times10^{-13} &
                                                   8.456$\times10^{-6}$
? 
! Missing $ inserted.
<inserted text> 
                $
l.649 ...8$\times10^{-6}$ & 2.514$\times10^{-13} &
                                                   8.456$\times10^{-6}$
? 
! Missing } inserted.
<inserted text> 
                }
l.649 ...8$\times10^{-6}$ & 2.514$\times10^{-13} &
                                                   8.456$\times10^{-6}$
? 
[15 <C:/Users/Elizabeth/Documents/GitHub/PHY480/Project3/Report/plots/earth_pos
_long.png> <C:/Users/Elizabeth/Documents/GitHub/PHY480/Project3/Report/plots/ea
rth_vel_long.png>] [16 <C:/Users/Elizabeth/Documents/GitHub/PHY480/Project3/Rep
ort/plots/pos_nstep_check_verlet.png> <C:/Users/Elizabeth/Documents/GitHub/PHY4
80/Project3/Report/plots/pos_nstep_check_rk4.png> <C:/Users/Elizabeth/Documents
/GitHub/PHY480/Project3/Report/plots/vel_nstep_check_verlet.png> <C:/Users/Eliz
abeth/Documents/GitHub/PHY480/Project3/Report/plots/vel_nstep_check_rk4.png>]

! LaTeX Error: Environment subfigure undefined.

See the LaTeX manual or LaTeX Companion for explanation.
Type  H <return>  for immediate help.
 ...                                              
                                                  
l.679 \begin{subfigure}
                       
? 
<plots/jupiter_only_verlet_pos.png, id=81, 798.985pt x 694.595pt>
File: plots/jupiter_only_verlet_pos.png Graphic file (type png)

<use plots/jupiter_only_verlet_pos.png>
Package pdftex.def Info: plots/jupiter_only_verlet_pos.png used on input line 6
80.
(pdftex.def)             Requested size: 211.38832pt x 183.77003pt.


! LaTeX Error: \begin{center} on input line 678 ended by \end{subfigure}.

See the LaTeX manual or LaTeX Companion for explanation.
Type  H <return>  for immediate help.
 ...                                              
                                                  
l.681 \end{subfigure}
                     
? 

! LaTeX Error: Environment subfigure undefined.

See the LaTeX manual or LaTeX Companion for explanation.
Type  H <return>  for immediate help.
 ...                                              
                                                  
l.682 \begin{subfigure}
                       
? 
<plots/jupiter_only_verlet_vel.png, id=82, 798.985pt x 694.595pt>
File: plots/jupiter_only_verlet_vel.png Graphic file (type png)

<use plots/jupiter_only_verlet_vel.png>
Package pdftex.def Info: plots/jupiter_only_verlet_vel.png used on input line 6
83.
(pdftex.def)             Requested size: 211.38832pt x 183.77003pt.


! LaTeX Error: \begin{center} on input line 678 ended by \end{subfigure}.

See the LaTeX manual or LaTeX Companion for explanation.
Type  H <return>  for immediate help.
 ...                                              
                                                  
l.684 \end{subfigure}
                      \\
? 

! LaTeX Error: Environment subfigure undefined.

See the LaTeX manual or LaTeX Companion for explanation.
Type  H <return>  for immediate help.
 ...                                              
                                                  
l.685 \begin{subfigure}
                       
? 
<plots/jupiter_only_rk4_pos.png, id=83, 798.985pt x 694.595pt>
File: plots/jupiter_only_rk4_pos.png Graphic file (type png)

<use plots/jupiter_only_rk4_pos.png>
Package pdftex.def Info: plots/jupiter_only_rk4_pos.png used on input line 686.

(pdftex.def)             Requested size: 211.38832pt x 183.77003pt.


! LaTeX Error: \begin{center} on input line 678 ended by \end{subfigure}.

See the LaTeX manual or LaTeX Companion for explanation.
Type  H <return>  for immediate help.
 ...                                              
                                                  
l.687 \end{subfigure}
                     
? 

! LaTeX Error: Environment subfigure undefined.

See the LaTeX manual or LaTeX Companion for explanation.
Type  H <return>  for immediate help.
 ...                                              
                                                  
l.688 \begin{subfigure}
                       
? 
<plots/jupiter_only_rk4_vel.png, id=84, 798.985pt x 694.595pt>
File: plots/jupiter_only_rk4_vel.png Graphic file (type png)

<use plots/jupiter_only_rk4_vel.png>
Package pdftex.def Info: plots/jupiter_only_rk4_vel.png used on input line 689.

(pdftex.def)             Requested size: 211.38832pt x 183.77003pt.


! LaTeX Error: \begin{center} on input line 678 ended by \end{subfigure}.

See the LaTeX manual or LaTeX Companion for explanation.
Type  H <return>  for immediate help.
 ...                                              
                                                  
l.690 \end{subfigure}
                     
? 

LaTeX Warning: `h' float specifier changed to `ht'.


! LaTeX Error: Environment subfigure undefined.

See the LaTeX manual or LaTeX Companion for explanation.
Type  H <return>  for immediate help.
 ...                                              
                                                  
l.698 \begin{subfigure}
                       
? 
<plots/jupiter_only_long_verlet_pos.png, id=85, 798.985pt x 694.595pt>
File: plots/jupiter_only_long_verlet_pos.png Graphic file (type png)

<use plots/jupiter_only_long_verlet_pos.png>
Package pdftex.def Info: plots/jupiter_only_long_verlet_pos.png used on input l
ine 699.
(pdftex.def)             Requested size: 211.38832pt x 183.77003pt.


! LaTeX Error: \begin{center} on input line 697 ended by \end{subfigure}.

See the LaTeX manual or LaTeX Companion for explanation.
Type  H <return>  for immediate help.
 ...                                              
                                                  
l.700 \end{subfigure}
                     
? 

! LaTeX Error: Environment subfigure undefined.

See the LaTeX manual or LaTeX Companion for explanation.
Type  H <return>  for immediate help.
 ...                                              
                                                  
l.701 \begin{subfigure}
                       
? 
<plots/jupiter_only_long_verlet_vel.png, id=86, 798.985pt x 694.595pt>
File: plots/jupiter_only_long_verlet_vel.png Graphic file (type png)

<use plots/jupiter_only_long_verlet_vel.png>
Package pdftex.def Info: plots/jupiter_only_long_verlet_vel.png used on input l
ine 702.
(pdftex.def)             Requested size: 211.38832pt x 183.77003pt.


! LaTeX Error: \begin{center} on input line 697 ended by \end{subfigure}.

See the LaTeX manual or LaTeX Companion for explanation.
Type  H <return>  for immediate help.
 ...                                              
                                                  
l.703 \end{subfigure}
                      \\
? 

! LaTeX Error: Environment subfigure undefined.

See the LaTeX manual or LaTeX Companion for explanation.
Type  H <return>  for immediate help.
 ...                                              
                                                  
l.704 \begin{subfigure}
                       
? 
<plots/jupiter_only_long_rk4_pos.png, id=87, 798.985pt x 694.595pt>
File: plots/jupiter_only_long_rk4_pos.png Graphic file (type png)

<use plots/jupiter_only_long_rk4_pos.png>
Package pdftex.def Info: plots/jupiter_only_long_rk4_pos.png used on input line
 705.
(pdftex.def)             Requested size: 211.38832pt x 183.77003pt.


! LaTeX Error: \begin{center} on input line 697 ended by \end{subfigure}.

See the LaTeX manual or LaTeX Companion for explanation.
Type  H <return>  for immediate help.
 ...                                              
                                                  
l.706 \end{subfigure}
                     
? 

! LaTeX Error: Environment subfigure undefined.

See the LaTeX manual or LaTeX Companion for explanation.
Type  H <return>  for immediate help.
 ...                                              
                                                  
l.707 \begin{subfigure}
                       
? 
<plots/jupiter_only_long_rk4_vel.png, id=88, 798.985pt x 694.595pt>
File: plots/jupiter_only_long_rk4_vel.png Graphic file (type png)

<use plots/jupiter_only_long_rk4_vel.png>
Package pdftex.def Info: plots/jupiter_only_long_rk4_vel.png used on input line
 708.
(pdftex.def)             Requested size: 211.38832pt x 183.77003pt.


! LaTeX Error: \begin{center} on input line 697 ended by \end{subfigure}.

See the LaTeX manual or LaTeX Companion for explanation.
Type  H <return>  for immediate help.
 ...                                              
                                                  
l.709 \end{subfigure}
                     
? 

LaTeX Warning: `h' float specifier changed to `ht'.


! LaTeX Error: Environment subfigure undefined.

See the LaTeX manual or LaTeX Companion for explanation.
Type  H <return>  for immediate help.
 ...                                              
                                                  
l.719 \begin{subfigure}
                       
? 

<plots/jupiter_only_long_500steps_verlet_pos.png, id=89, 798.985pt x 694.595pt>
File: plots/jupiter_only_long_500steps_verlet_pos.png Graphic file (type png)
<use plots/jupiter_only_long_500steps_verlet_pos.png>
Package pdftex.def Info: plots/jupiter_only_long_500steps_verlet_pos.png used o
n input line 720.
(pdftex.def)             Requested size: 211.38832pt x 183.77003pt.


! LaTeX Error: \begin{center} on input line 718 ended by \end{subfigure}.

See the LaTeX manual or LaTeX Companion for explanation.
Type  H <return>  for immediate help.
 ...                                              
                                                  
l.721 \end{subfigure}
                     
? 

! LaTeX Error: Environment subfigure undefined.

See the LaTeX manual or LaTeX Companion for explanation.
Type  H <return>  for immediate help.
 ...                                              
                                                  
l.722 \begin{subfigure}
                       
? 

<plots/jupiter_only_long_500steps_verlet_vel.png, id=90, 798.985pt x 694.595pt>
File: plots/jupiter_only_long_500steps_verlet_vel.png Graphic file (type png)
<use plots/jupiter_only_long_500steps_verlet_vel.png>
Package pdftex.def Info: plots/jupiter_only_long_500steps_verlet_vel.png used o
n input line 723.
(pdftex.def)             Requested size: 211.38832pt x 183.77003pt.


! LaTeX Error: \begin{center} on input line 718 ended by \end{subfigure}.

See the LaTeX manual or LaTeX Companion for explanation.
Type  H <return>  for immediate help.
 ...                                              
                                                  
l.724 \end{subfigure}
                      \\
? 

! LaTeX Error: Environment subfigure undefined.

See the LaTeX manual or LaTeX Companion for explanation.
Type  H <return>  for immediate help.
 ...                                              
                                                  
l.725 \begin{subfigure}
                       
? 
<plots/jupiter_only_long_500steps_rk4_pos.png, id=91, 798.985pt x 694.595pt>
File: plots/jupiter_only_long_500steps_rk4_pos.png Graphic file (type png)

<use plots/jupiter_only_long_500steps_rk4_pos.png>
Package pdftex.def Info: plots/jupiter_only_long_500steps_rk4_pos.png used on i
nput line 726.
(pdftex.def)             Requested size: 211.38832pt x 183.77003pt.


! LaTeX Error: \begin{center} on input line 718 ended by \end{subfigure}.

See the LaTeX manual or LaTeX Companion for explanation.
Type  H <return>  for immediate help.
 ...                                              
                                                  
l.727 \end{subfigure}
                     
? 

! LaTeX Error: Environment subfigure undefined.

See the LaTeX manual or LaTeX Companion for explanation.
Type  H <return>  for immediate help.
 ...                                              
                                                  
l.728 \begin{subfigure}
                       
? 
<plots/jupiter_only_long_500steps_rk4_vel.png, id=92, 798.985pt x 694.595pt>
File: plots/jupiter_only_long_500steps_rk4_vel.png Graphic file (type png)

<use plots/jupiter_only_long_500steps_rk4_vel.png>
Package pdftex.def Info: plots/jupiter_only_long_500steps_rk4_vel.png used on i
nput line 729.
(pdftex.def)             Requested size: 211.38832pt x 183.77003pt.


! LaTeX Error: \begin{center} on input line 718 ended by \end{subfigure}.

See the LaTeX manual or LaTeX Companion for explanation.
Type  H <return>  for immediate help.
 ...                                              
                                                  
l.730 \end{subfigure}
                     
? 

LaTeX Warning: `h' float specifier changed to `ht'.

[17 <C:/Users/Elizabeth/Documents/GitHub/PHY480/Project3/Report/benchmarks/kine
tic.png> <C:/Users/Elizabeth/Documents/GitHub/PHY480/Project3/Report/benchmarks
/potential.png> <C:/Users/Elizabeth/Documents/GitHub/PHY480/Project3/Report/ben
chmarks/total_energy.png> <C:/Users/Elizabeth/Documents/GitHub/PHY480/Project3/
Report/benchmarks/angular_mom.png>]

! LaTeX Error: Environment subfigure undefined.

See the LaTeX manual or LaTeX Companion for explanation.
Type  H <return>  for immediate help.
 ...                                              
                                                  
l.740 \begin{subfigure}
                       
? 

<plots/jupiter10_only_long_750steps_verlet_pos.png, id=96, 798.985pt x 694.595p
t>
File: plots/jupiter10_only_long_750steps_verlet_pos.png Graphic file (type png)

 <use plots/jupiter10_only_long_750steps_verlet_pos.png>
Package pdftex.def Info: plots/jupiter10_only_long_750steps_verlet_pos.png used
 on input line 741.
(pdftex.def)             Requested size: 211.38832pt x 183.77003pt.


! LaTeX Error: \begin{center} on input line 739 ended by \end{subfigure}.

See the LaTeX manual or LaTeX Companion for explanation.
Type  H <return>  for immediate help.
 ...                                              
                                                  
l.742 \end{subfigure}
                     
? 

! LaTeX Error: Environment subfigure undefined.

See the LaTeX manual or LaTeX Companion for explanation.
Type  H <return>  for immediate help.
 ...                                              
                                                  
l.743 \begin{subfigure}
                       
? 

<plots/jupiter10_only_long_750steps_verlet_vel.png, id=97, 798.985pt x 694.595p
t>
File: plots/jupiter10_only_long_750steps_verlet_vel.png Graphic file (type png)

 <use plots/jupiter10_only_long_750steps_verlet_vel.png>
Package pdftex.def Info: plots/jupiter10_only_long_750steps_verlet_vel.png used
 on input line 744.
(pdftex.def)             Requested size: 211.38832pt x 183.77003pt.


! LaTeX Error: \begin{center} on input line 739 ended by \end{subfigure}.

See the LaTeX manual or LaTeX Companion for explanation.
Type  H <return>  for immediate help.
 ...                                              
                                                  
l.745 \end{subfigure}
                      \\
? 

! LaTeX Error: Environment subfigure undefined.

See the LaTeX manual or LaTeX Companion for explanation.
Type  H <return>  for immediate help.
 ...                                              
                                                  
l.746 \begin{subfigure}
                       
? 

<plots/jupiter10_only_long_750steps_rk4_pos.png, id=98, 798.985pt x 694.595pt>
File: plots/jupiter10_only_long_750steps_rk4_pos.png Graphic file (type png)

<use plots/jupiter10_only_long_750steps_rk4_pos.png>
Package pdftex.def Info: plots/jupiter10_only_long_750steps_rk4_pos.png used on
 input line 747.
(pdftex.def)             Requested size: 211.38832pt x 183.77003pt.


! LaTeX Error: \begin{center} on input line 739 ended by \end{subfigure}.

See the LaTeX manual or LaTeX Companion for explanation.
Type  H <return>  for immediate help.
 ...                                              
                                                  
l.748 \end{subfigure}
                     
? 

! LaTeX Error: Environment subfigure undefined.

See the LaTeX manual or LaTeX Companion for explanation.
Type  H <return>  for immediate help.
 ...                                              
                                                  
l.749 \begin{subfigure}
                       
? 

<plots/jupiter10_only_long_750steps_rk4_vel.png, id=99, 798.985pt x 694.595pt>
File: plots/jupiter10_only_long_750steps_rk4_vel.png Graphic file (type png)

<use plots/jupiter10_only_long_750steps_rk4_vel.png>
Package pdftex.def Info: plots/jupiter10_only_long_750steps_rk4_vel.png used on
 input line 750.
(pdftex.def)             Requested size: 211.38832pt x 183.77003pt.


! LaTeX Error: \begin{center} on input line 739 ended by \end{subfigure}.

See the LaTeX manual or LaTeX Companion for explanation.
Type  H <return>  for immediate help.
 ...                                              
                                                  
l.751 \end{subfigure}
                     
? 

LaTeX Warning: `h' float specifier changed to `ht'.


! LaTeX Error: Environment subfigure undefined.

See the LaTeX manual or LaTeX Companion for explanation.
Type  H <return>  for immediate help.
 ...                                              
                                                  
l.759 \begin{subfigure}
                       
? 

<plots/jupiter1000_only_long_2000steps_verlet_pos.png, id=100, 798.985pt x 694.
595pt>
File: plots/jupiter1000_only_long_2000steps_verlet_pos.png Graphic file (type p
ng)
 <use plots/jupiter1000_only_long_2000steps_verlet_pos.png>
Package pdftex.def Info: plots/jupiter1000_only_long_2000steps_verlet_pos.png u
sed on input line 760.
(pdftex.def)             Requested size: 211.38832pt x 183.77003pt.


! LaTeX Error: \begin{center} on input line 758 ended by \end{subfigure}.

See the LaTeX manual or LaTeX Companion for explanation.
Type  H <return>  for immediate help.
 ...                                              
                                                  
l.761 \end{subfigure}
                     
? 

! LaTeX Error: Environment subfigure undefined.

See the LaTeX manual or LaTeX Companion for explanation.
Type  H <return>  for immediate help.
 ...                                              
                                                  
l.762 \begin{subfigure}
                       
? 

<plots/jupiter1000_only_long_2000steps_verlet_vel.png, id=101, 798.985pt x 694.
595pt>
File: plots/jupiter1000_only_long_2000steps_verlet_vel.png Graphic file (type p
ng)
 <use plots/jupiter1000_only_long_2000steps_verlet_vel.png>
Package pdftex.def Info: plots/jupiter1000_only_long_2000steps_verlet_vel.png u
sed on input line 763.
(pdftex.def)             Requested size: 211.38832pt x 183.77003pt.


! LaTeX Error: \begin{center} on input line 758 ended by \end{subfigure}.

See the LaTeX manual or LaTeX Companion for explanation.
Type  H <return>  for immediate help.
 ...                                              
                                                  
l.764 \end{subfigure}
                      \\
? 

! LaTeX Error: Environment subfigure undefined.

See the LaTeX manual or LaTeX Companion for explanation.
Type  H <return>  for immediate help.
 ...                                              
                                                  
l.765 \begin{subfigure}
                       
? 

<plots/jupiter1000_only_long_2000steps_rk4_pos.png, id=102, 798.985pt x 694.595
pt>
File: plots/jupiter1000_only_long_2000steps_rk4_pos.png Graphic file (type png)

 <use plots/jupiter1000_only_long_2000steps_rk4_pos.png>
Package pdftex.def Info: plots/jupiter1000_only_long_2000steps_rk4_pos.png used
 on input line 766.
(pdftex.def)             Requested size: 211.38832pt x 183.77003pt.


! LaTeX Error: \begin{center} on input line 758 ended by \end{subfigure}.

See the LaTeX manual or LaTeX Companion for explanation.
Type  H <return>  for immediate help.
 ...                                              
                                                  
l.767 \end{subfigure}
                     
? 

! LaTeX Error: Environment subfigure undefined.

See the LaTeX manual or LaTeX Companion for explanation.
Type  H <return>  for immediate help.
 ...                                              
                                                  
l.768 \begin{subfigure}
                       
? 

<plots/jupiter1000_only_long_2000steps_rk4_vel.png, id=103, 798.985pt x 694.595
pt>
File: plots/jupiter1000_only_long_2000steps_rk4_vel.png Graphic file (type png)

 <use plots/jupiter1000_only_long_2000steps_rk4_vel.png>
Package pdftex.def Info: plots/jupiter1000_only_long_2000steps_rk4_vel.png used
 on input line 769.
(pdftex.def)             Requested size: 211.38832pt x 183.77003pt.


! LaTeX Error: \begin{center} on input line 758 ended by \end{subfigure}.

See the LaTeX manual or LaTeX Companion for explanation.
Type  H <return>  for immediate help.
 ...                                              
                                                  
l.770 \end{subfigure}
                     
? 

LaTeX Warning: `h' float specifier changed to `ht'.

[18 <C:/Users/Elizabeth/Documents/GitHub/PHY480/Project3/Report/plots/jupiter_o
nly_verlet_pos.png> <C:/Users/Elizabeth/Documents/GitHub/PHY480/Project3/Report
/plots/jupiter_only_verlet_vel.png> <C:/Users/Elizabeth/Documents/GitHub/PHY480
/Project3/Report/plots/jupiter_only_rk4_pos.png> <C:/Users/Elizabeth/Documents/
GitHub/PHY480/Project3/Report/plots/jupiter_only_rk4_vel.png>]

! LaTeX Error: Environment subfigure undefined.

See the LaTeX manual or LaTeX Companion for explanation.
Type  H <return>  for immediate help.
 ...                                              
                                                  
l.793 \begin{subfigure}
                       
? 
<plots/jupiter_only_com_verlet_pos.png, id=107, 798.985pt x 694.595pt>
File: plots/jupiter_only_com_verlet_pos.png Graphic file (type png)

<use plots/jupiter_only_com_verlet_pos.png>
Package pdftex.def Info: plots/jupiter_only_com_verlet_pos.png used on input li
ne 794.
(pdftex.def)             Requested size: 211.38832pt x 183.77003pt.


! LaTeX Error: \begin{center} on input line 792 ended by \end{subfigure}.

See the LaTeX manual or LaTeX Companion for explanation.
Type  H <return>  for immediate help.
 ...                                              
                                                  
l.795 \end{subfigure}
                     
? 

! LaTeX Error: Environment subfigure undefined.

See the LaTeX manual or LaTeX Companion for explanation.
Type  H <return>  for immediate help.
 ...                                              
                                                  
l.796 \begin{subfigure}
                       
? 
<plots/jupiter_only_com_verlet_vel.png, id=108, 798.985pt x 694.595pt>
File: plots/jupiter_only_com_verlet_vel.png Graphic file (type png)

<use plots/jupiter_only_com_verlet_vel.png>
Package pdftex.def Info: plots/jupiter_only_com_verlet_vel.png used on input li
ne 797.
(pdftex.def)             Requested size: 211.38832pt x 183.77003pt.


! LaTeX Error: \begin{center} on input line 792 ended by \end{subfigure}.

See the LaTeX manual or LaTeX Companion for explanation.
Type  H <return>  for immediate help.
 ...                                              
                                                  
l.798 \end{subfigure}
                      \\
? 

! LaTeX Error: Environment subfigure undefined.

See the LaTeX manual or LaTeX Companion for explanation.
Type  H <return>  for immediate help.
 ...                                              
                                                  
l.799 \begin{subfigure}
                       
? 
<plots/jupiter_only_com_rk4_pos.png, id=109, 798.985pt x 694.595pt>
File: plots/jupiter_only_com_rk4_pos.png Graphic file (type png)

<use plots/jupiter_only_com_rk4_pos.png>
Package pdftex.def Info: plots/jupiter_only_com_rk4_pos.png used on input line 
800.
(pdftex.def)             Requested size: 211.38832pt x 183.77003pt.


! LaTeX Error: \begin{center} on input line 792 ended by \end{subfigure}.

See the LaTeX manual or LaTeX Companion for explanation.
Type  H <return>  for immediate help.
 ...                                              
                                                  
l.801 \end{subfigure}
                     
? 

! LaTeX Error: Environment subfigure undefined.

See the LaTeX manual or LaTeX Companion for explanation.
Type  H <return>  for immediate help.
 ...                                              
                                                  
l.802 \begin{subfigure}
                       
? 
<plots/jupiter_only_com_rk4_vel.png, id=110, 798.985pt x 694.595pt>
File: plots/jupiter_only_com_rk4_vel.png Graphic file (type png)

<use plots/jupiter_only_com_rk4_vel.png>
Package pdftex.def Info: plots/jupiter_only_com_rk4_vel.png used on input line 
803.
(pdftex.def)             Requested size: 211.38832pt x 183.77003pt.


! LaTeX Error: \begin{center} on input line 792 ended by \end{subfigure}.

See the LaTeX manual or LaTeX Companion for explanation.
Type  H <return>  for immediate help.
 ...                                              
                                                  
l.804 \end{subfigure}
                     
? 

LaTeX Warning: `h' float specifier changed to `ht'.

[19 <C:/Users/Elizabeth/Documents/GitHub/PHY480/Project3/Report/plots/jupiter_o
nly_long_verlet_pos.png> <C:/Users/Elizabeth/Documents/GitHub/PHY480/Project3/R
eport/plots/jupiter_only_long_verlet_vel.png> <C:/Users/Elizabeth/Documents/Git
Hub/PHY480/Project3/Report/plots/jupiter_only_long_rk4_pos.png> <C:/Users/Eliza
beth/Documents/GitHub/PHY480/Project3/Report/plots/jupiter_only_long_rk4_vel.pn
g>]

! LaTeX Error: Environment subfigure undefined.

See the LaTeX manual or LaTeX Companion for explanation.
Type  H <return>  for immediate help.
 ...                                              
                                                  
l.816 \begin{subfigure}
                       
? 
<plots/milky_way_full_100yrs_verlet_pos.png, id=115, 798.985pt x 694.595pt>
File: plots/milky_way_full_100yrs_verlet_pos.png Graphic file (type png)

<use plots/milky_way_full_100yrs_verlet_pos.png>
Package pdftex.def Info: plots/milky_way_full_100yrs_verlet_pos.png used on inp
ut line 817.
(pdftex.def)             Requested size: 211.38832pt x 183.77003pt.


! LaTeX Error: \begin{center} on input line 815 ended by \end{subfigure}.

See the LaTeX manual or LaTeX Companion for explanation.
Type  H <return>  for immediate help.
 ...                                              
                                                  
l.818 \end{subfigure}
                     
? 

! LaTeX Error: Environment subfigure undefined.

See the LaTeX manual or LaTeX Companion for explanation.
Type  H <return>  for immediate help.
 ...                                              
                                                  
l.819 \begin{subfigure}
                       
? 
<plots/milky_way_full_100yrs_verlet_vel.png, id=116, 798.985pt x 694.595pt>
File: plots/milky_way_full_100yrs_verlet_vel.png Graphic file (type png)

<use plots/milky_way_full_100yrs_verlet_vel.png>
Package pdftex.def Info: plots/milky_way_full_100yrs_verlet_vel.png used on inp
ut line 820.
(pdftex.def)             Requested size: 211.38832pt x 183.77003pt.


! LaTeX Error: \begin{center} on input line 815 ended by \end{subfigure}.

See the LaTeX manual or LaTeX Companion for explanation.
Type  H <return>  for immediate help.
 ...                                              
                                                  
l.821 \end{subfigure}
                      \\
? 

! LaTeX Error: Environment subfigure undefined.

See the LaTeX manual or LaTeX Companion for explanation.
Type  H <return>  for immediate help.
 ...                                              
                                                  
l.822 \begin{subfigure}
                       
? 
<plots/milky_way_full_100yrs_rk4_pos.png, id=117, 798.985pt x 694.595pt>
File: plots/milky_way_full_100yrs_rk4_pos.png Graphic file (type png)

<use plots/milky_way_full_100yrs_rk4_pos.png>
Package pdftex.def Info: plots/milky_way_full_100yrs_rk4_pos.png used on input 
line 823.
(pdftex.def)             Requested size: 211.38832pt x 183.77003pt.


! LaTeX Error: \begin{center} on input line 815 ended by \end{subfigure}.

See the LaTeX manual or LaTeX Companion for explanation.
Type  H <return>  for immediate help.
 ...                                              
                                                  
l.824 \end{subfigure}
                     
? 

! LaTeX Error: Environment subfigure undefined.

See the LaTeX manual or LaTeX Companion for explanation.
Type  H <return>  for immediate help.
 ...                                              
                                                  
l.825 \begin{subfigure}
                       
? 
<plots/milky_way_full_100yrs_rk4_vel.png, id=118, 798.985pt x 694.595pt>
File: plots/milky_way_full_100yrs_rk4_vel.png Graphic file (type png)

<use plots/milky_way_full_100yrs_rk4_vel.png>
Package pdftex.def Info: plots/milky_way_full_100yrs_rk4_vel.png used on input 
line 826.
(pdftex.def)             Requested size: 211.38832pt x 183.77003pt.


! LaTeX Error: \begin{center} on input line 815 ended by \end{subfigure}.

See the LaTeX manual or LaTeX Companion for explanation.
Type  H <return>  for immediate help.
 ...                                              
                                                  
l.827 \end{subfigure}
                     
? 

LaTeX Warning: `h' float specifier changed to `ht'.

[20 <C:/Users/Elizabeth/Documents/GitHub/PHY480/Project3/Report/plots/jupiter_o
nly_long_500steps_verlet_pos.png> <C:/Users/Elizabeth/Documents/GitHub/PHY480/P
roject3/Report/plots/jupiter_only_long_500steps_verlet_vel.png> <C:/Users/Eliza
beth/Documents/GitHub/PHY480/Project3/Report/plots/jupiter_only_long_500steps_r
k4_pos.png> <C:/Users/Elizabeth/Documents/GitHub/PHY480/Project3/Report/plots/j
upiter_only_long_500steps_rk4_vel.png>] [21 <C:/Users/Elizabeth/Documents/GitHu
b/PHY480/Project3/Report/plots/jupiter10_only_long_750steps_verlet_pos.png> <C:
/Users/Elizabeth/Documents/GitHub/PHY480/Project3/Report/plots/jupiter10_only_l
ong_750steps_verlet_vel.png> <C:/Users/Elizabeth/Documents/GitHub/PHY480/Projec
t3/Report/plots/jupiter10_only_long_750steps_rk4_pos.png> <C:/Users/Elizabeth/D
ocuments/GitHub/PHY480/Project3/Report/plots/jupiter10_only_long_750steps_rk4_v
el.png>] [22 <C:/Users/Elizabeth/Documents/GitHub/PHY480/Project3/Report/plots/
jupiter1000_only_long_2000steps_verlet_pos.png> <C:/Users/Elizabeth/Documents/G
itHub/PHY480/Project3/Report/plots/jupiter1000_only_long_2000steps_verlet_vel.p
ng> <C:/Users/Elizabeth/Documents/GitHub/PHY480/Project3/Report/plots/jupiter10
00_only_long_2000steps_rk4_pos.png> <C:/Users/Elizabeth/Documents/GitHub/PHY480
/Project3/Report/plots/jupiter1000_only_long_2000steps_rk4_vel.png>]
Overfull \hbox (55.49098pt too wide) in paragraph at lines 850--851
\OT1/cmr/m/n/12 2014. Web. 12 Apr. 2016. $\OML/cmm/m/it/12 <$\OT1/cmr/m/n/12 ht
tp://www.scholarpedia.org/article/Stability[]of[]the[]solar[]system$\OML/cmm/m/
it/12 >$\OT1/cmr/m/n/12 . 
 []

[23 <C:/Users/Elizabeth/Documents/GitHub/PHY480/Project3/Report/plots/jupiter_o
nly_com_verlet_pos.png> <C:/Users/Elizabeth/Documents/GitHub/PHY480/Project3/Re
port/plots/jupiter_only_com_verlet_vel.png> <C:/Users/Elizabeth/Documents/GitHu
b/PHY480/Project3/Report/plots/jupiter_only_com_rk4_pos.png> <C:/Users/Elizabet
h/Documents/GitHub/PHY480/Project3/Report/plots/jupiter_only_com_rk4_vel.png>]
[24 <C:/Users/Elizabeth/Documents/GitHub/PHY480/Project3/Report/plots/milky_way
_full_100yrs_verlet_pos.png> <C:/Users/Elizabeth/Documents/GitHub/PHY480/Projec
t3/Report/plots/milky_way_full_100yrs_verlet_vel.png> <C:/Users/Elizabeth/Docum
ents/GitHub/PHY480/Project3/Report/plots/milky_way_full_100yrs_rk4_pos.png> <C:
/Users/Elizabeth/Documents/GitHub/PHY480/Project3/Report/plots/milky_way_full_1
00yrs_rk4_vel.png>]
(C:\Users\Elizabeth\Documents\GitHub\PHY480\Project3\Report\Report.aux) ) 
Here is how much of TeX's memory you used:
 4615 strings out of 494045
 67689 string characters out of 3148375
 131028 words of memory out of 3000000
 7800 multiletter control sequences out of 15000+200000
 14517 words of font info for 58 fonts, out of 3000000 for 9000
 715 hyphenation exceptions out of 8191
 27i,11n,32p,1357b,369s stack positions out of 5000i,500n,10000p,200000b,50000s
<C:/Pr
ogram Files/MiKTeX 2.9/fonts/type1/public/amsfonts/cm/cmbx10.pfb><C:/Program Fi
les/MiKTeX 2.9/fonts/type1/public/amsfonts/cm/cmbx12.pfb><C:/Program Files/MiKT
eX 2.9/fonts/type1/public/amsfonts/cm/cmex10.pfb><C:/Program Files/MiKTeX 2.9/f
onts/type1/public/amsfonts/cm/cmmi12.pfb><C:/Program Files/MiKTeX 2.9/fonts/typ
e1/public/amsfonts/cm/cmmi6.pfb><C:/Program Files/MiKTeX 2.9/fonts/type1/public
/amsfonts/cm/cmmi8.pfb><C:/Program Files/MiKTeX 2.9/fonts/type1/public/amsfonts
/cm/cmr10.pfb><C:/Program Files/MiKTeX 2.9/fonts/type1/public/amsfonts/cm/cmr12
.pfb><C:/Program Files/MiKTeX 2.9/fonts/type1/public/amsfonts/cm/cmr17.pfb><C:/
Program Files/MiKTeX 2.9/fonts/type1/public/amsfonts/cm/cmr6.pfb><C:/Program Fi
les/MiKTeX 2.9/fonts/type1/public/amsfonts/cm/cmr8.pfb><C:/Program Files/MiKTeX
 2.9/fonts/type1/public/amsfonts/cm/cmsy10.pfb><C:/Program Files/MiKTeX 2.9/fon
ts/type1/public/amsfonts/cm/cmsy6.pfb><C:/Program Files/MiKTeX 2.9/fonts/type1/
public/amsfonts/cm/cmsy8.pfb><C:/Program Files/MiKTeX 2.9/fonts/type1/public/am
sfonts/cm/cmti12.pfb><C:/Program Files/MiKTeX 2.9/fonts/type1/public/amsfonts/c
m/cmtt12.pfb>
Output written on Report.pdf (24 pages, 842703 bytes).
PDF statistics:
 185 PDF objects out of 1000 (max. 8388607)
 0 named destinations out of 1000 (max. 500000)
 211 words of extra memory for PDF output out of 10000 (max. 10000000)

